[ 2015-12-21T09:55:30+08:00 ] 192.168.111.72 /lookup/index.php/Home/Teacher/getsHot
INFO: [ app_init ] --START--
INFO: Run Behavior\BuildLiteBehavior [ RunTime:0.000014s ]
INFO: [ app_init ] --END-- [ RunTime:0.000630s ]
INFO: [ app_begin ] --START--
INFO: Run Behavior\ReadHtmlCacheBehavior [ RunTime:0.000677s ]
INFO: [ app_begin ] --END-- [ RunTime:0.000723s ]
NOTIC: [2048] Declaration of Home\Controller\TeacherController::get() should be compatible with Think\Controller::get($name = '') /Applications/XAMPP/xamppfiles/htdocs/lookup/Application/Home/Controller/TeacherController.class.php 第 307 行.
SQL: select t.id,t.good,t.bad,t.name,t.pic,t.school_name,t.description,t.academy,t.major,
    					count(c.examiner) as comment_num
    				    from examiner as t left join comment as c on c.examiner=t.id 
    				    group by t.id order by count(c.examiner) [ RunTime:0.0012s ]
SQL: select t.id, t.good,t.bad,t.name,t.pic,t.school_name,t.description,t.academy,t.major,
    					count(c.examiner) as comment_num
    				    from examiner as t left join comment as c on c.examiner=t.id 
    				    group by t.id order by count(c.examiner) desc limit 0,10 [ RunTime:0.0005s ]

[ 2015-12-21T09:55:57+08:00 ] 192.168.111.72 /lookup/index.php/Home/Teacher/getsHot
INFO: [ app_init ] --START--
INFO: Run Behavior\BuildLiteBehavior [ RunTime:0.000011s ]
INFO: [ app_init ] --END-- [ RunTime:0.000253s ]
INFO: [ app_begin ] --START--
INFO: Run Behavior\ReadHtmlCacheBehavior [ RunTime:0.000272s ]
INFO: [ app_begin ] --END-- [ RunTime:0.000338s ]
NOTIC: [2048] Declaration of Home\Controller\TeacherController::get() should be compatible with Think\Controller::get($name = '') /Applications/XAMPP/xamppfiles/htdocs/lookup/Application/Home/Controller/TeacherController.class.php 第 307 行.
SQL: select t.id,t.good,t.bad,t.name,t.pic,t.school_name,t.description,t.academy,t.major,
    					count(c.examiner) as comment_num
    				    from examiner as t left join comment as c on c.examiner=t.id 
    				    group by t.id order by count(c.examiner) [ RunTime:0.0005s ]
SQL: select t.id, t.good,t.bad,t.name,t.pic,t.school_name,t.description,t.academy,t.major,
    					count(c.examiner) as comment_num
    				    from examiner as t left join comment as c on c.examiner=t.id 
    				    group by t.id order by count(c.examiner) desc limit 0,10 [ RunTime:0.0008s ]

[ 2015-12-21T09:56:03+08:00 ] 192.168.111.72 /lookup/index.php/Home/Teacher/getsHot
INFO: [ app_init ] --START--
INFO: Run Behavior\BuildLiteBehavior [ RunTime:0.000013s ]
INFO: [ app_init ] --END-- [ RunTime:0.000204s ]
INFO: [ app_begin ] --START--
INFO: Run Behavior\ReadHtmlCacheBehavior [ RunTime:0.000248s ]
INFO: [ app_begin ] --END-- [ RunTime:0.000277s ]
NOTIC: [2048] Declaration of Home\Controller\TeacherController::get() should be compatible with Think\Controller::get($name = '') /Applications/XAMPP/xamppfiles/htdocs/lookup/Application/Home/Controller/TeacherController.class.php 第 307 行.
SQL: select t.id,t.good,t.bad,t.name,t.pic,t.school_name,t.description,t.academy,t.major,
    					count(c.examiner) as comment_num
    				    from examiner as t left join comment as c on c.examiner=t.id 
    				    group by t.id order by count(c.examiner) [ RunTime:0.0005s ]
SQL: select t.id, t.good,t.bad,t.name,t.pic,t.school_name,t.description,t.academy,t.major,
    					count(c.examiner) as comment_num
    				    from examiner as t left join comment as c on c.examiner=t.id 
    				    group by t.id order by count(c.examiner) desc limit 0,10 [ RunTime:0.0003s ]

[ 2015-12-21T09:58:24+08:00 ] 192.168.111.72 /lookup/index.php/Home/Teacher/getsHot
INFO: [ app_init ] --START--
INFO: Run Behavior\BuildLiteBehavior [ RunTime:0.000013s ]
INFO: [ app_init ] --END-- [ RunTime:0.000277s ]
INFO: [ app_begin ] --START--
INFO: Run Behavior\ReadHtmlCacheBehavior [ RunTime:0.000296s ]
INFO: [ app_begin ] --END-- [ RunTime:0.000329s ]
NOTIC: [2048] Declaration of Home\Controller\TeacherController::get() should be compatible with Think\Controller::get($name = '') /Applications/XAMPP/xamppfiles/htdocs/lookup/Application/Home/Controller/TeacherController.class.php 第 307 行.
SQL: select t.id,t.good,t.bad,t.name,t.pic,t.school_name,t.description,t.academy,t.major,
    					count(c.examiner) as comment_num
    				    from examiner as t left join comment as c on c.examiner=t.id 
    				    group by t.id order by count(c.examiner) [ RunTime:0.0005s ]
SQL: select t.id, t.good,t.bad,t.name,t.pic,t.school_name,t.description,t.academy,t.major,
    					count(c.examiner) as comment_num
    				    from examiner as t left join comment as c on c.examiner=t.id 
    				    group by t.id order by count(c.examiner) desc limit 0,10 [ RunTime:0.0003s ]

[ 2015-12-21T10:00:09+08:00 ] 192.168.111.72 /lookup/index.php/Home/Teacher/getsHot
INFO: [ app_init ] --START--
INFO: Run Behavior\BuildLiteBehavior [ RunTime:0.000013s ]
INFO: [ app_init ] --END-- [ RunTime:0.000319s ]
INFO: [ app_begin ] --START--
INFO: Run Behavior\ReadHtmlCacheBehavior [ RunTime:0.000353s ]
INFO: [ app_begin ] --END-- [ RunTime:0.000390s ]
NOTIC: [2048] Declaration of Home\Controller\TeacherController::get() should be compatible with Think\Controller::get($name = '') /Applications/XAMPP/xamppfiles/htdocs/lookup/Application/Home/Controller/TeacherController.class.php 第 307 行.
SQL: select t.id,t.good,t.bad,t.name,t.pic,t.school_name,t.description,t.academy,t.major,
    					count(c.examiner) as comment_num
    				    from examiner as t left join comment as c on c.examiner=t.id 
    				    group by t.id order by count(c.examiner) [ RunTime:0.0007s ]
SQL: select t.id, t.good,t.bad,t.name,t.pic,t.school_name,t.description,t.academy,t.major,
    					count(c.examiner) as comment_num
    				    from examiner as t left join comment as c on c.examiner=t.id 
    				    group by t.id order by count(c.examiner) desc limit 0,10 [ RunTime:0.0004s ]

[ 2015-12-21T10:00:37+08:00 ] 192.168.111.72 /lookup/index.php/Home/Teacher/getsHot
INFO: [ app_init ] --START--
INFO: Run Behavior\BuildLiteBehavior [ RunTime:0.000009s ]
INFO: [ app_init ] --END-- [ RunTime:0.000218s ]
INFO: [ app_begin ] --START--
INFO: Run Behavior\ReadHtmlCacheBehavior [ RunTime:0.000417s ]
INFO: [ app_begin ] --END-- [ RunTime:0.000507s ]
NOTIC: [2048] Declaration of Home\Controller\TeacherController::get() should be compatible with Think\Controller::get($name = '') /Applications/XAMPP/xamppfiles/htdocs/lookup/Application/Home/Controller/TeacherController.class.php 第 307 行.
SQL: select t.id,t.good,t.bad,t.name,t.pic,t.school_name,t.description,t.academy,t.major,
    					count(c.examiner) as comment_num
    				    from examiner as t left join comment as c on c.examiner=t.id 
    				    group by t.id order by count(c.examiner) [ RunTime:0.0004s ]
SQL: select t.id, t.good,t.bad,t.name,t.pic,t.school_name,t.description,t.academy,t.major,
    					count(c.examiner) as comment_num
    				    from examiner as t left join comment as c on c.examiner=t.id 
    				    group by t.id order by count(c.examiner) desc limit 0,10 [ RunTime:0.0003s ]

[ 2015-12-21T10:00:43+08:00 ] 192.168.111.72 /lookup/index.php/Home/Teacher/getsHot
INFO: [ app_init ] --START--
INFO: Run Behavior\BuildLiteBehavior [ RunTime:0.000012s ]
INFO: [ app_init ] --END-- [ RunTime:0.000268s ]
INFO: [ app_begin ] --START--
INFO: Run Behavior\ReadHtmlCacheBehavior [ RunTime:0.000279s ]
INFO: [ app_begin ] --END-- [ RunTime:0.000310s ]
NOTIC: [2048] Declaration of Home\Controller\TeacherController::get() should be compatible with Think\Controller::get($name = '') /Applications/XAMPP/xamppfiles/htdocs/lookup/Application/Home/Controller/TeacherController.class.php 第 307 行.
SQL: select t.id,t.good,t.bad,t.name,t.pic,t.school_name,t.description,t.academy,t.major,
    					count(c.examiner) as comment_num
    				    from examiner as t left join comment as c on c.examiner=t.id 
    				    group by t.id order by count(c.examiner) [ RunTime:0.0005s ]
SQL: select t.id, t.good,t.bad,t.name,t.pic,t.school_name,t.description,t.academy,t.major,
    					count(c.examiner) as comment_num
    				    from examiner as t left join comment as c on c.examiner=t.id 
    				    group by t.id order by count(c.examiner) desc limit 0,10 [ RunTime:0.0003s ]

[ 2015-12-21T10:00:44+08:00 ] 192.168.111.72 /lookup/index.php/Home/Teacher/getsHot
INFO: [ app_init ] --START--
INFO: Run Behavior\BuildLiteBehavior [ RunTime:0.000009s ]
INFO: [ app_init ] --END-- [ RunTime:0.000210s ]
INFO: [ app_begin ] --START--
INFO: Run Behavior\ReadHtmlCacheBehavior [ RunTime:0.000260s ]
INFO: [ app_begin ] --END-- [ RunTime:0.000292s ]
NOTIC: [2048] Declaration of Home\Controller\TeacherController::get() should be compatible with Think\Controller::get($name = '') /Applications/XAMPP/xamppfiles/htdocs/lookup/Application/Home/Controller/TeacherController.class.php 第 307 行.
SQL: select t.id,t.good,t.bad,t.name,t.pic,t.school_name,t.description,t.academy,t.major,
    					count(c.examiner) as comment_num
    				    from examiner as t left join comment as c on c.examiner=t.id 
    				    group by t.id order by count(c.examiner) [ RunTime:0.0004s ]
SQL: select t.id, t.good,t.bad,t.name,t.pic,t.school_name,t.description,t.academy,t.major,
    					count(c.examiner) as comment_num
    				    from examiner as t left join comment as c on c.examiner=t.id 
    				    group by t.id order by count(c.examiner) desc limit 0,10 [ RunTime:0.0003s ]

[ 2015-12-21T10:00:45+08:00 ] 192.168.111.72 /lookup/index.php/Home/Teacher/getsHot
INFO: [ app_init ] --START--
INFO: Run Behavior\BuildLiteBehavior [ RunTime:0.000010s ]
INFO: [ app_init ] --END-- [ RunTime:0.000212s ]
INFO: [ app_begin ] --START--
INFO: Run Behavior\ReadHtmlCacheBehavior [ RunTime:0.000263s ]
INFO: [ app_begin ] --END-- [ RunTime:0.000293s ]
NOTIC: [2048] Declaration of Home\Controller\TeacherController::get() should be compatible with Think\Controller::get($name = '') /Applications/XAMPP/xamppfiles/htdocs/lookup/Application/Home/Controller/TeacherController.class.php 第 307 行.
SQL: select t.id,t.good,t.bad,t.name,t.pic,t.school_name,t.description,t.academy,t.major,
    					count(c.examiner) as comment_num
    				    from examiner as t left join comment as c on c.examiner=t.id 
    				    group by t.id order by count(c.examiner) [ RunTime:0.0005s ]
SQL: select t.id, t.good,t.bad,t.name,t.pic,t.school_name,t.description,t.academy,t.major,
    					count(c.examiner) as comment_num
    				    from examiner as t left join comment as c on c.examiner=t.id 
    				    group by t.id order by count(c.examiner) desc limit 0,10 [ RunTime:0.0003s ]

[ 2015-12-21T10:00:56+08:00 ] 192.168.111.72 /lookup/index.php/Home/Teacher/getsHot
INFO: [ app_init ] --START--
INFO: Run Behavior\BuildLiteBehavior [ RunTime:0.000013s ]
INFO: [ app_init ] --END-- [ RunTime:0.000319s ]
INFO: [ app_begin ] --START--
INFO: Run Behavior\ReadHtmlCacheBehavior [ RunTime:0.000342s ]
INFO: [ app_begin ] --END-- [ RunTime:0.000377s ]
NOTIC: [2048] Declaration of Home\Controller\TeacherController::get() should be compatible with Think\Controller::get($name = '') /Applications/XAMPP/xamppfiles/htdocs/lookup/Application/Home/Controller/TeacherController.class.php 第 307 行.
SQL: select t.id,t.good,t.bad,t.name,t.pic,t.school_name,t.description,t.academy,t.major,
    					count(c.examiner) as comment_num
    				    from examiner as t left join comment as c on c.examiner=t.id 
    				    group by t.id order by count(c.examiner) [ RunTime:0.0005s ]
SQL: select t.id, t.good,t.bad,t.name,t.pic,t.school_name,t.description,t.academy,t.major,
    					count(c.examiner) as comment_num
    				    from examiner as t left join comment as c on c.examiner=t.id 
    				    group by t.id order by count(c.examiner) desc limit 0,10 [ RunTime:0.0004s ]

[ 2015-12-21T10:00:57+08:00 ] 192.168.111.72 /lookup/index.php/Home/Teacher/getsHot
INFO: [ app_init ] --START--
INFO: Run Behavior\BuildLiteBehavior [ RunTime:0.000009s ]
INFO: [ app_init ] --END-- [ RunTime:0.000210s ]
INFO: [ app_begin ] --START--
INFO: Run Behavior\ReadHtmlCacheBehavior [ RunTime:0.000263s ]
INFO: [ app_begin ] --END-- [ RunTime:0.000294s ]
NOTIC: [2048] Declaration of Home\Controller\TeacherController::get() should be compatible with Think\Controller::get($name = '') /Applications/XAMPP/xamppfiles/htdocs/lookup/Application/Home/Controller/TeacherController.class.php 第 307 行.
SQL: select t.id,t.good,t.bad,t.name,t.pic,t.school_name,t.description,t.academy,t.major,
    					count(c.examiner) as comment_num
    				    from examiner as t left join comment as c on c.examiner=t.id 
    				    group by t.id order by count(c.examiner) [ RunTime:0.0004s ]
SQL: select t.id, t.good,t.bad,t.name,t.pic,t.school_name,t.description,t.academy,t.major,
    					count(c.examiner) as comment_num
    				    from examiner as t left join comment as c on c.examiner=t.id 
    				    group by t.id order by count(c.examiner) desc limit 0,10 [ RunTime:0.0003s ]

[ 2015-12-21T10:01:13+08:00 ] 192.168.111.72 /lookup/index.php/Home/Teacher/getsHot
INFO: [ app_init ] --START--
INFO: Run Behavior\BuildLiteBehavior [ RunTime:0.000011s ]
INFO: [ app_init ] --END-- [ RunTime:0.000227s ]
INFO: [ app_begin ] --START--
INFO: Run Behavior\ReadHtmlCacheBehavior [ RunTime:0.000274s ]
INFO: [ app_begin ] --END-- [ RunTime:0.000311s ]
NOTIC: [2048] Declaration of Home\Controller\TeacherController::get() should be compatible with Think\Controller::get($name = '') /Applications/XAMPP/xamppfiles/htdocs/lookup/Application/Home/Controller/TeacherController.class.php 第 307 行.
SQL: select t.id,t.good,t.bad,t.name,t.pic,t.school_name,t.description,t.academy,t.major,
    					count(c.examiner) as comment_num
    				    from examiner as t left join comment as c on c.examiner=t.id 
    				    group by t.id order by count(c.examiner) [ RunTime:0.0004s ]
SQL: select t.id, t.good,t.bad,t.name,t.pic,t.school_name,t.description,t.academy,t.major,
    					count(c.examiner) as comment_num
    				    from examiner as t left join comment as c on c.examiner=t.id 
    				    group by t.id order by count(c.examiner) desc limit 0,10 [ RunTime:0.0003s ]

[ 2015-12-21T10:01:15+08:00 ] 192.168.111.72 /lookup/index.php/Home/Teacher/getsHot
INFO: [ app_init ] --START--
INFO: Run Behavior\BuildLiteBehavior [ RunTime:0.000011s ]
INFO: [ app_init ] --END-- [ RunTime:0.000230s ]
INFO: [ app_begin ] --START--
INFO: Run Behavior\ReadHtmlCacheBehavior [ RunTime:0.000287s ]
INFO: [ app_begin ] --END-- [ RunTime:0.000328s ]
NOTIC: [2048] Declaration of Home\Controller\TeacherController::get() should be compatible with Think\Controller::get($name = '') /Applications/XAMPP/xamppfiles/htdocs/lookup/Application/Home/Controller/TeacherController.class.php 第 307 行.
SQL: select t.id,t.good,t.bad,t.name,t.pic,t.school_name,t.description,t.academy,t.major,
    					count(c.examiner) as comment_num
    				    from examiner as t left join comment as c on c.examiner=t.id 
    				    group by t.id order by count(c.examiner) [ RunTime:0.0005s ]
SQL: select t.id, t.good,t.bad,t.name,t.pic,t.school_name,t.description,t.academy,t.major,
    					count(c.examiner) as comment_num
    				    from examiner as t left join comment as c on c.examiner=t.id 
    				    group by t.id order by count(c.examiner) desc limit 0,10 [ RunTime:0.0004s ]

[ 2015-12-21T10:01:28+08:00 ] 192.168.111.72 /lookup/index.php/Home/Teacher/getsHot
INFO: [ app_init ] --START--
INFO: Run Behavior\BuildLiteBehavior [ RunTime:0.000014s ]
INFO: [ app_init ] --END-- [ RunTime:0.000310s ]
INFO: [ app_begin ] --START--
INFO: Run Behavior\ReadHtmlCacheBehavior [ RunTime:0.000394s ]
INFO: [ app_begin ] --END-- [ RunTime:0.000439s ]
NOTIC: [2048] Declaration of Home\Controller\TeacherController::get() should be compatible with Think\Controller::get($name = '') /Applications/XAMPP/xamppfiles/htdocs/lookup/Application/Home/Controller/TeacherController.class.php 第 307 行.
SQL: select t.id,t.good,t.bad,t.name,t.pic,t.school_name,t.description,t.academy,t.major,
    					count(c.examiner) as comment_num
    				    from examiner as t left join comment as c on c.examiner=t.id 
    				    group by t.id order by count(c.examiner) [ RunTime:0.0006s ]
SQL: select t.id, t.good,t.bad,t.name,t.pic,t.school_name,t.description,t.academy,t.major,
    					count(c.examiner) as comment_num
    				    from examiner as t left join comment as c on c.examiner=t.id 
    				    group by t.id order by count(c.examiner) desc limit 0,10 [ RunTime:0.0004s ]

[ 2015-12-21T10:01:29+08:00 ] 192.168.111.72 /lookup/index.php/Home/Teacher/getsHot
INFO: [ app_init ] --START--
INFO: Run Behavior\BuildLiteBehavior [ RunTime:0.000010s ]
INFO: [ app_init ] --END-- [ RunTime:0.000212s ]
INFO: [ app_begin ] --START--
INFO: Run Behavior\ReadHtmlCacheBehavior [ RunTime:0.000241s ]
INFO: [ app_begin ] --END-- [ RunTime:0.000272s ]
NOTIC: [2048] Declaration of Home\Controller\TeacherController::get() should be compatible with Think\Controller::get($name = '') /Applications/XAMPP/xamppfiles/htdocs/lookup/Application/Home/Controller/TeacherController.class.php 第 307 行.
SQL: select t.id,t.good,t.bad,t.name,t.pic,t.school_name,t.description,t.academy,t.major,
    					count(c.examiner) as comment_num
    				    from examiner as t left join comment as c on c.examiner=t.id 
    				    group by t.id order by count(c.examiner) [ RunTime:0.0007s ]
SQL: select t.id, t.good,t.bad,t.name,t.pic,t.school_name,t.description,t.academy,t.major,
    					count(c.examiner) as comment_num
    				    from examiner as t left join comment as c on c.examiner=t.id 
    				    group by t.id order by count(c.examiner) desc limit 0,10 [ RunTime:0.0006s ]

[ 2015-12-21T10:01:44+08:00 ] 192.168.111.72 /lookup/index.php/Home/Teacher/getsHot
INFO: [ app_init ] --START--
INFO: Run Behavior\BuildLiteBehavior [ RunTime:0.000012s ]
INFO: [ app_init ] --END-- [ RunTime:0.000241s ]
INFO: [ app_begin ] --START--
INFO: Run Behavior\ReadHtmlCacheBehavior [ RunTime:0.000273s ]
INFO: [ app_begin ] --END-- [ RunTime:0.000305s ]
NOTIC: [2048] Declaration of Home\Controller\TeacherController::get() should be compatible with Think\Controller::get($name = '') /Applications/XAMPP/xamppfiles/htdocs/lookup/Application/Home/Controller/TeacherController.class.php 第 307 行.
SQL: select t.id,t.good,t.bad,t.name,t.pic,t.school_name,t.description,t.academy,t.major,
    					count(c.examiner) as comment_num
    				    from examiner as t left join comment as c on c.examiner=t.id 
    				    group by t.id order by count(c.examiner) [ RunTime:0.0004s ]
SQL: select t.id, t.good,t.bad,t.name,t.pic,t.school_name,t.description,t.academy,t.major,
    					count(c.examiner) as comment_num
    				    from examiner as t left join comment as c on c.examiner=t.id 
    				    group by t.id order by count(c.examiner) desc limit 0,10 [ RunTime:0.0003s ]

[ 2015-12-21T10:01:46+08:00 ] 192.168.111.72 /lookup/index.php/Home/Teacher/getsHot
INFO: [ app_init ] --START--
INFO: Run Behavior\BuildLiteBehavior [ RunTime:0.000009s ]
INFO: [ app_init ] --END-- [ RunTime:0.000209s ]
INFO: [ app_begin ] --START--
INFO: Run Behavior\ReadHtmlCacheBehavior [ RunTime:0.000259s ]
INFO: [ app_begin ] --END-- [ RunTime:0.000290s ]
NOTIC: [2048] Declaration of Home\Controller\TeacherController::get() should be compatible with Think\Controller::get($name = '') /Applications/XAMPP/xamppfiles/htdocs/lookup/Application/Home/Controller/TeacherController.class.php 第 307 行.
SQL: select t.id,t.good,t.bad,t.name,t.pic,t.school_name,t.description,t.academy,t.major,
    					count(c.examiner) as comment_num
    				    from examiner as t left join comment as c on c.examiner=t.id 
    				    group by t.id order by count(c.examiner) [ RunTime:0.0004s ]
SQL: select t.id, t.good,t.bad,t.name,t.pic,t.school_name,t.description,t.academy,t.major,
    					count(c.examiner) as comment_num
    				    from examiner as t left join comment as c on c.examiner=t.id 
    				    group by t.id order by count(c.examiner) desc limit 0,10 [ RunTime:0.0003s ]

[ 2015-12-21T10:01:46+08:00 ] 192.168.111.72 /lookup/index.php/Home/Teacher/getsHot
INFO: [ app_init ] --START--
INFO: Run Behavior\BuildLiteBehavior [ RunTime:0.000009s ]
INFO: [ app_init ] --END-- [ RunTime:0.000199s ]
INFO: [ app_begin ] --START--
INFO: Run Behavior\ReadHtmlCacheBehavior [ RunTime:0.000244s ]
INFO: [ app_begin ] --END-- [ RunTime:0.000273s ]
NOTIC: [2048] Declaration of Home\Controller\TeacherController::get() should be compatible with Think\Controller::get($name = '') /Applications/XAMPP/xamppfiles/htdocs/lookup/Application/Home/Controller/TeacherController.class.php 第 307 行.
SQL: select t.id,t.good,t.bad,t.name,t.pic,t.school_name,t.description,t.academy,t.major,
    					count(c.examiner) as comment_num
    				    from examiner as t left join comment as c on c.examiner=t.id 
    				    group by t.id order by count(c.examiner) [ RunTime:0.0004s ]
SQL: select t.id, t.good,t.bad,t.name,t.pic,t.school_name,t.description,t.academy,t.major,
    					count(c.examiner) as comment_num
    				    from examiner as t left join comment as c on c.examiner=t.id 
    				    group by t.id order by count(c.examiner) desc limit 0,10 [ RunTime:0.0003s ]

[ 2015-12-21T10:01:56+08:00 ] 192.168.111.72 /lookup/index.php/Home/Teacher/getsHot
INFO: [ app_init ] --START--
INFO: Run Behavior\BuildLiteBehavior [ RunTime:0.000008s ]
INFO: [ app_init ] --END-- [ RunTime:0.000216s ]
INFO: [ app_begin ] --START--
INFO: Run Behavior\ReadHtmlCacheBehavior [ RunTime:0.000265s ]
INFO: [ app_begin ] --END-- [ RunTime:0.000298s ]
NOTIC: [2048] Declaration of Home\Controller\TeacherController::get() should be compatible with Think\Controller::get($name = '') /Applications/XAMPP/xamppfiles/htdocs/lookup/Application/Home/Controller/TeacherController.class.php 第 307 行.
SQL: select t.id,t.good,t.bad,t.name,t.pic,t.school_name,t.description,t.academy,t.major,
    					count(c.examiner) as comment_num
    				    from examiner as t left join comment as c on c.examiner=t.id 
    				    group by t.id order by count(c.examiner) [ RunTime:0.0005s ]
SQL: select t.id, t.good,t.bad,t.name,t.pic,t.school_name,t.description,t.academy,t.major,
    					count(c.examiner) as comment_num
    				    from examiner as t left join comment as c on c.examiner=t.id 
    				    group by t.id order by count(c.examiner) desc limit 0,10 [ RunTime:0.0003s ]

[ 2015-12-21T10:01:57+08:00 ] 192.168.111.72 /lookup/index.php/Home/Teacher/getsHot
INFO: [ app_init ] --START--
INFO: Run Behavior\BuildLiteBehavior [ RunTime:0.000009s ]
INFO: [ app_init ] --END-- [ RunTime:0.000217s ]
INFO: [ app_begin ] --START--
INFO: Run Behavior\ReadHtmlCacheBehavior [ RunTime:0.000264s ]
INFO: [ app_begin ] --END-- [ RunTime:0.000297s ]
NOTIC: [2048] Declaration of Home\Controller\TeacherController::get() should be compatible with Think\Controller::get($name = '') /Applications/XAMPP/xamppfiles/htdocs/lookup/Application/Home/Controller/TeacherController.class.php 第 307 行.
SQL: select t.id,t.good,t.bad,t.name,t.pic,t.school_name,t.description,t.academy,t.major,
    					count(c.examiner) as comment_num
    				    from examiner as t left join comment as c on c.examiner=t.id 
    				    group by t.id order by count(c.examiner) [ RunTime:0.0004s ]
SQL: select t.id, t.good,t.bad,t.name,t.pic,t.school_name,t.description,t.academy,t.major,
    					count(c.examiner) as comment_num
    				    from examiner as t left join comment as c on c.examiner=t.id 
    				    group by t.id order by count(c.examiner) desc limit 0,10 [ RunTime:0.0003s ]

[ 2015-12-21T10:01:57+08:00 ] 192.168.111.72 /lookup/index.php/Home/Teacher/getsHot
INFO: [ app_init ] --START--
INFO: Run Behavior\BuildLiteBehavior [ RunTime:0.000010s ]
INFO: [ app_init ] --END-- [ RunTime:0.000221s ]
INFO: [ app_begin ] --START--
INFO: Run Behavior\ReadHtmlCacheBehavior [ RunTime:0.000270s ]
INFO: [ app_begin ] --END-- [ RunTime:0.000301s ]
NOTIC: [2048] Declaration of Home\Controller\TeacherController::get() should be compatible with Think\Controller::get($name = '') /Applications/XAMPP/xamppfiles/htdocs/lookup/Application/Home/Controller/TeacherController.class.php 第 307 行.
SQL: select t.id,t.good,t.bad,t.name,t.pic,t.school_name,t.description,t.academy,t.major,
    					count(c.examiner) as comment_num
    				    from examiner as t left join comment as c on c.examiner=t.id 
    				    group by t.id order by count(c.examiner) [ RunTime:0.0004s ]
SQL: select t.id, t.good,t.bad,t.name,t.pic,t.school_name,t.description,t.academy,t.major,
    					count(c.examiner) as comment_num
    				    from examiner as t left join comment as c on c.examiner=t.id 
    				    group by t.id order by count(c.examiner) desc limit 0,10 [ RunTime:0.0003s ]

[ 2015-12-21T10:03:02+08:00 ] 192.168.111.72 /lookup/index.php/Home/Teacher/getsHot
INFO: [ app_init ] --START--
INFO: Run Behavior\BuildLiteBehavior [ RunTime:0.000013s ]
INFO: [ app_init ] --END-- [ RunTime:0.000286s ]
INFO: [ app_begin ] --START--
INFO: Run Behavior\ReadHtmlCacheBehavior [ RunTime:0.000293s ]
INFO: [ app_begin ] --END-- [ RunTime:0.000325s ]
NOTIC: [2048] Declaration of Home\Controller\TeacherController::get() should be compatible with Think\Controller::get($name = '') /Applications/XAMPP/xamppfiles/htdocs/lookup/Application/Home/Controller/TeacherController.class.php 第 307 行.
SQL: select t.id,t.good,t.bad,t.name,t.pic,t.school_name,t.description,t.academy,t.major,
    					count(c.examiner) as comment_num
    				    from examiner as t left join comment as c on c.examiner=t.id 
    				    group by t.id order by count(c.examiner) [ RunTime:0.0004s ]
SQL: select t.id, t.good,t.bad,t.name,t.pic,t.school_name,t.description,t.academy,t.major,
    					count(c.examiner) as comment_num
    				    from examiner as t left join comment as c on c.examiner=t.id 
    				    group by t.id order by count(c.examiner) desc limit 0,10 [ RunTime:0.0003s ]

[ 2015-12-21T10:03:04+08:00 ] 192.168.111.72 /lookup/index.php/Home/Teacher/getsHot
INFO: [ app_init ] --START--
INFO: Run Behavior\BuildLiteBehavior [ RunTime:0.000009s ]
INFO: [ app_init ] --END-- [ RunTime:0.000211s ]
INFO: [ app_begin ] --START--
INFO: Run Behavior\ReadHtmlCacheBehavior [ RunTime:0.000263s ]
INFO: [ app_begin ] --END-- [ RunTime:0.000293s ]
NOTIC: [2048] Declaration of Home\Controller\TeacherController::get() should be compatible with Think\Controller::get($name = '') /Applications/XAMPP/xamppfiles/htdocs/lookup/Application/Home/Controller/TeacherController.class.php 第 307 行.
SQL: select t.id,t.good,t.bad,t.name,t.pic,t.school_name,t.description,t.academy,t.major,
    					count(c.examiner) as comment_num
    				    from examiner as t left join comment as c on c.examiner=t.id 
    				    group by t.id order by count(c.examiner) [ RunTime:0.0004s ]
SQL: select t.id, t.good,t.bad,t.name,t.pic,t.school_name,t.description,t.academy,t.major,
    					count(c.examiner) as comment_num
    				    from examiner as t left join comment as c on c.examiner=t.id 
    				    group by t.id order by count(c.examiner) desc limit 0,10 [ RunTime:0.0004s ]

[ 2015-12-21T10:03:55+08:00 ] 192.168.111.72 /lookup/index.php/Home/Teacher/getsHot
INFO: [ app_init ] --START--
INFO: Run Behavior\BuildLiteBehavior [ RunTime:0.000009s ]
INFO: [ app_init ] --END-- [ RunTime:0.000217s ]
INFO: [ app_begin ] --START--
INFO: Run Behavior\ReadHtmlCacheBehavior [ RunTime:0.000271s ]
INFO: [ app_begin ] --END-- [ RunTime:0.000302s ]
NOTIC: [2048] Declaration of Home\Controller\TeacherController::get() should be compatible with Think\Controller::get($name = '') /Applications/XAMPP/xamppfiles/htdocs/lookup/Application/Home/Controller/TeacherController.class.php 第 307 行.
SQL: select t.id,t.good,t.bad,t.name,t.pic,t.school_name,t.description,t.academy,t.major,
    					count(c.examiner) as comment_num
    				    from examiner as t left join comment as c on c.examiner=t.id 
    				    group by t.id order by count(c.examiner) [ RunTime:0.0004s ]
SQL: select t.id, t.good,t.bad,t.name,t.pic,t.school_name,t.description,t.academy,t.major,
    					count(c.examiner) as comment_num
    				    from examiner as t left join comment as c on c.examiner=t.id 
    				    group by t.id order by count(c.examiner) desc limit 0,10 [ RunTime:0.0003s ]

[ 2015-12-21T10:04:06+08:00 ] 192.168.111.72 /lookup/index.php/Home/Teacher/getsHot
INFO: [ app_init ] --START--
INFO: Run Behavior\BuildLiteBehavior [ RunTime:0.000009s ]
INFO: [ app_init ] --END-- [ RunTime:0.000212s ]
INFO: [ app_begin ] --START--
INFO: Run Behavior\ReadHtmlCacheBehavior [ RunTime:0.000265s ]
INFO: [ app_begin ] --END-- [ RunTime:0.000297s ]
NOTIC: [2048] Declaration of Home\Controller\TeacherController::get() should be compatible with Think\Controller::get($name = '') /Applications/XAMPP/xamppfiles/htdocs/lookup/Application/Home/Controller/TeacherController.class.php 第 307 行.
SQL: select t.id,t.good,t.bad,t.name,t.pic,t.school_name,t.description,t.academy,t.major,
    					count(c.examiner) as comment_num
    				    from examiner as t left join comment as c on c.examiner=t.id 
    				    group by t.id order by count(c.examiner) [ RunTime:0.0006s ]
SQL: select t.id, t.good,t.bad,t.name,t.pic,t.school_name,t.description,t.academy,t.major,
    					count(c.examiner) as comment_num
    				    from examiner as t left join comment as c on c.examiner=t.id 
    				    group by t.id order by count(c.examiner) desc limit 0,10 [ RunTime:0.0009s ]

[ 2015-12-21T10:04:23+08:00 ] 192.168.111.72 /lookup/index.php/Home/Teacher/getsHot
INFO: [ app_init ] --START--
INFO: Run Behavior\BuildLiteBehavior [ RunTime:0.000009s ]
INFO: [ app_init ] --END-- [ RunTime:0.000214s ]
INFO: [ app_begin ] --START--
INFO: Run Behavior\ReadHtmlCacheBehavior [ RunTime:0.000283s ]
INFO: [ app_begin ] --END-- [ RunTime:0.000315s ]
NOTIC: [2048] Declaration of Home\Controller\TeacherController::get() should be compatible with Think\Controller::get($name = '') /Applications/XAMPP/xamppfiles/htdocs/lookup/Application/Home/Controller/TeacherController.class.php 第 307 行.
SQL: select t.id,t.good,t.bad,t.name,t.pic,t.school_name,t.description,t.academy,t.major,
    					count(c.examiner) as comment_num
    				    from examiner as t left join comment as c on c.examiner=t.id 
    				    group by t.id order by count(c.examiner) [ RunTime:0.0004s ]
SQL: select t.id, t.good,t.bad,t.name,t.pic,t.school_name,t.description,t.academy,t.major,
    					count(c.examiner) as comment_num
    				    from examiner as t left join comment as c on c.examiner=t.id 
    				    group by t.id order by count(c.examiner) desc limit 0,10 [ RunTime:0.0003s ]

[ 2015-12-21T10:04:25+08:00 ] 192.168.111.72 /lookup/index.php/Home/Teacher/getsHot
INFO: [ app_init ] --START--
INFO: Run Behavior\BuildLiteBehavior [ RunTime:0.000009s ]
INFO: [ app_init ] --END-- [ RunTime:0.000210s ]
INFO: [ app_begin ] --START--
INFO: Run Behavior\ReadHtmlCacheBehavior [ RunTime:0.000261s ]
INFO: [ app_begin ] --END-- [ RunTime:0.000292s ]
NOTIC: [2048] Declaration of Home\Controller\TeacherController::get() should be compatible with Think\Controller::get($name = '') /Applications/XAMPP/xamppfiles/htdocs/lookup/Application/Home/Controller/TeacherController.class.php 第 307 行.
SQL: select t.id,t.good,t.bad,t.name,t.pic,t.school_name,t.description,t.academy,t.major,
    					count(c.examiner) as comment_num
    				    from examiner as t left join comment as c on c.examiner=t.id 
    				    group by t.id order by count(c.examiner) [ RunTime:0.0004s ]
SQL: select t.id, t.good,t.bad,t.name,t.pic,t.school_name,t.description,t.academy,t.major,
    					count(c.examiner) as comment_num
    				    from examiner as t left join comment as c on c.examiner=t.id 
    				    group by t.id order by count(c.examiner) desc limit 0,10 [ RunTime:0.0003s ]

[ 2015-12-21T10:05:09+08:00 ] 192.168.111.72 /lookup/index.php/Home/Teacher/getsHot
INFO: [ app_init ] --START--
INFO: Run Behavior\BuildLiteBehavior [ RunTime:0.000018s ]
INFO: [ app_init ] --END-- [ RunTime:0.000312s ]
INFO: [ app_begin ] --START--
INFO: Run Behavior\ReadHtmlCacheBehavior [ RunTime:0.000478s ]
INFO: [ app_begin ] --END-- [ RunTime:0.000519s ]
NOTIC: [2048] Declaration of Home\Controller\TeacherController::get() should be compatible with Think\Controller::get($name = '') /Applications/XAMPP/xamppfiles/htdocs/lookup/Application/Home/Controller/TeacherController.class.php 第 307 行.
SQL: select t.id,t.good,t.bad,t.name,t.pic,t.school_name,t.description,t.academy,t.major,
    					count(c.examiner) as comment_num
    				    from examiner as t left join comment as c on c.examiner=t.id 
    				    group by t.id order by count(c.examiner) [ RunTime:0.0004s ]
SQL: select t.id, t.good,t.bad,t.name,t.pic,t.school_name,t.description,t.academy,t.major,
    					count(c.examiner) as comment_num
    				    from examiner as t left join comment as c on c.examiner=t.id 
    				    group by t.id order by count(c.examiner) desc limit 0,10 [ RunTime:0.0003s ]

[ 2015-12-21T10:05:11+08:00 ] 192.168.111.72 /lookup/index.php/Home/Teacher/getsHot
INFO: [ app_init ] --START--
INFO: Run Behavior\BuildLiteBehavior [ RunTime:0.000010s ]
INFO: [ app_init ] --END-- [ RunTime:0.000218s ]
INFO: [ app_begin ] --START--
INFO: Run Behavior\ReadHtmlCacheBehavior [ RunTime:0.000265s ]
INFO: [ app_begin ] --END-- [ RunTime:0.000297s ]
NOTIC: [2048] Declaration of Home\Controller\TeacherController::get() should be compatible with Think\Controller::get($name = '') /Applications/XAMPP/xamppfiles/htdocs/lookup/Application/Home/Controller/TeacherController.class.php 第 307 行.
SQL: select t.id,t.good,t.bad,t.name,t.pic,t.school_name,t.description,t.academy,t.major,
    					count(c.examiner) as comment_num
    				    from examiner as t left join comment as c on c.examiner=t.id 
    				    group by t.id order by count(c.examiner) [ RunTime:0.0004s ]
SQL: select t.id, t.good,t.bad,t.name,t.pic,t.school_name,t.description,t.academy,t.major,
    					count(c.examiner) as comment_num
    				    from examiner as t left join comment as c on c.examiner=t.id 
    				    group by t.id order by count(c.examiner) desc limit 0,10 [ RunTime:0.0003s ]

[ 2015-12-21T10:05:43+08:00 ] 192.168.111.72 /lookup/index.php/Home/Teacher/getsHot
INFO: [ app_init ] --START--
INFO: Run Behavior\BuildLiteBehavior [ RunTime:0.000009s ]
INFO: [ app_init ] --END-- [ RunTime:0.000215s ]
INFO: [ app_begin ] --START--
INFO: Run Behavior\ReadHtmlCacheBehavior [ RunTime:0.000266s ]
INFO: [ app_begin ] --END-- [ RunTime:0.000298s ]
NOTIC: [2048] Declaration of Home\Controller\TeacherController::get() should be compatible with Think\Controller::get($name = '') /Applications/XAMPP/xamppfiles/htdocs/lookup/Application/Home/Controller/TeacherController.class.php 第 307 行.
SQL: select t.id,t.good,t.bad,t.name,t.pic,t.school_name,t.description,t.academy,t.major,
    					count(c.examiner) as comment_num
    				    from examiner as t left join comment as c on c.examiner=t.id 
    				    group by t.id order by count(c.examiner) [ RunTime:0.0004s ]
SQL: select t.id, t.good,t.bad,t.name,t.pic,t.school_name,t.description,t.academy,t.major,
    					count(c.examiner) as comment_num
    				    from examiner as t left join comment as c on c.examiner=t.id 
    				    group by t.id order by count(c.examiner) desc limit 0,10 [ RunTime:0.0003s ]

[ 2015-12-21T10:05:56+08:00 ] 192.168.111.72 /lookup/index.php/Home/Teacher/getsHot
INFO: [ app_init ] --START--
INFO: Run Behavior\BuildLiteBehavior [ RunTime:0.000009s ]
INFO: [ app_init ] --END-- [ RunTime:0.000211s ]
INFO: [ app_begin ] --START--
INFO: Run Behavior\ReadHtmlCacheBehavior [ RunTime:0.000262s ]
INFO: [ app_begin ] --END-- [ RunTime:0.000294s ]
NOTIC: [2048] Declaration of Home\Controller\TeacherController::get() should be compatible with Think\Controller::get($name = '') /Applications/XAMPP/xamppfiles/htdocs/lookup/Application/Home/Controller/TeacherController.class.php 第 307 行.
SQL: select t.id,t.good,t.bad,t.name,t.pic,t.school_name,t.description,t.academy,t.major,
    					count(c.examiner) as comment_num
    				    from examiner as t left join comment as c on c.examiner=t.id 
    				    group by t.id order by count(c.examiner) [ RunTime:0.0004s ]
SQL: select t.id, t.good,t.bad,t.name,t.pic,t.school_name,t.description,t.academy,t.major,
    					count(c.examiner) as comment_num
    				    from examiner as t left join comment as c on c.examiner=t.id 
    				    group by t.id order by count(c.examiner) desc limit 0,10 [ RunTime:0.0003s ]

[ 2015-12-21T10:07:02+08:00 ] 192.168.111.72 /lookup/index.php/Home/Teacher/getsHot
INFO: [ app_init ] --START--
INFO: Run Behavior\BuildLiteBehavior [ RunTime:0.000009s ]
INFO: [ app_init ] --END-- [ RunTime:0.000214s ]
INFO: [ app_begin ] --START--
INFO: Run Behavior\ReadHtmlCacheBehavior [ RunTime:0.000270s ]
INFO: [ app_begin ] --END-- [ RunTime:0.000301s ]
NOTIC: [2048] Declaration of Home\Controller\TeacherController::get() should be compatible with Think\Controller::get($name = '') /Applications/XAMPP/xamppfiles/htdocs/lookup/Application/Home/Controller/TeacherController.class.php 第 307 行.
SQL: select t.id,t.good,t.bad,t.name,t.pic,t.school_name,t.description,t.academy,t.major,
    					count(c.examiner) as comment_num
    				    from examiner as t left join comment as c on c.examiner=t.id 
    				    group by t.id order by count(c.examiner) [ RunTime:0.0004s ]
SQL: select t.id, t.good,t.bad,t.name,t.pic,t.school_name,t.description,t.academy,t.major,
    					count(c.examiner) as comment_num
    				    from examiner as t left join comment as c on c.examiner=t.id 
    				    group by t.id order by count(c.examiner) desc limit 0,10 [ RunTime:0.0003s ]

[ 2015-12-21T10:07:03+08:00 ] 192.168.111.72 /lookup/index.php/Home/Teacher/getsHot
INFO: [ app_init ] --START--
INFO: Run Behavior\BuildLiteBehavior [ RunTime:0.000010s ]
INFO: [ app_init ] --END-- [ RunTime:0.000223s ]
INFO: [ app_begin ] --START--
INFO: Run Behavior\ReadHtmlCacheBehavior [ RunTime:0.000384s ]
INFO: [ app_begin ] --END-- [ RunTime:0.000428s ]
NOTIC: [2048] Declaration of Home\Controller\TeacherController::get() should be compatible with Think\Controller::get($name = '') /Applications/XAMPP/xamppfiles/htdocs/lookup/Application/Home/Controller/TeacherController.class.php 第 307 行.
SQL: select t.id,t.good,t.bad,t.name,t.pic,t.school_name,t.description,t.academy,t.major,
    					count(c.examiner) as comment_num
    				    from examiner as t left join comment as c on c.examiner=t.id 
    				    group by t.id order by count(c.examiner) [ RunTime:0.0007s ]
SQL: select t.id, t.good,t.bad,t.name,t.pic,t.school_name,t.description,t.academy,t.major,
    					count(c.examiner) as comment_num
    				    from examiner as t left join comment as c on c.examiner=t.id 
    				    group by t.id order by count(c.examiner) desc limit 0,10 [ RunTime:0.0006s ]

[ 2015-12-21T10:07:57+08:00 ] 192.168.111.72 /lookup/index.php/Home/Teacher/getsHot
INFO: [ app_init ] --START--
INFO: Run Behavior\BuildLiteBehavior [ RunTime:0.000009s ]
INFO: [ app_init ] --END-- [ RunTime:0.000213s ]
INFO: [ app_begin ] --START--
INFO: Run Behavior\ReadHtmlCacheBehavior [ RunTime:0.000267s ]
INFO: [ app_begin ] --END-- [ RunTime:0.000298s ]
NOTIC: [2048] Declaration of Home\Controller\TeacherController::get() should be compatible with Think\Controller::get($name = '') /Applications/XAMPP/xamppfiles/htdocs/lookup/Application/Home/Controller/TeacherController.class.php 第 307 行.
SQL: select t.id,t.good,t.bad,t.name,t.pic,t.school_name,t.description,t.academy,t.major,
    					count(c.examiner) as comment_num
    				    from examiner as t left join comment as c on c.examiner=t.id 
    				    group by t.id order by count(c.examiner) [ RunTime:0.0005s ]
SQL: select t.id, t.good,t.bad,t.name,t.pic,t.school_name,t.description,t.academy,t.major,
    					count(c.examiner) as comment_num
    				    from examiner as t left join comment as c on c.examiner=t.id 
    				    group by t.id order by count(c.examiner) desc limit 0,10 [ RunTime:0.0003s ]

[ 2015-12-21T10:07:58+08:00 ] 192.168.111.72 /lookup/index.php/Home/Teacher/getsHot
INFO: [ app_init ] --START--
INFO: Run Behavior\BuildLiteBehavior [ RunTime:0.000010s ]
INFO: [ app_init ] --END-- [ RunTime:0.000212s ]
INFO: [ app_begin ] --START--
INFO: Run Behavior\ReadHtmlCacheBehavior [ RunTime:0.000262s ]
INFO: [ app_begin ] --END-- [ RunTime:0.000293s ]
NOTIC: [2048] Declaration of Home\Controller\TeacherController::get() should be compatible with Think\Controller::get($name = '') /Applications/XAMPP/xamppfiles/htdocs/lookup/Application/Home/Controller/TeacherController.class.php 第 307 行.
SQL: select t.id,t.good,t.bad,t.name,t.pic,t.school_name,t.description,t.academy,t.major,
    					count(c.examiner) as comment_num
    				    from examiner as t left join comment as c on c.examiner=t.id 
    				    group by t.id order by count(c.examiner) [ RunTime:0.0008s ]
SQL: select t.id, t.good,t.bad,t.name,t.pic,t.school_name,t.description,t.academy,t.major,
    					count(c.examiner) as comment_num
    				    from examiner as t left join comment as c on c.examiner=t.id 
    				    group by t.id order by count(c.examiner) desc limit 0,10 [ RunTime:0.0003s ]

[ 2015-12-21T10:07:59+08:00 ] 192.168.111.72 /lookup/index.php/Home/Teacher/getsHot
INFO: [ app_init ] --START--
INFO: Run Behavior\BuildLiteBehavior [ RunTime:0.000009s ]
INFO: [ app_init ] --END-- [ RunTime:0.000214s ]
INFO: [ app_begin ] --START--
INFO: Run Behavior\ReadHtmlCacheBehavior [ RunTime:0.000267s ]
INFO: [ app_begin ] --END-- [ RunTime:0.000298s ]
NOTIC: [2048] Declaration of Home\Controller\TeacherController::get() should be compatible with Think\Controller::get($name = '') /Applications/XAMPP/xamppfiles/htdocs/lookup/Application/Home/Controller/TeacherController.class.php 第 307 行.
SQL: select t.id,t.good,t.bad,t.name,t.pic,t.school_name,t.description,t.academy,t.major,
    					count(c.examiner) as comment_num
    				    from examiner as t left join comment as c on c.examiner=t.id 
    				    group by t.id order by count(c.examiner) [ RunTime:0.0004s ]
SQL: select t.id, t.good,t.bad,t.name,t.pic,t.school_name,t.description,t.academy,t.major,
    					count(c.examiner) as comment_num
    				    from examiner as t left join comment as c on c.examiner=t.id 
    				    group by t.id order by count(c.examiner) desc limit 0,10 [ RunTime:0.0003s ]

[ 2015-12-21T10:08:00+08:00 ] 192.168.111.72 /lookup/index.php/Home/Teacher/getsHot
INFO: [ app_init ] --START--
INFO: Run Behavior\BuildLiteBehavior [ RunTime:0.000009s ]
INFO: [ app_init ] --END-- [ RunTime:0.000210s ]
INFO: [ app_begin ] --START--
INFO: Run Behavior\ReadHtmlCacheBehavior [ RunTime:0.000262s ]
INFO: [ app_begin ] --END-- [ RunTime:0.000293s ]
NOTIC: [2048] Declaration of Home\Controller\TeacherController::get() should be compatible with Think\Controller::get($name = '') /Applications/XAMPP/xamppfiles/htdocs/lookup/Application/Home/Controller/TeacherController.class.php 第 307 行.
SQL: select t.id,t.good,t.bad,t.name,t.pic,t.school_name,t.description,t.academy,t.major,
    					count(c.examiner) as comment_num
    				    from examiner as t left join comment as c on c.examiner=t.id 
    				    group by t.id order by count(c.examiner) [ RunTime:0.0004s ]
SQL: select t.id, t.good,t.bad,t.name,t.pic,t.school_name,t.description,t.academy,t.major,
    					count(c.examiner) as comment_num
    				    from examiner as t left join comment as c on c.examiner=t.id 
    				    group by t.id order by count(c.examiner) desc limit 0,10 [ RunTime:0.0003s ]

[ 2015-12-21T10:08:03+08:00 ] 192.168.111.72 /lookup/index.php/Home/Teacher/getsHot
INFO: [ app_init ] --START--
INFO: Run Behavior\BuildLiteBehavior [ RunTime:0.000009s ]
INFO: [ app_init ] --END-- [ RunTime:0.000211s ]
INFO: [ app_begin ] --START--
INFO: Run Behavior\ReadHtmlCacheBehavior [ RunTime:0.000261s ]
INFO: [ app_begin ] --END-- [ RunTime:0.000291s ]
NOTIC: [2048] Declaration of Home\Controller\TeacherController::get() should be compatible with Think\Controller::get($name = '') /Applications/XAMPP/xamppfiles/htdocs/lookup/Application/Home/Controller/TeacherController.class.php 第 307 行.
SQL: select t.id,t.good,t.bad,t.name,t.pic,t.school_name,t.description,t.academy,t.major,
    					count(c.examiner) as comment_num
    				    from examiner as t left join comment as c on c.examiner=t.id 
    				    group by t.id order by count(c.examiner) [ RunTime:0.0004s ]
SQL: select t.id, t.good,t.bad,t.name,t.pic,t.school_name,t.description,t.academy,t.major,
    					count(c.examiner) as comment_num
    				    from examiner as t left join comment as c on c.examiner=t.id 
    				    group by t.id order by count(c.examiner) desc limit 0,10 [ RunTime:0.0003s ]

[ 2015-12-21T10:08:05+08:00 ] 192.168.111.72 /lookup/index.php/Home/Teacher/getsHot
INFO: [ app_init ] --START--
INFO: Run Behavior\BuildLiteBehavior [ RunTime:0.000009s ]
INFO: [ app_init ] --END-- [ RunTime:0.000208s ]
INFO: [ app_begin ] --START--
INFO: Run Behavior\ReadHtmlCacheBehavior [ RunTime:0.000263s ]
INFO: [ app_begin ] --END-- [ RunTime:0.000294s ]
NOTIC: [2048] Declaration of Home\Controller\TeacherController::get() should be compatible with Think\Controller::get($name = '') /Applications/XAMPP/xamppfiles/htdocs/lookup/Application/Home/Controller/TeacherController.class.php 第 307 行.
SQL: select t.id,t.good,t.bad,t.name,t.pic,t.school_name,t.description,t.academy,t.major,
    					count(c.examiner) as comment_num
    				    from examiner as t left join comment as c on c.examiner=t.id 
    				    group by t.id order by count(c.examiner) [ RunTime:0.0004s ]
SQL: select t.id, t.good,t.bad,t.name,t.pic,t.school_name,t.description,t.academy,t.major,
    					count(c.examiner) as comment_num
    				    from examiner as t left join comment as c on c.examiner=t.id 
    				    group by t.id order by count(c.examiner) desc limit 0,10 [ RunTime:0.0003s ]

[ 2015-12-21T10:08:06+08:00 ] 192.168.111.72 /lookup/index.php/Home/Teacher/getsHot
INFO: [ app_init ] --START--
INFO: Run Behavior\BuildLiteBehavior [ RunTime:0.000009s ]
INFO: [ app_init ] --END-- [ RunTime:0.000214s ]
INFO: [ app_begin ] --START--
INFO: Run Behavior\ReadHtmlCacheBehavior [ RunTime:0.000266s ]
INFO: [ app_begin ] --END-- [ RunTime:0.000297s ]
NOTIC: [2048] Declaration of Home\Controller\TeacherController::get() should be compatible with Think\Controller::get($name = '') /Applications/XAMPP/xamppfiles/htdocs/lookup/Application/Home/Controller/TeacherController.class.php 第 307 行.
SQL: select t.id,t.good,t.bad,t.name,t.pic,t.school_name,t.description,t.academy,t.major,
    					count(c.examiner) as comment_num
    				    from examiner as t left join comment as c on c.examiner=t.id 
    				    group by t.id order by count(c.examiner) [ RunTime:0.0004s ]
SQL: select t.id, t.good,t.bad,t.name,t.pic,t.school_name,t.description,t.academy,t.major,
    					count(c.examiner) as comment_num
    				    from examiner as t left join comment as c on c.examiner=t.id 
    				    group by t.id order by count(c.examiner) desc limit 0,10 [ RunTime:0.0003s ]

[ 2015-12-21T10:08:16+08:00 ] 192.168.111.72 /lookup/index.php/Home/Teacher/getsHot
INFO: [ app_init ] --START--
INFO: Run Behavior\BuildLiteBehavior [ RunTime:0.000009s ]
INFO: [ app_init ] --END-- [ RunTime:0.000228s ]
INFO: [ app_begin ] --START--
INFO: Run Behavior\ReadHtmlCacheBehavior [ RunTime:0.000270s ]
INFO: [ app_begin ] --END-- [ RunTime:0.000305s ]
NOTIC: [2048] Declaration of Home\Controller\TeacherController::get() should be compatible with Think\Controller::get($name = '') /Applications/XAMPP/xamppfiles/htdocs/lookup/Application/Home/Controller/TeacherController.class.php 第 307 行.
SQL: select t.id,t.good,t.bad,t.name,t.pic,t.school_name,t.description,t.academy,t.major,
    					count(c.examiner) as comment_num
    				    from examiner as t left join comment as c on c.examiner=t.id 
    				    group by t.id order by count(c.examiner) [ RunTime:0.0004s ]
SQL: select t.id, t.good,t.bad,t.name,t.pic,t.school_name,t.description,t.academy,t.major,
    					count(c.examiner) as comment_num
    				    from examiner as t left join comment as c on c.examiner=t.id 
    				    group by t.id order by count(c.examiner) desc limit 0,10 [ RunTime:0.0003s ]

[ 2015-12-21T10:08:17+08:00 ] 192.168.111.72 /lookup/index.php/Home/Teacher/getsHot
INFO: [ app_init ] --START--
INFO: Run Behavior\BuildLiteBehavior [ RunTime:0.000009s ]
INFO: [ app_init ] --END-- [ RunTime:0.000210s ]
INFO: [ app_begin ] --START--
INFO: Run Behavior\ReadHtmlCacheBehavior [ RunTime:0.000261s ]
INFO: [ app_begin ] --END-- [ RunTime:0.000291s ]
NOTIC: [2048] Declaration of Home\Controller\TeacherController::get() should be compatible with Think\Controller::get($name = '') /Applications/XAMPP/xamppfiles/htdocs/lookup/Application/Home/Controller/TeacherController.class.php 第 307 行.
SQL: select t.id,t.good,t.bad,t.name,t.pic,t.school_name,t.description,t.academy,t.major,
    					count(c.examiner) as comment_num
    				    from examiner as t left join comment as c on c.examiner=t.id 
    				    group by t.id order by count(c.examiner) [ RunTime:0.0004s ]
SQL: select t.id, t.good,t.bad,t.name,t.pic,t.school_name,t.description,t.academy,t.major,
    					count(c.examiner) as comment_num
    				    from examiner as t left join comment as c on c.examiner=t.id 
    				    group by t.id order by count(c.examiner) desc limit 0,10 [ RunTime:0.0003s ]

[ 2015-12-21T10:08:17+08:00 ] 192.168.111.72 /lookup/index.php/Home/Teacher/getsHot
INFO: [ app_init ] --START--
INFO: Run Behavior\BuildLiteBehavior [ RunTime:0.000010s ]
INFO: [ app_init ] --END-- [ RunTime:0.000222s ]
INFO: [ app_begin ] --START--
INFO: Run Behavior\ReadHtmlCacheBehavior [ RunTime:0.000267s ]
INFO: [ app_begin ] --END-- [ RunTime:0.000299s ]
NOTIC: [2048] Declaration of Home\Controller\TeacherController::get() should be compatible with Think\Controller::get($name = '') /Applications/XAMPP/xamppfiles/htdocs/lookup/Application/Home/Controller/TeacherController.class.php 第 307 行.
SQL: select t.id,t.good,t.bad,t.name,t.pic,t.school_name,t.description,t.academy,t.major,
    					count(c.examiner) as comment_num
    				    from examiner as t left join comment as c on c.examiner=t.id 
    				    group by t.id order by count(c.examiner) [ RunTime:0.0005s ]
SQL: select t.id, t.good,t.bad,t.name,t.pic,t.school_name,t.description,t.academy,t.major,
    					count(c.examiner) as comment_num
    				    from examiner as t left join comment as c on c.examiner=t.id 
    				    group by t.id order by count(c.examiner) desc limit 0,10 [ RunTime:0.0003s ]

[ 2015-12-21T10:08:18+08:00 ] 192.168.111.72 /lookup/index.php/Home/Teacher/getsHot
INFO: [ app_init ] --START--
INFO: Run Behavior\BuildLiteBehavior [ RunTime:0.000009s ]
INFO: [ app_init ] --END-- [ RunTime:0.000208s ]
INFO: [ app_begin ] --START--
INFO: Run Behavior\ReadHtmlCacheBehavior [ RunTime:0.000261s ]
INFO: [ app_begin ] --END-- [ RunTime:0.000293s ]
NOTIC: [2048] Declaration of Home\Controller\TeacherController::get() should be compatible with Think\Controller::get($name = '') /Applications/XAMPP/xamppfiles/htdocs/lookup/Application/Home/Controller/TeacherController.class.php 第 307 行.
SQL: select t.id,t.good,t.bad,t.name,t.pic,t.school_name,t.description,t.academy,t.major,
    					count(c.examiner) as comment_num
    				    from examiner as t left join comment as c on c.examiner=t.id 
    				    group by t.id order by count(c.examiner) [ RunTime:0.0004s ]
SQL: select t.id, t.good,t.bad,t.name,t.pic,t.school_name,t.description,t.academy,t.major,
    					count(c.examiner) as comment_num
    				    from examiner as t left join comment as c on c.examiner=t.id 
    				    group by t.id order by count(c.examiner) desc limit 0,10 [ RunTime:0.0005s ]

[ 2015-12-21T10:08:21+08:00 ] 192.168.111.72 /lookup/index.php/Home/Teacher/getsHot
INFO: [ app_init ] --START--
INFO: Run Behavior\BuildLiteBehavior [ RunTime:0.000009s ]
INFO: [ app_init ] --END-- [ RunTime:0.000215s ]
INFO: [ app_begin ] --START--
INFO: Run Behavior\ReadHtmlCacheBehavior [ RunTime:0.000266s ]
INFO: [ app_begin ] --END-- [ RunTime:0.000297s ]
NOTIC: [2048] Declaration of Home\Controller\TeacherController::get() should be compatible with Think\Controller::get($name = '') /Applications/XAMPP/xamppfiles/htdocs/lookup/Application/Home/Controller/TeacherController.class.php 第 307 行.
SQL: select t.id,t.good,t.bad,t.name,t.pic,t.school_name,t.description,t.academy,t.major,
    					count(c.examiner) as comment_num
    				    from examiner as t left join comment as c on c.examiner=t.id 
    				    group by t.id order by count(c.examiner) [ RunTime:0.0004s ]
SQL: select t.id, t.good,t.bad,t.name,t.pic,t.school_name,t.description,t.academy,t.major,
    					count(c.examiner) as comment_num
    				    from examiner as t left join comment as c on c.examiner=t.id 
    				    group by t.id order by count(c.examiner) desc limit 0,10 [ RunTime:0.0003s ]

[ 2015-12-21T10:08:22+08:00 ] 192.168.111.72 /lookup/index.php/Home/Teacher/getsHot
INFO: [ app_init ] --START--
INFO: Run Behavior\BuildLiteBehavior [ RunTime:0.000009s ]
INFO: [ app_init ] --END-- [ RunTime:0.000209s ]
INFO: [ app_begin ] --START--
INFO: Run Behavior\ReadHtmlCacheBehavior [ RunTime:0.000261s ]
INFO: [ app_begin ] --END-- [ RunTime:0.000292s ]
NOTIC: [2048] Declaration of Home\Controller\TeacherController::get() should be compatible with Think\Controller::get($name = '') /Applications/XAMPP/xamppfiles/htdocs/lookup/Application/Home/Controller/TeacherController.class.php 第 307 行.
SQL: select t.id,t.good,t.bad,t.name,t.pic,t.school_name,t.description,t.academy,t.major,
    					count(c.examiner) as comment_num
    				    from examiner as t left join comment as c on c.examiner=t.id 
    				    group by t.id order by count(c.examiner) [ RunTime:0.0004s ]
SQL: select t.id, t.good,t.bad,t.name,t.pic,t.school_name,t.description,t.academy,t.major,
    					count(c.examiner) as comment_num
    				    from examiner as t left join comment as c on c.examiner=t.id 
    				    group by t.id order by count(c.examiner) desc limit 0,10 [ RunTime:0.0003s ]

[ 2015-12-21T10:08:54+08:00 ] 192.168.111.72 /lookup/index.php/Home/Teacher/getsHot
INFO: [ app_init ] --START--
INFO: Run Behavior\BuildLiteBehavior [ RunTime:0.000009s ]
INFO: [ app_init ] --END-- [ RunTime:0.000214s ]
INFO: [ app_begin ] --START--
INFO: Run Behavior\ReadHtmlCacheBehavior [ RunTime:0.000271s ]
INFO: [ app_begin ] --END-- [ RunTime:0.000303s ]
NOTIC: [2048] Declaration of Home\Controller\TeacherController::get() should be compatible with Think\Controller::get($name = '') /Applications/XAMPP/xamppfiles/htdocs/lookup/Application/Home/Controller/TeacherController.class.php 第 307 行.
SQL: select t.id,t.good,t.bad,t.name,t.pic,t.school_name,t.description,t.academy,t.major,
    					count(c.examiner) as comment_num
    				    from examiner as t left join comment as c on c.examiner=t.id 
    				    group by t.id order by count(c.examiner) [ RunTime:0.0005s ]
SQL: select t.id, t.good,t.bad,t.name,t.pic,t.school_name,t.description,t.academy,t.major,
    					count(c.examiner) as comment_num
    				    from examiner as t left join comment as c on c.examiner=t.id 
    				    group by t.id order by count(c.examiner) desc limit 0,10 [ RunTime:0.0004s ]

[ 2015-12-21T10:21:38+08:00 ] 192.168.111.72 /lookup/index.php/Home/Teacher/getsHot
INFO: [ app_init ] --START--
INFO: Run Behavior\BuildLiteBehavior [ RunTime:0.000009s ]
INFO: [ app_init ] --END-- [ RunTime:0.000220s ]
INFO: [ app_begin ] --START--
INFO: Run Behavior\ReadHtmlCacheBehavior [ RunTime:0.000270s ]
INFO: [ app_begin ] --END-- [ RunTime:0.000301s ]
NOTIC: [2048] Declaration of Home\Controller\TeacherController::get() should be compatible with Think\Controller::get($name = '') /Applications/XAMPP/xamppfiles/htdocs/lookup/Application/Home/Controller/TeacherController.class.php 第 307 行.
SQL: select t.id,t.good,t.bad,t.name,t.pic,t.school_name,t.description,t.academy,t.major,
    					count(c.examiner) as comment_num
    				    from examiner as t left join comment as c on c.examiner=t.id 
    				    group by t.id order by count(c.examiner) [ RunTime:0.0004s ]
SQL: select t.id, t.good,t.bad,t.name,t.pic,t.school_name,t.description,t.academy,t.major,
    					count(c.examiner) as comment_num
    				    from examiner as t left join comment as c on c.examiner=t.id 
    				    group by t.id order by count(c.examiner) desc limit 0,10 [ RunTime:0.0004s ]

[ 2015-12-21T10:21:59+08:00 ] 192.168.111.72 /lookup/index.php/Home/Teacher/getsHot
INFO: [ app_init ] --START--
INFO: Run Behavior\BuildLiteBehavior [ RunTime:0.000008s ]
INFO: [ app_init ] --END-- [ RunTime:0.000222s ]
INFO: [ app_begin ] --START--
INFO: Run Behavior\ReadHtmlCacheBehavior [ RunTime:0.000267s ]
INFO: [ app_begin ] --END-- [ RunTime:0.000298s ]
NOTIC: [2048] Declaration of Home\Controller\TeacherController::get() should be compatible with Think\Controller::get($name = '') /Applications/XAMPP/xamppfiles/htdocs/lookup/Application/Home/Controller/TeacherController.class.php 第 307 行.
SQL: select t.id,t.good,t.bad,t.name,t.pic,t.school_name,t.description,t.academy,t.major,
    					count(c.examiner) as comment_num
    				    from examiner as t left join comment as c on c.examiner=t.id 
    				    group by t.id order by count(c.examiner) [ RunTime:0.0004s ]
SQL: select t.id, t.good,t.bad,t.name,t.pic,t.school_name,t.description,t.academy,t.major,
    					count(c.examiner) as comment_num
    				    from examiner as t left join comment as c on c.examiner=t.id 
    				    group by t.id order by count(c.examiner) desc limit 0,10 [ RunTime:0.0003s ]

[ 2015-12-21T10:22:00+08:00 ] 192.168.111.72 /lookup/index.php/Home/Teacher/getsHot
INFO: [ app_init ] --START--
INFO: Run Behavior\BuildLiteBehavior [ RunTime:0.000011s ]
INFO: [ app_init ] --END-- [ RunTime:0.000218s ]
INFO: [ app_begin ] --START--
INFO: Run Behavior\ReadHtmlCacheBehavior [ RunTime:0.000257s ]
INFO: [ app_begin ] --END-- [ RunTime:0.000287s ]
NOTIC: [2048] Declaration of Home\Controller\TeacherController::get() should be compatible with Think\Controller::get($name = '') /Applications/XAMPP/xamppfiles/htdocs/lookup/Application/Home/Controller/TeacherController.class.php 第 307 行.
SQL: select t.id,t.good,t.bad,t.name,t.pic,t.school_name,t.description,t.academy,t.major,
    					count(c.examiner) as comment_num
    				    from examiner as t left join comment as c on c.examiner=t.id 
    				    group by t.id order by count(c.examiner) [ RunTime:0.0006s ]
SQL: select t.id, t.good,t.bad,t.name,t.pic,t.school_name,t.description,t.academy,t.major,
    					count(c.examiner) as comment_num
    				    from examiner as t left join comment as c on c.examiner=t.id 
    				    group by t.id order by count(c.examiner) desc limit 0,10 [ RunTime:0.0003s ]

[ 2015-12-21T10:22:01+08:00 ] 192.168.111.72 /lookup/index.php/Home/Teacher/getsHot
INFO: [ app_init ] --START--
INFO: Run Behavior\BuildLiteBehavior [ RunTime:0.000010s ]
INFO: [ app_init ] --END-- [ RunTime:0.000212s ]
INFO: [ app_begin ] --START--
INFO: Run Behavior\ReadHtmlCacheBehavior [ RunTime:0.000262s ]
INFO: [ app_begin ] --END-- [ RunTime:0.000293s ]
NOTIC: [2048] Declaration of Home\Controller\TeacherController::get() should be compatible with Think\Controller::get($name = '') /Applications/XAMPP/xamppfiles/htdocs/lookup/Application/Home/Controller/TeacherController.class.php 第 307 行.
SQL: select t.id,t.good,t.bad,t.name,t.pic,t.school_name,t.description,t.academy,t.major,
    					count(c.examiner) as comment_num
    				    from examiner as t left join comment as c on c.examiner=t.id 
    				    group by t.id order by count(c.examiner) [ RunTime:0.0004s ]
SQL: select t.id, t.good,t.bad,t.name,t.pic,t.school_name,t.description,t.academy,t.major,
    					count(c.examiner) as comment_num
    				    from examiner as t left join comment as c on c.examiner=t.id 
    				    group by t.id order by count(c.examiner) desc limit 0,10 [ RunTime:0.0003s ]

[ 2015-12-21T10:22:12+08:00 ] 192.168.111.72 /lookup/index.php/Home/Teacher/getsHot
INFO: [ app_init ] --START--
INFO: Run Behavior\BuildLiteBehavior [ RunTime:0.000010s ]
INFO: [ app_init ] --END-- [ RunTime:0.000216s ]
INFO: [ app_begin ] --START--
INFO: Run Behavior\ReadHtmlCacheBehavior [ RunTime:0.000268s ]
INFO: [ app_begin ] --END-- [ RunTime:0.000299s ]
NOTIC: [2048] Declaration of Home\Controller\TeacherController::get() should be compatible with Think\Controller::get($name = '') /Applications/XAMPP/xamppfiles/htdocs/lookup/Application/Home/Controller/TeacherController.class.php 第 307 行.
SQL: select t.id,t.good,t.bad,t.name,t.pic,t.school_name,t.description,t.academy,t.major,
    					count(c.examiner) as comment_num
    				    from examiner as t left join comment as c on c.examiner=t.id 
    				    group by t.id order by count(c.examiner) [ RunTime:0.0004s ]
SQL: select t.id, t.good,t.bad,t.name,t.pic,t.school_name,t.description,t.academy,t.major,
    					count(c.examiner) as comment_num
    				    from examiner as t left join comment as c on c.examiner=t.id 
    				    group by t.id order by count(c.examiner) desc limit 0,10 [ RunTime:0.0003s ]

[ 2015-12-21T10:22:13+08:00 ] 192.168.111.72 /lookup/index.php/Home/Teacher/getsHot
INFO: [ app_init ] --START--
INFO: Run Behavior\BuildLiteBehavior [ RunTime:0.000009s ]
INFO: [ app_init ] --END-- [ RunTime:0.000213s ]
INFO: [ app_begin ] --START--
INFO: Run Behavior\ReadHtmlCacheBehavior [ RunTime:0.000261s ]
INFO: [ app_begin ] --END-- [ RunTime:0.000294s ]
NOTIC: [2048] Declaration of Home\Controller\TeacherController::get() should be compatible with Think\Controller::get($name = '') /Applications/XAMPP/xamppfiles/htdocs/lookup/Application/Home/Controller/TeacherController.class.php 第 307 行.
SQL: select t.id,t.good,t.bad,t.name,t.pic,t.school_name,t.description,t.academy,t.major,
    					count(c.examiner) as comment_num
    				    from examiner as t left join comment as c on c.examiner=t.id 
    				    group by t.id order by count(c.examiner) [ RunTime:0.0004s ]
SQL: select t.id, t.good,t.bad,t.name,t.pic,t.school_name,t.description,t.academy,t.major,
    					count(c.examiner) as comment_num
    				    from examiner as t left join comment as c on c.examiner=t.id 
    				    group by t.id order by count(c.examiner) desc limit 0,10 [ RunTime:0.0003s ]

[ 2015-12-21T10:22:25+08:00 ] 192.168.111.72 /lookup/index.php/Home/Teacher/getsHot
INFO: [ app_init ] --START--
INFO: Run Behavior\BuildLiteBehavior [ RunTime:0.000013s ]
INFO: [ app_init ] --END-- [ RunTime:0.000295s ]
INFO: [ app_begin ] --START--
INFO: Run Behavior\ReadHtmlCacheBehavior [ RunTime:0.000285s ]
INFO: [ app_begin ] --END-- [ RunTime:0.000316s ]
NOTIC: [2048] Declaration of Home\Controller\TeacherController::get() should be compatible with Think\Controller::get($name = '') /Applications/XAMPP/xamppfiles/htdocs/lookup/Application/Home/Controller/TeacherController.class.php 第 307 行.
SQL: select t.id,t.good,t.bad,t.name,t.pic,t.school_name,t.description,t.academy,t.major,
    					count(c.examiner) as comment_num
    				    from examiner as t left join comment as c on c.examiner=t.id 
    				    group by t.id order by count(c.examiner) [ RunTime:0.0004s ]
SQL: select t.id, t.good,t.bad,t.name,t.pic,t.school_name,t.description,t.academy,t.major,
    					count(c.examiner) as comment_num
    				    from examiner as t left join comment as c on c.examiner=t.id 
    				    group by t.id order by count(c.examiner) desc limit 0,10 [ RunTime:0.0004s ]

[ 2015-12-21T10:22:26+08:00 ] 192.168.111.72 /lookup/index.php/Home/Teacher/getsHot
INFO: [ app_init ] --START--
INFO: Run Behavior\BuildLiteBehavior [ RunTime:0.000037s ]
INFO: [ app_init ] --END-- [ RunTime:0.000466s ]
INFO: [ app_begin ] --START--
INFO: Run Behavior\ReadHtmlCacheBehavior [ RunTime:0.000419s ]
INFO: [ app_begin ] --END-- [ RunTime:0.000468s ]
NOTIC: [2048] Declaration of Home\Controller\TeacherController::get() should be compatible with Think\Controller::get($name = '') /Applications/XAMPP/xamppfiles/htdocs/lookup/Application/Home/Controller/TeacherController.class.php 第 307 行.
SQL: select t.id,t.good,t.bad,t.name,t.pic,t.school_name,t.description,t.academy,t.major,
    					count(c.examiner) as comment_num
    				    from examiner as t left join comment as c on c.examiner=t.id 
    				    group by t.id order by count(c.examiner) [ RunTime:0.0004s ]
SQL: select t.id, t.good,t.bad,t.name,t.pic,t.school_name,t.description,t.academy,t.major,
    					count(c.examiner) as comment_num
    				    from examiner as t left join comment as c on c.examiner=t.id 
    				    group by t.id order by count(c.examiner) desc limit 0,10 [ RunTime:0.0003s ]

[ 2015-12-21T10:22:37+08:00 ] 192.168.111.72 /lookup/index.php/Home/Teacher/getsHot
INFO: [ app_init ] --START--
INFO: Run Behavior\BuildLiteBehavior [ RunTime:0.000011s ]
INFO: [ app_init ] --END-- [ RunTime:0.000221s ]
INFO: [ app_begin ] --START--
INFO: Run Behavior\ReadHtmlCacheBehavior [ RunTime:0.000423s ]
INFO: [ app_begin ] --END-- [ RunTime:0.000467s ]
NOTIC: [2048] Declaration of Home\Controller\TeacherController::get() should be compatible with Think\Controller::get($name = '') /Applications/XAMPP/xamppfiles/htdocs/lookup/Application/Home/Controller/TeacherController.class.php 第 307 行.
SQL: select t.id,t.good,t.bad,t.name,t.pic,t.school_name,t.description,t.academy,t.major,
    					count(c.examiner) as comment_num
    				    from examiner as t left join comment as c on c.examiner=t.id 
    				    group by t.id order by count(c.examiner) [ RunTime:0.0005s ]
SQL: select t.id, t.good,t.bad,t.name,t.pic,t.school_name,t.description,t.academy,t.major,
    					count(c.examiner) as comment_num
    				    from examiner as t left join comment as c on c.examiner=t.id 
    				    group by t.id order by count(c.examiner) desc limit 0,10 [ RunTime:0.0004s ]

[ 2015-12-21T10:22:38+08:00 ] 192.168.111.72 /lookup/index.php/Home/Teacher/getsHot
INFO: [ app_init ] --START--
INFO: Run Behavior\BuildLiteBehavior [ RunTime:0.000011s ]
INFO: [ app_init ] --END-- [ RunTime:0.000230s ]
INFO: [ app_begin ] --START--
INFO: Run Behavior\ReadHtmlCacheBehavior [ RunTime:0.000258s ]
INFO: [ app_begin ] --END-- [ RunTime:0.000290s ]
NOTIC: [2048] Declaration of Home\Controller\TeacherController::get() should be compatible with Think\Controller::get($name = '') /Applications/XAMPP/xamppfiles/htdocs/lookup/Application/Home/Controller/TeacherController.class.php 第 307 行.
SQL: select t.id,t.good,t.bad,t.name,t.pic,t.school_name,t.description,t.academy,t.major,
    					count(c.examiner) as comment_num
    				    from examiner as t left join comment as c on c.examiner=t.id 
    				    group by t.id order by count(c.examiner) [ RunTime:0.0004s ]
SQL: select t.id, t.good,t.bad,t.name,t.pic,t.school_name,t.description,t.academy,t.major,
    					count(c.examiner) as comment_num
    				    from examiner as t left join comment as c on c.examiner=t.id 
    				    group by t.id order by count(c.examiner) desc limit 0,10 [ RunTime:0.0003s ]

[ 2015-12-21T10:22:50+08:00 ] 192.168.111.72 /lookup/index.php/Home/Teacher/getsHot
INFO: [ app_init ] --START--
INFO: Run Behavior\BuildLiteBehavior [ RunTime:0.000009s ]
INFO: [ app_init ] --END-- [ RunTime:0.000218s ]
INFO: [ app_begin ] --START--
INFO: Run Behavior\ReadHtmlCacheBehavior [ RunTime:0.000267s ]
INFO: [ app_begin ] --END-- [ RunTime:0.000299s ]
NOTIC: [2048] Declaration of Home\Controller\TeacherController::get() should be compatible with Think\Controller::get($name = '') /Applications/XAMPP/xamppfiles/htdocs/lookup/Application/Home/Controller/TeacherController.class.php 第 307 行.
SQL: select t.id,t.good,t.bad,t.name,t.pic,t.school_name,t.description,t.academy,t.major,
    					count(c.examiner) as comment_num
    				    from examiner as t left join comment as c on c.examiner=t.id 
    				    group by t.id order by count(c.examiner) [ RunTime:0.0004s ]
SQL: select t.id, t.good,t.bad,t.name,t.pic,t.school_name,t.description,t.academy,t.major,
    					count(c.examiner) as comment_num
    				    from examiner as t left join comment as c on c.examiner=t.id 
    				    group by t.id order by count(c.examiner) desc limit 0,10 [ RunTime:0.0003s ]

[ 2015-12-21T10:22:51+08:00 ] 192.168.111.72 /lookup/index.php/Home/Teacher/getsHot
INFO: [ app_init ] --START--
INFO: Run Behavior\BuildLiteBehavior [ RunTime:0.000009s ]
INFO: [ app_init ] --END-- [ RunTime:0.000204s ]
INFO: [ app_begin ] --START--
INFO: Run Behavior\ReadHtmlCacheBehavior [ RunTime:0.000257s ]
INFO: [ app_begin ] --END-- [ RunTime:0.000289s ]
NOTIC: [2048] Declaration of Home\Controller\TeacherController::get() should be compatible with Think\Controller::get($name = '') /Applications/XAMPP/xamppfiles/htdocs/lookup/Application/Home/Controller/TeacherController.class.php 第 307 行.
SQL: select t.id,t.good,t.bad,t.name,t.pic,t.school_name,t.description,t.academy,t.major,
    					count(c.examiner) as comment_num
    				    from examiner as t left join comment as c on c.examiner=t.id 
    				    group by t.id order by count(c.examiner) [ RunTime:0.0004s ]
SQL: select t.id, t.good,t.bad,t.name,t.pic,t.school_name,t.description,t.academy,t.major,
    					count(c.examiner) as comment_num
    				    from examiner as t left join comment as c on c.examiner=t.id 
    				    group by t.id order by count(c.examiner) desc limit 0,10 [ RunTime:0.0003s ]

[ 2015-12-21T10:23:09+08:00 ] 192.168.111.72 /lookup/index.php/Home/Teacher/getsHot
INFO: [ app_init ] --START--
INFO: Run Behavior\BuildLiteBehavior [ RunTime:0.000009s ]
INFO: [ app_init ] --END-- [ RunTime:0.000217s ]
INFO: [ app_begin ] --START--
INFO: Run Behavior\ReadHtmlCacheBehavior [ RunTime:0.000336s ]
INFO: [ app_begin ] --END-- [ RunTime:0.000368s ]
NOTIC: [2048] Declaration of Home\Controller\TeacherController::get() should be compatible with Think\Controller::get($name = '') /Applications/XAMPP/xamppfiles/htdocs/lookup/Application/Home/Controller/TeacherController.class.php 第 307 行.
SQL: select t.id,t.good,t.bad,t.name,t.pic,t.school_name,t.description,t.academy,t.major,
    					count(c.examiner) as comment_num
    				    from examiner as t left join comment as c on c.examiner=t.id 
    				    group by t.id order by count(c.examiner) [ RunTime:0.0004s ]
SQL: select t.id, t.good,t.bad,t.name,t.pic,t.school_name,t.description,t.academy,t.major,
    					count(c.examiner) as comment_num
    				    from examiner as t left join comment as c on c.examiner=t.id 
    				    group by t.id order by count(c.examiner) desc limit 0,10 [ RunTime:0.0003s ]

[ 2015-12-21T10:23:10+08:00 ] 192.168.111.72 /lookup/index.php/Home/Teacher/getsHot
INFO: [ app_init ] --START--
INFO: Run Behavior\BuildLiteBehavior [ RunTime:0.000009s ]
INFO: [ app_init ] --END-- [ RunTime:0.000212s ]
INFO: [ app_begin ] --START--
INFO: Run Behavior\ReadHtmlCacheBehavior [ RunTime:0.000263s ]
INFO: [ app_begin ] --END-- [ RunTime:0.000295s ]
NOTIC: [2048] Declaration of Home\Controller\TeacherController::get() should be compatible with Think\Controller::get($name = '') /Applications/XAMPP/xamppfiles/htdocs/lookup/Application/Home/Controller/TeacherController.class.php 第 307 行.
SQL: select t.id,t.good,t.bad,t.name,t.pic,t.school_name,t.description,t.academy,t.major,
    					count(c.examiner) as comment_num
    				    from examiner as t left join comment as c on c.examiner=t.id 
    				    group by t.id order by count(c.examiner) [ RunTime:0.0004s ]
SQL: select t.id, t.good,t.bad,t.name,t.pic,t.school_name,t.description,t.academy,t.major,
    					count(c.examiner) as comment_num
    				    from examiner as t left join comment as c on c.examiner=t.id 
    				    group by t.id order by count(c.examiner) desc limit 0,10 [ RunTime:0.0003s ]

[ 2015-12-21T10:24:14+08:00 ] 192.168.111.72 /lookup/index.php/Home/Teacher/getsHot
INFO: [ app_init ] --START--
INFO: Run Behavior\BuildLiteBehavior [ RunTime:0.000009s ]
INFO: [ app_init ] --END-- [ RunTime:0.000205s ]
INFO: [ app_begin ] --START--
INFO: Run Behavior\ReadHtmlCacheBehavior [ RunTime:0.000229s ]
INFO: [ app_begin ] --END-- [ RunTime:0.000254s ]
NOTIC: [2048] Declaration of Home\Controller\TeacherController::get() should be compatible with Think\Controller::get($name = '') /Applications/XAMPP/xamppfiles/htdocs/lookup/Application/Home/Controller/TeacherController.class.php 第 307 行.
SQL: select t.id,t.good,t.bad,t.name,t.pic,t.school_name,t.description,t.academy,t.major,
    					count(c.examiner) as comment_num
    				    from examiner as t left join comment as c on c.examiner=t.id 
    				    group by t.id order by count(c.examiner) [ RunTime:0.0008s ]
SQL: select t.id, t.good,t.bad,t.name,t.pic,t.school_name,t.description,t.academy,t.major,
    					count(c.examiner) as comment_num
    				    from examiner as t left join comment as c on c.examiner=t.id 
    				    group by t.id order by count(c.examiner) desc limit 0,10 [ RunTime:0.0004s ]

