[ 2015-12-17T11:25:43+08:00 ] ::1 /lookup/index.php/Amaze/Index/index
INFO: [ app_init ] --START--
INFO: Run Behavior\BuildLiteBehavior [ RunTime:0.000012s ]
INFO: [ app_init ] --END-- [ RunTime:0.000257s ]
INFO: [ app_begin ] --START--
INFO: Run Behavior\ReadHtmlCacheBehavior [ RunTime:0.000270s ]
INFO: [ app_begin ] --END-- [ RunTime:0.000302s ]
ERR: 模板不存在:./Application/Amaze/View/admin/Index/login.html

[ 2015-12-17T11:38:04+08:00 ] ::1 /lookup/index.php/Amaze/Index/index
INFO: [ app_init ] --START--
INFO: Run Behavior\BuildLiteBehavior [ RunTime:0.000017s ]
INFO: [ app_init ] --END-- [ RunTime:0.000259s ]
INFO: [ app_begin ] --START--
INFO: Run Behavior\ReadHtmlCacheBehavior [ RunTime:0.000283s ]
INFO: [ app_begin ] --END-- [ RunTime:0.000315s ]
ERR: 模板不存在:./Application/Amaze/View/admin/Index/login.html

[ 2015-12-17T11:38:06+08:00 ] ::1 /lookup/index.php/Amaze/Index/index
INFO: [ app_init ] --START--
INFO: Run Behavior\BuildLiteBehavior [ RunTime:0.000009s ]
INFO: [ app_init ] --END-- [ RunTime:0.000187s ]
INFO: [ app_begin ] --START--
INFO: Run Behavior\ReadHtmlCacheBehavior [ RunTime:0.000227s ]
INFO: [ app_begin ] --END-- [ RunTime:0.000253s ]
ERR: 模板不存在:./Application/Amaze/View/admin/Index/login.html

[ 2015-12-17T11:39:26+08:00 ] ::1 /lookup/index.php/Amaze/Index/index
INFO: [ app_init ] --START--
INFO: Run Behavior\BuildLiteBehavior [ RunTime:0.000009s ]
INFO: [ app_init ] --END-- [ RunTime:0.000224s ]
INFO: [ app_begin ] --START--
INFO: Run Behavior\ReadHtmlCacheBehavior [ RunTime:0.000240s ]
INFO: [ app_begin ] --END-- [ RunTime:0.000268s ]
ERR: 模板不存在:./Application/Amaze/View/admin/Index/login.html

[ 2015-12-17T11:39:28+08:00 ] ::1 /lookup/index.php/Amaze/Index/
INFO: [ app_init ] --START--
INFO: Run Behavior\BuildLiteBehavior [ RunTime:0.000009s ]
INFO: [ app_init ] --END-- [ RunTime:0.000200s ]
INFO: [ app_begin ] --START--
INFO: Run Behavior\ReadHtmlCacheBehavior [ RunTime:0.000237s ]
INFO: [ app_begin ] --END-- [ RunTime:0.000264s ]
ERR: 模板不存在:./Application/Amaze/View/admin/Index/login.html

[ 2015-12-17T11:39:33+08:00 ] ::1 /lookup/index.php/Amaze/
INFO: [ app_init ] --START--
INFO: Run Behavior\BuildLiteBehavior [ RunTime:0.000011s ]
INFO: [ app_init ] --END-- [ RunTime:0.000250s ]
INFO: [ app_begin ] --START--
INFO: Run Behavior\ReadHtmlCacheBehavior [ RunTime:0.000379s ]
INFO: [ app_begin ] --END-- [ RunTime:0.000414s ]
ERR: 模板不存在:./Application/Amaze/View/admin/Index/login.html

[ 2015-12-17T11:39:49+08:00 ] ::1 /lookup/index.php/Amaze/index/index
INFO: [ app_init ] --START--
INFO: Run Behavior\BuildLiteBehavior [ RunTime:0.000009s ]
INFO: [ app_init ] --END-- [ RunTime:0.000193s ]
INFO: [ app_begin ] --START--
INFO: Run Behavior\ReadHtmlCacheBehavior [ RunTime:0.000233s ]
INFO: [ app_begin ] --END-- [ RunTime:0.000259s ]
ERR: 模板不存在:./Application/Amaze/View/admin/Index/login.html

[ 2015-12-17T11:40:43+08:00 ] ::1 /lookup/index.php/Amaze/index/login
INFO: [ app_init ] --START--
INFO: Run Behavior\BuildLiteBehavior [ RunTime:0.000027s ]
INFO: [ app_init ] --END-- [ RunTime:0.000509s ]
INFO: [ app_begin ] --START--
INFO: Run Behavior\ReadHtmlCacheBehavior [ RunTime:0.000316s ]
INFO: [ app_begin ] --END-- [ RunTime:0.000353s ]
ERR: 模板不存在:./Application/Amaze/View/admin/Index/login.html

[ 2015-12-17T11:41:11+08:00 ] ::1 /lookup/index.php/Amaze/index/ss
INFO: [ app_init ] --START--
INFO: Run Behavior\BuildLiteBehavior [ RunTime:0.000011s ]
INFO: [ app_init ] --END-- [ RunTime:0.000228s ]
INFO: [ app_begin ] --START--
INFO: Run Behavior\ReadHtmlCacheBehavior [ RunTime:0.000232s ]
INFO: [ app_begin ] --END-- [ RunTime:0.000259s ]
INFO: [ app_end ] --START--
INFO: Run Behavior\ShowPageTraceBehavior [ RunTime:0.000931s ]
INFO: [ app_end ] --END-- [ RunTime:0.000989s ]

[ 2015-12-17T11:42:06+08:00 ] ::1 /lookup/index.php/Amaze/index/index
INFO: [ app_init ] --START--
INFO: Run Behavior\BuildLiteBehavior [ RunTime:0.000011s ]
INFO: [ app_init ] --END-- [ RunTime:0.000212s ]
INFO: [ app_begin ] --START--
INFO: Run Behavior\ReadHtmlCacheBehavior [ RunTime:0.000255s ]
INFO: [ app_begin ] --END-- [ RunTime:0.000284s ]
ERR: 模板不存在:./Application/Amaze/View/admin/Index/login.html

[ 2015-12-17T11:44:11+08:00 ] ::1 /lookup/index.php/Amaze/index/index
INFO: [ app_init ] --START--
INFO: Run Behavior\BuildLiteBehavior [ RunTime:0.000009s ]
INFO: [ app_init ] --END-- [ RunTime:0.000192s ]
INFO: [ app_begin ] --START--
INFO: Run Behavior\ReadHtmlCacheBehavior [ RunTime:0.000229s ]
INFO: [ app_begin ] --END-- [ RunTime:0.000256s ]
INFO: [ view_filter ] --START--
INFO: Run Behavior\WriteHtmlCacheBehavior [ RunTime:0.000489s ]
INFO: [ view_filter ] --END-- [ RunTime:0.000532s ]
INFO: [ app_end ] --START--
INFO: Run Behavior\ShowPageTraceBehavior [ RunTime:0.000338s ]
INFO: [ app_end ] --END-- [ RunTime:0.000368s ]

[ 2015-12-17T11:45:12+08:00 ] ::1 /lookup/index.php/Amaze/index/index
INFO: [ app_init ] --START--
INFO: Run Behavior\BuildLiteBehavior [ RunTime:0.000009s ]
INFO: [ app_init ] --END-- [ RunTime:0.000214s ]
INFO: [ app_begin ] --START--
INFO: Run Behavior\ReadHtmlCacheBehavior [ RunTime:0.000280s ]
INFO: [ app_begin ] --END-- [ RunTime:0.000316s ]
INFO: [ view_filter ] --START--
INFO: Run Behavior\WriteHtmlCacheBehavior [ RunTime:0.000086s ]
INFO: [ view_filter ] --END-- [ RunTime:0.000116s ]
INFO: [ app_end ] --START--
INFO: Run Behavior\ShowPageTraceBehavior [ RunTime:0.000275s ]
INFO: [ app_end ] --END-- [ RunTime:0.000300s ]

[ 2015-12-17T11:45:25+08:00 ] ::1 /lookup/index.php/Amaze/Index/log_in.html
INFO: [ app_init ] --START--
INFO: Run Behavior\BuildLiteBehavior [ RunTime:0.000009s ]
INFO: [ app_init ] --END-- [ RunTime:0.000216s ]
INFO: [ app_begin ] --START--
INFO: Run Behavior\ReadHtmlCacheBehavior [ RunTime:0.000264s ]
INFO: [ app_begin ] --END-- [ RunTime:0.000296s ]
SQL: SHOW COLUMNS FROM `sysadmin` [ RunTime:0.0012s ]
SQL: SELECT * FROM `sysadmin` WHERE `name` = 'xuetengfei@ekola.cn' AND `psw` = 'afdd0b4ad2ec172c586e2150770fbf9e' LIMIT 1   [ RunTime:0.0003s ]
INFO: [ view_filter ] --START--
INFO: Run Behavior\WriteHtmlCacheBehavior [ RunTime:0.000123s ]
INFO: [ view_filter ] --END-- [ RunTime:0.000159s ]
INFO: [ app_end ] --START--
INFO: Run Behavior\ShowPageTraceBehavior [ RunTime:0.000352s ]
INFO: [ app_end ] --END-- [ RunTime:0.000383s ]

[ 2015-12-17T11:48:26+08:00 ] ::1 /lookup/index.php/Amaze/Index/log_in.html
INFO: [ app_init ] --START--
INFO: Run Behavior\BuildLiteBehavior [ RunTime:0.000009s ]
INFO: [ app_init ] --END-- [ RunTime:0.000207s ]
INFO: [ app_begin ] --START--
INFO: Run Behavior\ReadHtmlCacheBehavior [ RunTime:0.000250s ]
INFO: [ app_begin ] --END-- [ RunTime:0.000280s ]
SQL: SHOW COLUMNS FROM `sysadmin` [ RunTime:0.0012s ]
SQL: SELECT * FROM `sysadmin` WHERE `name` = 'admin' AND `psw` = '21232f297a57a5a743894a0e4a801fc3' LIMIT 1   [ RunTime:0.0003s ]
INFO: [ view_filter ] --START--
INFO: Run Behavior\WriteHtmlCacheBehavior [ RunTime:0.000120s ]
INFO: [ view_filter ] --END-- [ RunTime:0.000152s ]
INFO: [ app_end ] --START--
INFO: Run Behavior\ShowPageTraceBehavior [ RunTime:0.000321s ]
INFO: [ app_end ] --END-- [ RunTime:0.000351s ]

[ 2015-12-17T11:48:27+08:00 ] ::1 /lookup/index.php/Amaze/Index/log_in.html
INFO: [ app_init ] --START--
INFO: Run Behavior\BuildLiteBehavior [ RunTime:0.000008s ]
INFO: [ app_init ] --END-- [ RunTime:0.000183s ]
INFO: [ app_begin ] --START--
INFO: Run Behavior\ReadHtmlCacheBehavior [ RunTime:0.000224s ]
INFO: [ app_begin ] --END-- [ RunTime:0.000251s ]
SQL: SHOW COLUMNS FROM `sysadmin` [ RunTime:0.0024s ]
SQL: SELECT * FROM `sysadmin` WHERE `name` = 'admin' AND `psw` = '21232f297a57a5a743894a0e4a801fc3' LIMIT 1   [ RunTime:0.0003s ]
INFO: [ view_filter ] --START--
INFO: Run Behavior\WriteHtmlCacheBehavior [ RunTime:0.000184s ]
INFO: [ view_filter ] --END-- [ RunTime:0.000265s ]
INFO: [ app_end ] --START--
INFO: Run Behavior\ShowPageTraceBehavior [ RunTime:0.000628s ]
INFO: [ app_end ] --END-- [ RunTime:0.000669s ]

[ 2015-12-17T11:48:38+08:00 ] ::1 /lookup/index.php/Amaze/Index/log_in.html
INFO: [ app_init ] --START--
INFO: Run Behavior\BuildLiteBehavior [ RunTime:0.000013s ]
INFO: [ app_init ] --END-- [ RunTime:0.000264s ]
INFO: [ app_begin ] --START--
INFO: Run Behavior\ReadHtmlCacheBehavior [ RunTime:0.000267s ]
INFO: [ app_begin ] --END-- [ RunTime:0.000306s ]
SQL: SHOW COLUMNS FROM `sysadmin` [ RunTime:0.0010s ]
SQL: SELECT * FROM `sysadmin` WHERE `name` = 'admin' AND `psw` = '21232f297a57a5a743894a0e4a801fc3' LIMIT 1   [ RunTime:0.0002s ]
INFO: [ view_filter ] --START--
INFO: Run Behavior\WriteHtmlCacheBehavior [ RunTime:0.000110s ]
INFO: [ view_filter ] --END-- [ RunTime:0.000140s ]
INFO: [ app_end ] --START--
INFO: Run Behavior\ShowPageTraceBehavior [ RunTime:0.000314s ]
INFO: [ app_end ] --END-- [ RunTime:0.000342s ]

[ 2015-12-17T13:33:13+08:00 ] ::1 /lookup/index.php/Amaze/Index/log_in.html
INFO: [ app_init ] --START--
INFO: Run Behavior\BuildLiteBehavior [ RunTime:0.000009s ]
INFO: [ app_init ] --END-- [ RunTime:0.000191s ]
INFO: [ app_begin ] --START--
INFO: Run Behavior\ReadHtmlCacheBehavior [ RunTime:0.000233s ]
INFO: [ app_begin ] --END-- [ RunTime:0.000259s ]
INFO: [ view_filter ] --START--
INFO: Run Behavior\WriteHtmlCacheBehavior [ RunTime:0.000080s ]
INFO: [ view_filter ] --END-- [ RunTime:0.000109s ]
INFO: [ app_end ] --START--
INFO: Run Behavior\ShowPageTraceBehavior [ RunTime:0.000244s ]
INFO: [ app_end ] --END-- [ RunTime:0.000267s ]

[ 2015-12-17T13:33:15+08:00 ] ::1 /lookup/index.php/Amaze/Index/log_in.html
INFO: [ app_init ] --START--
INFO: Run Behavior\BuildLiteBehavior [ RunTime:0.000014s ]
INFO: [ app_init ] --END-- [ RunTime:0.000354s ]
INFO: [ app_begin ] --START--
INFO: Run Behavior\ReadHtmlCacheBehavior [ RunTime:0.000270s ]
INFO: [ app_begin ] --END-- [ RunTime:0.000310s ]
SQL: SHOW COLUMNS FROM `sysadmin` [ RunTime:0.0011s ]
SQL: SELECT * FROM `sysadmin` WHERE `name` = 'admin' AND `psw` = '21232f297a57a5a743894a0e4a801fc3' LIMIT 1   [ RunTime:0.0003s ]
INFO: [ view_filter ] --START--
INFO: Run Behavior\WriteHtmlCacheBehavior [ RunTime:0.000117s ]
INFO: [ view_filter ] --END-- [ RunTime:0.000151s ]
INFO: [ app_end ] --START--
INFO: Run Behavior\ShowPageTraceBehavior [ RunTime:0.000330s ]
INFO: [ app_end ] --END-- [ RunTime:0.000362s ]

[ 2015-12-17T13:33:46+08:00 ] ::1 /lookup/index.php/Amaze/Index/log_in.html
INFO: [ app_init ] --START--
INFO: Run Behavior\BuildLiteBehavior [ RunTime:0.000008s ]
INFO: [ app_init ] --END-- [ RunTime:0.000191s ]
INFO: [ app_begin ] --START--
INFO: Run Behavior\ReadHtmlCacheBehavior [ RunTime:0.000293s ]
INFO: [ app_begin ] --END-- [ RunTime:0.000324s ]
SQL: SHOW COLUMNS FROM `sysadmin` [ RunTime:0.0010s ]
SQL: SELECT * FROM `sysadmin` WHERE `name` = 'admin' AND `psw` = '21232f297a57a5a743894a0e4a801fc3' LIMIT 1   [ RunTime:0.0003s ]
INFO: [ view_filter ] --START--
INFO: Run Behavior\WriteHtmlCacheBehavior [ RunTime:0.000124s ]
INFO: [ view_filter ] --END-- [ RunTime:0.000161s ]
INFO: [ app_end ] --START--
INFO: Run Behavior\ShowPageTraceBehavior [ RunTime:0.000345s ]
INFO: [ app_end ] --END-- [ RunTime:0.000373s ]

[ 2015-12-17T13:34:13+08:00 ] ::1 /lookup/index.php/Amaze/Index/log_in.html
INFO: [ app_init ] --START--
INFO: Run Behavior\BuildLiteBehavior [ RunTime:0.000009s ]
INFO: [ app_init ] --END-- [ RunTime:0.000213s ]
INFO: [ app_begin ] --START--
INFO: Run Behavior\ReadHtmlCacheBehavior [ RunTime:0.000348s ]
INFO: [ app_begin ] --END-- [ RunTime:0.000407s ]
SQL: SHOW COLUMNS FROM `sysadmin` [ RunTime:0.0009s ]
SQL: SELECT * FROM `sysadmin` WHERE `name` = 'admin' AND `psw` = '21232f297a57a5a743894a0e4a801fc3' LIMIT 1   [ RunTime:0.0003s ]
INFO: [ view_filter ] --START--
INFO: Run Behavior\WriteHtmlCacheBehavior [ RunTime:0.000119s ]
INFO: [ view_filter ] --END-- [ RunTime:0.000156s ]
INFO: [ app_end ] --START--
INFO: Run Behavior\ShowPageTraceBehavior [ RunTime:0.000304s ]
INFO: [ app_end ] --END-- [ RunTime:0.000331s ]

[ 2015-12-17T13:34:26+08:00 ] ::1 /lookup/index.php/Amaze/Index/log_in.html
INFO: [ app_init ] --START--
INFO: Run Behavior\BuildLiteBehavior [ RunTime:0.000009s ]
INFO: [ app_init ] --END-- [ RunTime:0.000186s ]
INFO: [ app_begin ] --START--
INFO: Run Behavior\ReadHtmlCacheBehavior [ RunTime:0.000228s ]
INFO: [ app_begin ] --END-- [ RunTime:0.000255s ]
SQL: SHOW COLUMNS FROM `sysadmin` [ RunTime:0.0016s ]
SQL: SELECT * FROM `sysadmin` WHERE `name` = 'xuetengfei@ekola.cn' AND `psw` = 'afdd0b4ad2ec172c586e2150770fbf9e' LIMIT 1   [ RunTime:0.0005s ]
INFO: [ view_filter ] --START--
INFO: Run Behavior\WriteHtmlCacheBehavior [ RunTime:0.000154s ]
INFO: [ view_filter ] --END-- [ RunTime:0.000197s ]
INFO: [ app_end ] --START--
INFO: Run Behavior\ShowPageTraceBehavior [ RunTime:0.000396s ]
INFO: [ app_end ] --END-- [ RunTime:0.000436s ]

[ 2015-12-17T13:34:47+08:00 ] ::1 /lookup/index.php/Amaze/Index/log_in.html
INFO: [ app_init ] --START--
INFO: Run Behavior\BuildLiteBehavior [ RunTime:0.000009s ]
INFO: [ app_init ] --END-- [ RunTime:0.000206s ]
INFO: [ app_begin ] --START--
INFO: Run Behavior\ReadHtmlCacheBehavior [ RunTime:0.000455s ]
INFO: [ app_begin ] --END-- [ RunTime:0.000513s ]
SQL: SHOW COLUMNS FROM `sysadmin` [ RunTime:0.0009s ]
SQL: SELECT * FROM `sysadmin` WHERE `name` = 'admin' AND `psw` = '21232f297a57a5a743894a0e4a801fc3' LIMIT 1   [ RunTime:0.0003s ]
INFO: [ view_filter ] --START--
INFO: Run Behavior\WriteHtmlCacheBehavior [ RunTime:0.000116s ]
INFO: [ view_filter ] --END-- [ RunTime:0.000149s ]
INFO: [ app_end ] --START--
INFO: Run Behavior\ShowPageTraceBehavior [ RunTime:0.000318s ]
INFO: [ app_end ] --END-- [ RunTime:0.000346s ]

[ 2015-12-17T13:34:58+08:00 ] ::1 /lookup/index.php/Amaze/Index/log_in.html
INFO: [ app_init ] --START--
INFO: Run Behavior\BuildLiteBehavior [ RunTime:0.000009s ]
INFO: [ app_init ] --END-- [ RunTime:0.000190s ]
INFO: [ app_begin ] --START--
INFO: Run Behavior\ReadHtmlCacheBehavior [ RunTime:0.000226s ]
INFO: [ app_begin ] --END-- [ RunTime:0.000254s ]
SQL: SHOW COLUMNS FROM `sysadmin` [ RunTime:0.0015s ]
SQL: SELECT * FROM `sysadmin` WHERE `name` = 'xuetengfei@ekola.cn' AND `psw` = 'afdd0b4ad2ec172c586e2150770fbf9e' LIMIT 1   [ RunTime:0.0003s ]
INFO: [ view_filter ] --START--
INFO: Run Behavior\WriteHtmlCacheBehavior [ RunTime:0.000110s ]
INFO: [ view_filter ] --END-- [ RunTime:0.000146s ]
INFO: [ app_end ] --START--
INFO: Run Behavior\ShowPageTraceBehavior [ RunTime:0.000377s ]
INFO: [ app_end ] --END-- [ RunTime:0.000414s ]

[ 2015-12-17T13:35:23+08:00 ] ::1 /lookup/index.php/Amaze/Index/log_in.html
INFO: [ app_init ] --START--
INFO: Run Behavior\BuildLiteBehavior [ RunTime:0.000011s ]
INFO: [ app_init ] --END-- [ RunTime:0.000320s ]
INFO: [ app_begin ] --START--
INFO: Run Behavior\ReadHtmlCacheBehavior [ RunTime:0.000299s ]
INFO: [ app_begin ] --END-- [ RunTime:0.000339s ]
SQL: SHOW COLUMNS FROM `sysadmin` [ RunTime:0.0010s ]
SQL: SELECT * FROM `sysadmin` WHERE `name` = 'xuetengfei@ekola.cn' AND `psw` = 'e10adc3949ba59abbe56e057f20f883e' LIMIT 1   [ RunTime:0.0003s ]
INFO: [ view_filter ] --START--
INFO: Run Behavior\WriteHtmlCacheBehavior [ RunTime:0.000117s ]
INFO: [ view_filter ] --END-- [ RunTime:0.000152s ]
INFO: [ app_end ] --START--
INFO: Run Behavior\ShowPageTraceBehavior [ RunTime:0.000322s ]
INFO: [ app_end ] --END-- [ RunTime:0.000352s ]

[ 2015-12-17T13:35:39+08:00 ] ::1 /lookup/index.php/Amaze/Index/log_in.html
INFO: [ app_init ] --START--
INFO: Run Behavior\BuildLiteBehavior [ RunTime:0.000010s ]
INFO: [ app_init ] --END-- [ RunTime:0.000206s ]
INFO: [ app_begin ] --START--
INFO: Run Behavior\ReadHtmlCacheBehavior [ RunTime:0.000342s ]
INFO: [ app_begin ] --END-- [ RunTime:0.000462s ]
SQL: SHOW COLUMNS FROM `sysadmin` [ RunTime:0.0010s ]
SQL: SELECT * FROM `sysadmin` WHERE `name` = 'admin' AND `psw` = '21232f297a57a5a743894a0e4a801fc3' LIMIT 1   [ RunTime:0.0003s ]

[ 2015-12-17T13:35:55+08:00 ] ::1 /lookup/index.php/Amaze/Index/log_in.html
INFO: [ app_init ] --START--
INFO: Run Behavior\BuildLiteBehavior [ RunTime:0.000009s ]
INFO: [ app_init ] --END-- [ RunTime:0.000188s ]
INFO: [ app_begin ] --START--
INFO: Run Behavior\ReadHtmlCacheBehavior [ RunTime:0.000232s ]
INFO: [ app_begin ] --END-- [ RunTime:0.000260s ]
SQL: SHOW COLUMNS FROM `sysadmin` [ RunTime:0.0009s ]
SQL: SELECT * FROM `sysadmin` WHERE `name` = 'xuetengfei@ekola.cn' AND `psw` = 'e10adc3949ba59abbe56e057f20f883e' LIMIT 1   [ RunTime:0.0003s ]

[ 2015-12-17T13:36:07+08:00 ] ::1 /lookup/index.php/Amaze/Index/log_in.html
INFO: [ app_init ] --START--
INFO: Run Behavior\BuildLiteBehavior [ RunTime:0.000011s ]
INFO: [ app_init ] --END-- [ RunTime:0.000244s ]
INFO: [ app_begin ] --START--
INFO: Run Behavior\ReadHtmlCacheBehavior [ RunTime:0.000300s ]
INFO: [ app_begin ] --END-- [ RunTime:0.000333s ]
SQL: SHOW COLUMNS FROM `sysadmin` [ RunTime:0.0009s ]
SQL: SELECT * FROM `sysadmin` WHERE `name` = 'xuetengfei@ekola.cn' AND `psw` = 'e10adc3949ba59abbe56e057f20f883e' LIMIT 1   [ RunTime:0.0002s ]

[ 2015-12-17T13:37:41+08:00 ] ::1 /lookup/index.php/Amaze/Index/log_in.html
INFO: [ app_init ] --START--
INFO: Run Behavior\BuildLiteBehavior [ RunTime:0.000035s ]
INFO: [ app_init ] --END-- [ RunTime:0.000336s ]
INFO: [ app_begin ] --START--
INFO: Run Behavior\ReadHtmlCacheBehavior [ RunTime:0.000312s ]
INFO: [ app_begin ] --END-- [ RunTime:0.000356s ]
SQL: SHOW COLUMNS FROM `sysadmin` [ RunTime:0.0010s ]
SQL: SELECT * FROM `sysadmin` WHERE `name` = 'xuetengfei@ekola.cn' AND `psw` = 'e10adc3949ba59abbe56e057f20f883e' LIMIT 1   [ RunTime:0.0002s ]

[ 2015-12-17T13:38:03+08:00 ] ::1 /lookup/index.php/Amaze/Index/log_in.html
INFO: [ app_init ] --START--
INFO: Run Behavior\BuildLiteBehavior [ RunTime:0.000009s ]
INFO: [ app_init ] --END-- [ RunTime:0.000218s ]
INFO: [ app_begin ] --START--
INFO: Run Behavior\ReadHtmlCacheBehavior [ RunTime:0.000498s ]
INFO: [ app_begin ] --END-- [ RunTime:0.000541s ]
SQL: SHOW COLUMNS FROM `sysadmin` [ RunTime:0.0010s ]
SQL: SELECT * FROM `sysadmin` WHERE `name` = 'xuetengfei@ekola.cn' AND `psw` = 'e10adc3949ba59abbe56e057f20f883e' LIMIT 1   [ RunTime:0.0003s ]
SQL: UPDATE `sysadmin` SET `name`='xuetengfei@ekola.cn',`psw`='e10adc3949ba59abbe56e057f20f883e',`gid`='0',`createtime`='2015-08-31 14:24:43',`lasttime`='2015-12-17 13:38:03',`ip`='::1',`type`='0',`realname`='薛腾飞' WHERE `id` = 1 [ RunTime:0.0008s ]
INFO: [ view_filter ] --START--
INFO: Run Behavior\WriteHtmlCacheBehavior [ RunTime:0.000138s ]
INFO: [ view_filter ] --END-- [ RunTime:0.000183s ]
INFO: [ app_end ] --START--
INFO: Run Behavior\ShowPageTraceBehavior [ RunTime:0.000316s ]
INFO: [ app_end ] --END-- [ RunTime:0.000344s ]

[ 2015-12-17T13:38:04+08:00 ] ::1 /lookup/index.php/Amaze/Index/index.html
INFO: [ app_init ] --START--
INFO: Run Behavior\BuildLiteBehavior [ RunTime:0.000007s ]
INFO: [ app_init ] --END-- [ RunTime:0.000180s ]
INFO: [ app_begin ] --START--
INFO: Run Behavior\ReadHtmlCacheBehavior [ RunTime:0.000225s ]
INFO: [ app_begin ] --END-- [ RunTime:0.000251s ]
ERR: 1146:Table 'lookup.auth_group_access' doesn't exist
 [ SQL语句 ] : SHOW COLUMNS FROM `auth_group_access`
ERR: 1146:Table 'lookup.auth_group_access' doesn't exist
 [ SQL语句 ] : SHOW COLUMNS FROM `auth_group_access`

[ 2015-12-17T13:39:27+08:00 ] ::1 /lookup/index.php/Amaze/Index/index.html
INFO: [ app_init ] --START--
INFO: Run Behavior\BuildLiteBehavior [ RunTime:0.000007s ]
INFO: [ app_init ] --END-- [ RunTime:0.000186s ]
INFO: [ app_begin ] --START--
INFO: Run Behavior\ReadHtmlCacheBehavior [ RunTime:0.000234s ]
INFO: [ app_begin ] --END-- [ RunTime:0.000261s ]
NOTIC: [8] Undefined variable: inComeTotal /Applications/XAMPP/xamppfiles/htdocs/lookup/Application/Amaze/View/admin/Index/admin-index.php 第 31 行.
NOTIC: [8] Undefined variable: orderCount /Applications/XAMPP/xamppfiles/htdocs/lookup/Application/Amaze/View/admin/Index/admin-index.php 第 33 行.
NOTIC: [8] Undefined variable: orderCount /Applications/XAMPP/xamppfiles/htdocs/lookup/Application/Amaze/View/admin/Index/admin-index.php 第 35 行.
NOTIC: [8] Undefined variable: inComeTotal /Applications/XAMPP/xamppfiles/htdocs/lookup/Application/Amaze/View/admin/Index/admin-index.php 第 35 行.
NOTIC: [2] Division by zero /Applications/XAMPP/xamppfiles/htdocs/lookup/Application/Amaze/View/admin/Index/admin-index.php 第 35 行.
NOTIC: [8] Undefined variable: avg_ratio /Applications/XAMPP/xamppfiles/htdocs/lookup/Application/Amaze/View/admin/Index/admin-index.php 第 38 行.
NOTIC: [8] Undefined variable: balanceCount /Applications/XAMPP/xamppfiles/htdocs/lookup/Application/Amaze/View/admin/Index/admin-index.php 第 44 行.
NOTIC: [8] Undefined variable: withdrawTotal /Applications/XAMPP/xamppfiles/htdocs/lookup/Application/Amaze/View/admin/Index/admin-index.php 第 46 行.
NOTIC: [8] Undefined variable: teacherCount /Applications/XAMPP/xamppfiles/htdocs/lookup/Application/Amaze/View/admin/Index/admin-index.php 第 48 行.
NOTIC: [8] Undefined variable: withdrawCount /Applications/XAMPP/xamppfiles/htdocs/lookup/Application/Amaze/View/admin/Index/admin-index.php 第 50 行.
NOTIC: [8] Undefined variable: inComeTotal /Applications/XAMPP/xamppfiles/htdocs/lookup/Application/Amaze/View/admin/Index/admin-index.php 第 117 行.
NOTIC: [8] Undefined variable: orderCount /Applications/XAMPP/xamppfiles/htdocs/lookup/Application/Amaze/View/admin/Index/admin-index.php 第 119 行.
NOTIC: [8] Undefined variable: orderCount /Applications/XAMPP/xamppfiles/htdocs/lookup/Application/Amaze/View/admin/Index/admin-index.php 第 121 行.
NOTIC: [8] Undefined variable: inComeTotal /Applications/XAMPP/xamppfiles/htdocs/lookup/Application/Amaze/View/admin/Index/admin-index.php 第 121 行.
NOTIC: [2] Division by zero /Applications/XAMPP/xamppfiles/htdocs/lookup/Application/Amaze/View/admin/Index/admin-index.php 第 121 行.
NOTIC: [8] Undefined variable: avg_ratio /Applications/XAMPP/xamppfiles/htdocs/lookup/Application/Amaze/View/admin/Index/admin-index.php 第 123 行.
NOTIC: [8] Undefined variable: balanceCount /Applications/XAMPP/xamppfiles/htdocs/lookup/Application/Amaze/View/admin/Index/admin-index.php 第 129 行.
NOTIC: [8] Undefined variable: withdrawTotal /Applications/XAMPP/xamppfiles/htdocs/lookup/Application/Amaze/View/admin/Index/admin-index.php 第 131 行.
NOTIC: [8] Undefined variable: teacherCount /Applications/XAMPP/xamppfiles/htdocs/lookup/Application/Amaze/View/admin/Index/admin-index.php 第 133 行.
NOTIC: [8] Undefined variable: withdrawCount /Applications/XAMPP/xamppfiles/htdocs/lookup/Application/Amaze/View/admin/Index/admin-index.php 第 135 行.
NOTIC: [8] Undefined variable: day_list /Applications/XAMPP/xamppfiles/htdocs/lookup/Application/Amaze/View/admin/Index/admin-index.php 第 248 行.
NOTIC: [8] Undefined variable: day_list_w /Applications/XAMPP/xamppfiles/htdocs/lookup/Application/Amaze/View/admin/Index/admin-index.php 第 249 行.
NOTIC: [8] Undefined variable: force_list /Applications/XAMPP/xamppfiles/htdocs/lookup/Application/Amaze/View/admin/Index/admin-index.php 第 325 行.
INFO: [ view_filter ] --START--
INFO: Run Behavior\WriteHtmlCacheBehavior [ RunTime:0.000123s ]
INFO: [ view_filter ] --END-- [ RunTime:0.000154s ]
INFO: [ app_end ] --START--
INFO: Run Behavior\ShowPageTraceBehavior [ RunTime:0.000358s ]
INFO: [ app_end ] --END-- [ RunTime:0.000390s ]

[ 2015-12-17T13:40:59+08:00 ] ::1 /lookup/index.php/Amaze/Index/index.html
INFO: [ app_init ] --START--
INFO: Run Behavior\BuildLiteBehavior [ RunTime:0.000009s ]
INFO: [ app_init ] --END-- [ RunTime:0.000200s ]
INFO: [ app_begin ] --START--
INFO: Run Behavior\ReadHtmlCacheBehavior [ RunTime:0.000254s ]
INFO: [ app_begin ] --END-- [ RunTime:0.000285s ]
NOTIC: [8] Undefined variable: inComeTotal /Applications/XAMPP/xamppfiles/htdocs/lookup/Application/Amaze/View/admin/Index/admin-index.php 第 31 行.
NOTIC: [8] Undefined variable: orderCount /Applications/XAMPP/xamppfiles/htdocs/lookup/Application/Amaze/View/admin/Index/admin-index.php 第 33 行.
NOTIC: [8] Undefined variable: orderCount /Applications/XAMPP/xamppfiles/htdocs/lookup/Application/Amaze/View/admin/Index/admin-index.php 第 35 行.
NOTIC: [8] Undefined variable: inComeTotal /Applications/XAMPP/xamppfiles/htdocs/lookup/Application/Amaze/View/admin/Index/admin-index.php 第 35 行.
NOTIC: [2] Division by zero /Applications/XAMPP/xamppfiles/htdocs/lookup/Application/Amaze/View/admin/Index/admin-index.php 第 35 行.
NOTIC: [8] Undefined variable: avg_ratio /Applications/XAMPP/xamppfiles/htdocs/lookup/Application/Amaze/View/admin/Index/admin-index.php 第 38 行.
NOTIC: [8] Undefined variable: balanceCount /Applications/XAMPP/xamppfiles/htdocs/lookup/Application/Amaze/View/admin/Index/admin-index.php 第 44 行.
NOTIC: [8] Undefined variable: withdrawTotal /Applications/XAMPP/xamppfiles/htdocs/lookup/Application/Amaze/View/admin/Index/admin-index.php 第 46 行.
NOTIC: [8] Undefined variable: teacherCount /Applications/XAMPP/xamppfiles/htdocs/lookup/Application/Amaze/View/admin/Index/admin-index.php 第 48 行.
NOTIC: [8] Undefined variable: withdrawCount /Applications/XAMPP/xamppfiles/htdocs/lookup/Application/Amaze/View/admin/Index/admin-index.php 第 50 行.
INFO: [ view_filter ] --START--
INFO: Run Behavior\WriteHtmlCacheBehavior [ RunTime:0.000088s ]
INFO: [ view_filter ] --END-- [ RunTime:0.000114s ]
INFO: [ app_end ] --START--
INFO: Run Behavior\ShowPageTraceBehavior [ RunTime:0.000303s ]
INFO: [ app_end ] --END-- [ RunTime:0.000332s ]

[ 2015-12-17T13:41:00+08:00 ] ::1 /lookup/index.php/Amaze/Index/index.html
INFO: [ app_init ] --START--
INFO: Run Behavior\BuildLiteBehavior [ RunTime:0.000013s ]
INFO: [ app_init ] --END-- [ RunTime:0.000323s ]
INFO: [ app_begin ] --START--
INFO: Run Behavior\ReadHtmlCacheBehavior [ RunTime:0.000406s ]
INFO: [ app_begin ] --END-- [ RunTime:0.000454s ]
NOTIC: [8] Undefined variable: inComeTotal /Applications/XAMPP/xamppfiles/htdocs/lookup/Application/Amaze/View/admin/Index/admin-index.php 第 31 行.
NOTIC: [8] Undefined variable: orderCount /Applications/XAMPP/xamppfiles/htdocs/lookup/Application/Amaze/View/admin/Index/admin-index.php 第 33 行.
NOTIC: [8] Undefined variable: orderCount /Applications/XAMPP/xamppfiles/htdocs/lookup/Application/Amaze/View/admin/Index/admin-index.php 第 35 行.
NOTIC: [8] Undefined variable: inComeTotal /Applications/XAMPP/xamppfiles/htdocs/lookup/Application/Amaze/View/admin/Index/admin-index.php 第 35 行.
NOTIC: [2] Division by zero /Applications/XAMPP/xamppfiles/htdocs/lookup/Application/Amaze/View/admin/Index/admin-index.php 第 35 行.
NOTIC: [8] Undefined variable: avg_ratio /Applications/XAMPP/xamppfiles/htdocs/lookup/Application/Amaze/View/admin/Index/admin-index.php 第 38 行.
NOTIC: [8] Undefined variable: balanceCount /Applications/XAMPP/xamppfiles/htdocs/lookup/Application/Amaze/View/admin/Index/admin-index.php 第 44 行.
NOTIC: [8] Undefined variable: withdrawTotal /Applications/XAMPP/xamppfiles/htdocs/lookup/Application/Amaze/View/admin/Index/admin-index.php 第 46 行.
NOTIC: [8] Undefined variable: teacherCount /Applications/XAMPP/xamppfiles/htdocs/lookup/Application/Amaze/View/admin/Index/admin-index.php 第 48 行.
NOTIC: [8] Undefined variable: withdrawCount /Applications/XAMPP/xamppfiles/htdocs/lookup/Application/Amaze/View/admin/Index/admin-index.php 第 50 行.
INFO: [ view_filter ] --START--
INFO: Run Behavior\WriteHtmlCacheBehavior [ RunTime:0.000217s ]
INFO: [ view_filter ] --END-- [ RunTime:0.000251s ]
INFO: [ app_end ] --START--
INFO: Run Behavior\ShowPageTraceBehavior [ RunTime:0.000346s ]
INFO: [ app_end ] --END-- [ RunTime:0.000378s ]

[ 2015-12-17T13:44:06+08:00 ] ::1 /lookup/index.php/Amaze/Index/index.html
INFO: [ app_init ] --START--
INFO: Run Behavior\BuildLiteBehavior [ RunTime:0.000008s ]
INFO: [ app_init ] --END-- [ RunTime:0.000183s ]
INFO: [ app_begin ] --START--
INFO: Run Behavior\ReadHtmlCacheBehavior [ RunTime:0.000228s ]
INFO: [ app_begin ] --END-- [ RunTime:0.000254s ]
NOTIC: [8] Undefined variable: inComeTotal /Applications/XAMPP/xamppfiles/htdocs/lookup/Application/Amaze/View/admin/Index/admin-index.php 第 31 行.
NOTIC: [8] Undefined variable: orderCount /Applications/XAMPP/xamppfiles/htdocs/lookup/Application/Amaze/View/admin/Index/admin-index.php 第 33 行.
NOTIC: [8] Undefined variable: orderCount /Applications/XAMPP/xamppfiles/htdocs/lookup/Application/Amaze/View/admin/Index/admin-index.php 第 35 行.
NOTIC: [8] Undefined variable: inComeTotal /Applications/XAMPP/xamppfiles/htdocs/lookup/Application/Amaze/View/admin/Index/admin-index.php 第 35 行.
NOTIC: [2] Division by zero /Applications/XAMPP/xamppfiles/htdocs/lookup/Application/Amaze/View/admin/Index/admin-index.php 第 35 行.
NOTIC: [8] Undefined variable: avg_ratio /Applications/XAMPP/xamppfiles/htdocs/lookup/Application/Amaze/View/admin/Index/admin-index.php 第 38 行.
NOTIC: [8] Undefined variable: balanceCount /Applications/XAMPP/xamppfiles/htdocs/lookup/Application/Amaze/View/admin/Index/admin-index.php 第 44 行.
NOTIC: [8] Undefined variable: withdrawTotal /Applications/XAMPP/xamppfiles/htdocs/lookup/Application/Amaze/View/admin/Index/admin-index.php 第 46 行.
NOTIC: [8] Undefined variable: teacherCount /Applications/XAMPP/xamppfiles/htdocs/lookup/Application/Amaze/View/admin/Index/admin-index.php 第 48 行.
NOTIC: [8] Undefined variable: withdrawCount /Applications/XAMPP/xamppfiles/htdocs/lookup/Application/Amaze/View/admin/Index/admin-index.php 第 50 行.
INFO: [ view_filter ] --START--
INFO: Run Behavior\WriteHtmlCacheBehavior [ RunTime:0.000083s ]
INFO: [ view_filter ] --END-- [ RunTime:0.000107s ]
INFO: [ app_end ] --START--
INFO: Run Behavior\ShowPageTraceBehavior [ RunTime:0.000279s ]
INFO: [ app_end ] --END-- [ RunTime:0.000307s ]

[ 2015-12-17T13:44:18+08:00 ] ::1 /lookup/index.php/Amaze/Index/index
INFO: [ app_init ] --START--
INFO: Run Behavior\BuildLiteBehavior [ RunTime:0.000008s ]
INFO: [ app_init ] --END-- [ RunTime:0.000192s ]
INFO: [ app_begin ] --START--
INFO: Run Behavior\ReadHtmlCacheBehavior [ RunTime:0.000307s ]
INFO: [ app_begin ] --END-- [ RunTime:0.000362s ]
NOTIC: [8] Undefined variable: inComeTotal /Applications/XAMPP/xamppfiles/htdocs/lookup/Application/Amaze/View/admin/Index/admin-index.php 第 31 行.
NOTIC: [8] Undefined variable: orderCount /Applications/XAMPP/xamppfiles/htdocs/lookup/Application/Amaze/View/admin/Index/admin-index.php 第 33 行.
NOTIC: [8] Undefined variable: orderCount /Applications/XAMPP/xamppfiles/htdocs/lookup/Application/Amaze/View/admin/Index/admin-index.php 第 35 行.
NOTIC: [8] Undefined variable: inComeTotal /Applications/XAMPP/xamppfiles/htdocs/lookup/Application/Amaze/View/admin/Index/admin-index.php 第 35 行.
NOTIC: [2] Division by zero /Applications/XAMPP/xamppfiles/htdocs/lookup/Application/Amaze/View/admin/Index/admin-index.php 第 35 行.
NOTIC: [8] Undefined variable: avg_ratio /Applications/XAMPP/xamppfiles/htdocs/lookup/Application/Amaze/View/admin/Index/admin-index.php 第 38 行.
NOTIC: [8] Undefined variable: balanceCount /Applications/XAMPP/xamppfiles/htdocs/lookup/Application/Amaze/View/admin/Index/admin-index.php 第 44 行.
NOTIC: [8] Undefined variable: withdrawTotal /Applications/XAMPP/xamppfiles/htdocs/lookup/Application/Amaze/View/admin/Index/admin-index.php 第 46 行.
NOTIC: [8] Undefined variable: teacherCount /Applications/XAMPP/xamppfiles/htdocs/lookup/Application/Amaze/View/admin/Index/admin-index.php 第 48 行.
NOTIC: [8] Undefined variable: withdrawCount /Applications/XAMPP/xamppfiles/htdocs/lookup/Application/Amaze/View/admin/Index/admin-index.php 第 50 行.
INFO: [ view_filter ] --START--
INFO: Run Behavior\WriteHtmlCacheBehavior [ RunTime:0.000149s ]
INFO: [ view_filter ] --END-- [ RunTime:0.000193s ]
INFO: [ app_end ] --START--
INFO: Run Behavior\ShowPageTraceBehavior [ RunTime:0.000494s ]
INFO: [ app_end ] --END-- [ RunTime:0.000549s ]

[ 2015-12-17T13:45:42+08:00 ] ::1 /lookup/index.php/Amaze/Index/index
INFO: [ app_init ] --START--
INFO: Run Behavior\BuildLiteBehavior [ RunTime:0.000012s ]
INFO: [ app_init ] --END-- [ RunTime:0.000256s ]
INFO: [ app_begin ] --START--
INFO: Run Behavior\ReadHtmlCacheBehavior [ RunTime:0.000267s ]
INFO: [ app_begin ] --END-- [ RunTime:0.000314s ]
INFO: [ view_filter ] --START--
INFO: Run Behavior\WriteHtmlCacheBehavior [ RunTime:0.000089s ]
INFO: [ view_filter ] --END-- [ RunTime:0.000119s ]
INFO: [ app_end ] --START--
INFO: Run Behavior\ShowPageTraceBehavior [ RunTime:0.000273s ]
INFO: [ app_end ] --END-- [ RunTime:0.000303s ]

[ 2015-12-17T13:46:33+08:00 ] ::1 /lookup/index.php/Amaze/Index/index
INFO: [ app_init ] --START--
INFO: Run Behavior\BuildLiteBehavior [ RunTime:0.000011s ]
INFO: [ app_init ] --END-- [ RunTime:0.000275s ]
INFO: [ app_begin ] --START--
INFO: Run Behavior\ReadHtmlCacheBehavior [ RunTime:0.000251s ]
INFO: [ app_begin ] --END-- [ RunTime:0.000278s ]
INFO: [ view_filter ] --START--
INFO: Run Behavior\WriteHtmlCacheBehavior [ RunTime:0.000097s ]
INFO: [ view_filter ] --END-- [ RunTime:0.000143s ]
INFO: [ app_end ] --START--
INFO: Run Behavior\ShowPageTraceBehavior [ RunTime:0.000434s ]
INFO: [ app_end ] --END-- [ RunTime:0.000469s ]

[ 2015-12-17T13:46:39+08:00 ] ::1 /lookup/index.php/Amaze/Teacher/listUser.html
INFO: [ app_init ] --START--
INFO: Run Behavior\BuildLiteBehavior [ RunTime:0.000009s ]
INFO: [ app_init ] --END-- [ RunTime:0.000208s ]
INFO: [ app_begin ] --START--
INFO: Run Behavior\ReadHtmlCacheBehavior [ RunTime:0.000272s ]
INFO: [ app_begin ] --END-- [ RunTime:0.000305s ]
ERR: 1146:Table 'lookup.teacher' doesn't exist
 [ SQL语句 ] : SHOW COLUMNS FROM `teacher`
ERR: 1146:Table 'lookup.teacher' doesn't exist
 [ SQL语句 ] : SHOW COLUMNS FROM `teacher`

[ 2015-12-17T14:13:00+08:00 ] ::1 /lookup/index.php/Amaze/Teacher/listUser.html
INFO: [ app_init ] --START--
INFO: Run Behavior\BuildLiteBehavior [ RunTime:0.000010s ]
INFO: [ app_init ] --END-- [ RunTime:0.000204s ]
INFO: [ app_begin ] --START--
INFO: Run Behavior\ReadHtmlCacheBehavior [ RunTime:0.000336s ]
INFO: [ app_begin ] --END-- [ RunTime:0.000366s ]
SQL: select t.good,t.bad,t.name,t.pic,t.school_name,t.description,
    					count(c.examiner) as comment_num
    				    from examiner as t left join comment as c on c.examiner=t.id 
    				    group by t.id order by count(c.examiner) [ RunTime:0.0007s ]
NOTIC: [8] Undefined variable: data /Applications/XAMPP/xamppfiles/htdocs/lookup/Application/Amaze/Controller/TeacherController.class.php 第 38 行.
NOTIC: [2] Invalid argument supplied for foreach() /Applications/XAMPP/xamppfiles/htdocs/lookup/Application/Amaze/View/admin/Teacher/admin-table.php 第 57 行.
INFO: [ view_filter ] --START--
INFO: Run Behavior\WriteHtmlCacheBehavior [ RunTime:0.000117s ]
INFO: [ view_filter ] --END-- [ RunTime:0.000147s ]
INFO: [ app_end ] --START--
INFO: Run Behavior\ShowPageTraceBehavior [ RunTime:0.000459s ]
INFO: [ app_end ] --END-- [ RunTime:0.000499s ]

[ 2015-12-17T14:13:00+08:00 ] ::1 /lookup/index.php/Amaze/Teacher/listUser.html
INFO: [ app_init ] --START--
INFO: Run Behavior\BuildLiteBehavior [ RunTime:0.000009s ]
INFO: [ app_init ] --END-- [ RunTime:0.000200s ]
INFO: [ app_begin ] --START--
INFO: Run Behavior\ReadHtmlCacheBehavior [ RunTime:0.000240s ]
INFO: [ app_begin ] --END-- [ RunTime:0.000267s ]
SQL: select t.good,t.bad,t.name,t.pic,t.school_name,t.description,
    					count(c.examiner) as comment_num
    				    from examiner as t left join comment as c on c.examiner=t.id 
    				    group by t.id order by count(c.examiner) [ RunTime:0.0003s ]
NOTIC: [8] Undefined variable: data /Applications/XAMPP/xamppfiles/htdocs/lookup/Application/Amaze/Controller/TeacherController.class.php 第 38 行.
NOTIC: [2] Invalid argument supplied for foreach() /Applications/XAMPP/xamppfiles/htdocs/lookup/Application/Amaze/View/admin/Teacher/admin-table.php 第 57 行.
INFO: [ view_filter ] --START--
INFO: Run Behavior\WriteHtmlCacheBehavior [ RunTime:0.000089s ]
INFO: [ view_filter ] --END-- [ RunTime:0.000114s ]
INFO: [ app_end ] --START--
INFO: Run Behavior\ShowPageTraceBehavior [ RunTime:0.000288s ]
INFO: [ app_end ] --END-- [ RunTime:0.000314s ]

[ 2015-12-17T14:13:01+08:00 ] ::1 /lookup/index.php/Amaze/Teacher/listUser.html
INFO: [ app_init ] --START--
INFO: Run Behavior\BuildLiteBehavior [ RunTime:0.000008s ]
INFO: [ app_init ] --END-- [ RunTime:0.000179s ]
INFO: [ app_begin ] --START--
INFO: Run Behavior\ReadHtmlCacheBehavior [ RunTime:0.000225s ]
INFO: [ app_begin ] --END-- [ RunTime:0.000252s ]
SQL: select t.good,t.bad,t.name,t.pic,t.school_name,t.description,
    					count(c.examiner) as comment_num
    				    from examiner as t left join comment as c on c.examiner=t.id 
    				    group by t.id order by count(c.examiner) [ RunTime:0.0004s ]
NOTIC: [8] Undefined variable: data /Applications/XAMPP/xamppfiles/htdocs/lookup/Application/Amaze/Controller/TeacherController.class.php 第 38 行.
NOTIC: [2] Invalid argument supplied for foreach() /Applications/XAMPP/xamppfiles/htdocs/lookup/Application/Amaze/View/admin/Teacher/admin-table.php 第 57 行.
INFO: [ view_filter ] --START--
INFO: Run Behavior\WriteHtmlCacheBehavior [ RunTime:0.000118s ]
INFO: [ view_filter ] --END-- [ RunTime:0.000147s ]
INFO: [ app_end ] --START--
INFO: Run Behavior\ShowPageTraceBehavior [ RunTime:0.000446s ]
INFO: [ app_end ] --END-- [ RunTime:0.000496s ]

[ 2015-12-17T14:13:01+08:00 ] ::1 /lookup/index.php/Amaze/Teacher/listUser.html
INFO: [ app_init ] --START--
INFO: Run Behavior\BuildLiteBehavior [ RunTime:0.000010s ]
INFO: [ app_init ] --END-- [ RunTime:0.000231s ]
INFO: [ app_begin ] --START--
INFO: Run Behavior\ReadHtmlCacheBehavior [ RunTime:0.000283s ]
INFO: [ app_begin ] --END-- [ RunTime:0.000313s ]
SQL: select t.good,t.bad,t.name,t.pic,t.school_name,t.description,
    					count(c.examiner) as comment_num
    				    from examiner as t left join comment as c on c.examiner=t.id 
    				    group by t.id order by count(c.examiner) [ RunTime:0.0004s ]
NOTIC: [8] Undefined variable: data /Applications/XAMPP/xamppfiles/htdocs/lookup/Application/Amaze/Controller/TeacherController.class.php 第 38 行.
NOTIC: [2] Invalid argument supplied for foreach() /Applications/XAMPP/xamppfiles/htdocs/lookup/Application/Amaze/View/admin/Teacher/admin-table.php 第 57 行.
INFO: [ view_filter ] --START--
INFO: Run Behavior\WriteHtmlCacheBehavior [ RunTime:0.000101s ]
INFO: [ view_filter ] --END-- [ RunTime:0.000129s ]
INFO: [ app_end ] --START--
INFO: Run Behavior\ShowPageTraceBehavior [ RunTime:0.000318s ]
INFO: [ app_end ] --END-- [ RunTime:0.000348s ]

[ 2015-12-17T14:13:02+08:00 ] ::1 /lookup/index.php/Amaze/Teacher/listUser.html
INFO: [ app_init ] --START--
INFO: Run Behavior\BuildLiteBehavior [ RunTime:0.000011s ]
INFO: [ app_init ] --END-- [ RunTime:0.000294s ]
INFO: [ app_begin ] --START--
INFO: Run Behavior\ReadHtmlCacheBehavior [ RunTime:0.000270s ]
INFO: [ app_begin ] --END-- [ RunTime:0.000303s ]
SQL: select t.good,t.bad,t.name,t.pic,t.school_name,t.description,
    					count(c.examiner) as comment_num
    				    from examiner as t left join comment as c on c.examiner=t.id 
    				    group by t.id order by count(c.examiner) [ RunTime:0.0003s ]
NOTIC: [8] Undefined variable: data /Applications/XAMPP/xamppfiles/htdocs/lookup/Application/Amaze/Controller/TeacherController.class.php 第 38 行.
NOTIC: [2] Invalid argument supplied for foreach() /Applications/XAMPP/xamppfiles/htdocs/lookup/Application/Amaze/View/admin/Teacher/admin-table.php 第 57 行.
INFO: [ view_filter ] --START--
INFO: Run Behavior\WriteHtmlCacheBehavior [ RunTime:0.000091s ]
INFO: [ view_filter ] --END-- [ RunTime:0.000116s ]
INFO: [ app_end ] --START--
INFO: Run Behavior\ShowPageTraceBehavior [ RunTime:0.000311s ]
INFO: [ app_end ] --END-- [ RunTime:0.000343s ]

[ 2015-12-17T14:13:02+08:00 ] ::1 /lookup/index.php/Amaze/Teacher/listUser.html
INFO: [ app_init ] --START--
INFO: Run Behavior\BuildLiteBehavior [ RunTime:0.000020s ]
INFO: [ app_init ] --END-- [ RunTime:0.000428s ]
INFO: [ app_begin ] --START--
INFO: Run Behavior\ReadHtmlCacheBehavior [ RunTime:0.000284s ]
INFO: [ app_begin ] --END-- [ RunTime:0.000315s ]
SQL: select t.good,t.bad,t.name,t.pic,t.school_name,t.description,
    					count(c.examiner) as comment_num
    				    from examiner as t left join comment as c on c.examiner=t.id 
    				    group by t.id order by count(c.examiner) [ RunTime:0.0003s ]
NOTIC: [8] Undefined variable: data /Applications/XAMPP/xamppfiles/htdocs/lookup/Application/Amaze/Controller/TeacherController.class.php 第 38 行.
NOTIC: [2] Invalid argument supplied for foreach() /Applications/XAMPP/xamppfiles/htdocs/lookup/Application/Amaze/View/admin/Teacher/admin-table.php 第 57 行.
INFO: [ view_filter ] --START--
INFO: Run Behavior\WriteHtmlCacheBehavior [ RunTime:0.000090s ]
INFO: [ view_filter ] --END-- [ RunTime:0.000115s ]
INFO: [ app_end ] --START--
INFO: Run Behavior\ShowPageTraceBehavior [ RunTime:0.000323s ]
INFO: [ app_end ] --END-- [ RunTime:0.000356s ]

[ 2015-12-17T14:13:03+08:00 ] ::1 /lookup/index.php/Amaze/Teacher/listUser.html
INFO: [ app_init ] --START--
INFO: Run Behavior\BuildLiteBehavior [ RunTime:0.000010s ]
INFO: [ app_init ] --END-- [ RunTime:0.000201s ]
INFO: [ app_begin ] --START--
INFO: Run Behavior\ReadHtmlCacheBehavior [ RunTime:0.000243s ]
INFO: [ app_begin ] --END-- [ RunTime:0.000269s ]
SQL: select t.good,t.bad,t.name,t.pic,t.school_name,t.description,
    					count(c.examiner) as comment_num
    				    from examiner as t left join comment as c on c.examiner=t.id 
    				    group by t.id order by count(c.examiner) [ RunTime:0.0004s ]
NOTIC: [8] Undefined variable: data /Applications/XAMPP/xamppfiles/htdocs/lookup/Application/Amaze/Controller/TeacherController.class.php 第 38 行.
NOTIC: [2] Invalid argument supplied for foreach() /Applications/XAMPP/xamppfiles/htdocs/lookup/Application/Amaze/View/admin/Teacher/admin-table.php 第 57 行.
INFO: [ view_filter ] --START--
INFO: Run Behavior\WriteHtmlCacheBehavior [ RunTime:0.000098s ]
INFO: [ view_filter ] --END-- [ RunTime:0.000125s ]
INFO: [ app_end ] --START--
INFO: Run Behavior\ShowPageTraceBehavior [ RunTime:0.000310s ]
INFO: [ app_end ] --END-- [ RunTime:0.000338s ]

[ 2015-12-17T14:13:03+08:00 ] ::1 /lookup/index.php/Amaze/Teacher/listUser.html
INFO: [ app_init ] --START--
INFO: Run Behavior\BuildLiteBehavior [ RunTime:0.000008s ]
INFO: [ app_init ] --END-- [ RunTime:0.000178s ]
INFO: [ app_begin ] --START--
INFO: Run Behavior\ReadHtmlCacheBehavior [ RunTime:0.000223s ]
INFO: [ app_begin ] --END-- [ RunTime:0.000248s ]
SQL: select t.good,t.bad,t.name,t.pic,t.school_name,t.description,
    					count(c.examiner) as comment_num
    				    from examiner as t left join comment as c on c.examiner=t.id 
    				    group by t.id order by count(c.examiner) [ RunTime:0.0004s ]
NOTIC: [8] Undefined variable: data /Applications/XAMPP/xamppfiles/htdocs/lookup/Application/Amaze/Controller/TeacherController.class.php 第 38 行.
NOTIC: [2] Invalid argument supplied for foreach() /Applications/XAMPP/xamppfiles/htdocs/lookup/Application/Amaze/View/admin/Teacher/admin-table.php 第 57 行.
INFO: [ view_filter ] --START--
INFO: Run Behavior\WriteHtmlCacheBehavior [ RunTime:0.000109s ]
INFO: [ view_filter ] --END-- [ RunTime:0.000138s ]
INFO: [ app_end ] --START--
INFO: Run Behavior\ShowPageTraceBehavior [ RunTime:0.000343s ]
INFO: [ app_end ] --END-- [ RunTime:0.000375s ]

[ 2015-12-17T14:13:04+08:00 ] ::1 /lookup/index.php/Amaze/Teacher/listUser.html
INFO: [ app_init ] --START--
INFO: Run Behavior\BuildLiteBehavior [ RunTime:0.000008s ]
INFO: [ app_init ] --END-- [ RunTime:0.000179s ]
INFO: [ app_begin ] --START--
INFO: Run Behavior\ReadHtmlCacheBehavior [ RunTime:0.000225s ]
INFO: [ app_begin ] --END-- [ RunTime:0.000250s ]
SQL: select t.good,t.bad,t.name,t.pic,t.school_name,t.description,
    					count(c.examiner) as comment_num
    				    from examiner as t left join comment as c on c.examiner=t.id 
    				    group by t.id order by count(c.examiner) [ RunTime:0.0003s ]
NOTIC: [8] Undefined variable: data /Applications/XAMPP/xamppfiles/htdocs/lookup/Application/Amaze/Controller/TeacherController.class.php 第 38 行.
NOTIC: [2] Invalid argument supplied for foreach() /Applications/XAMPP/xamppfiles/htdocs/lookup/Application/Amaze/View/admin/Teacher/admin-table.php 第 57 行.
INFO: [ view_filter ] --START--
INFO: Run Behavior\WriteHtmlCacheBehavior [ RunTime:0.000092s ]
INFO: [ view_filter ] --END-- [ RunTime:0.000120s ]
INFO: [ app_end ] --START--
INFO: Run Behavior\ShowPageTraceBehavior [ RunTime:0.000292s ]
INFO: [ app_end ] --END-- [ RunTime:0.000320s ]

[ 2015-12-17T14:13:06+08:00 ] ::1 /lookup/index.php/Amaze/Teacher/listUser.html
INFO: [ app_init ] --START--
INFO: Run Behavior\BuildLiteBehavior [ RunTime:0.000010s ]
INFO: [ app_init ] --END-- [ RunTime:0.000216s ]
INFO: [ app_begin ] --START--
INFO: Run Behavior\ReadHtmlCacheBehavior [ RunTime:0.000267s ]
INFO: [ app_begin ] --END-- [ RunTime:0.000296s ]
SQL: select t.good,t.bad,t.name,t.pic,t.school_name,t.description,
    					count(c.examiner) as comment_num
    				    from examiner as t left join comment as c on c.examiner=t.id 
    				    group by t.id order by count(c.examiner) [ RunTime:0.0004s ]
NOTIC: [8] Undefined variable: data /Applications/XAMPP/xamppfiles/htdocs/lookup/Application/Amaze/Controller/TeacherController.class.php 第 38 行.
NOTIC: [2] Invalid argument supplied for foreach() /Applications/XAMPP/xamppfiles/htdocs/lookup/Application/Amaze/View/admin/Teacher/admin-table.php 第 57 行.
INFO: [ view_filter ] --START--
INFO: Run Behavior\WriteHtmlCacheBehavior [ RunTime:0.000099s ]
INFO: [ view_filter ] --END-- [ RunTime:0.000127s ]
INFO: [ app_end ] --START--
INFO: Run Behavior\ShowPageTraceBehavior [ RunTime:0.000292s ]
INFO: [ app_end ] --END-- [ RunTime:0.000319s ]

[ 2015-12-17T14:15:11+08:00 ] ::1 /lookup/index.php/Amaze/Teacher/listUser.html
INFO: [ app_init ] --START--
INFO: Run Behavior\BuildLiteBehavior [ RunTime:0.000009s ]
INFO: [ app_init ] --END-- [ RunTime:0.000220s ]
INFO: [ app_begin ] --START--
INFO: Run Behavior\ReadHtmlCacheBehavior [ RunTime:0.000271s ]
INFO: [ app_begin ] --END-- [ RunTime:0.000300s ]
SQL: select t.good,t.bad,t.name,t.pic,t.school_name,t.description,
    					count(c.examiner) as comment_num
    				    from examiner as t left join comment as c on c.examiner=t.id 
    				    group by t.id order by count(c.examiner) [ RunTime:0.0004s ]
NOTIC: [8] Undefined index: id /Applications/XAMPP/xamppfiles/htdocs/lookup/Application/Amaze/View/admin/Teacher/admin-table.php 第 59 行.
NOTIC: [8] Undefined index: id /Applications/XAMPP/xamppfiles/htdocs/lookup/Application/Amaze/View/admin/Teacher/admin-table.php 第 61 行.
NOTIC: [8] Undefined index: create_time /Applications/XAMPP/xamppfiles/htdocs/lookup/Application/Amaze/View/admin/Teacher/admin-table.php 第 72 行.
NOTIC: [8] Undefined index: group_name /Applications/XAMPP/xamppfiles/htdocs/lookup/Application/Amaze/View/admin/Teacher/admin-table.php 第 73 行.
NOTIC: [8] Undefined index: admin_name /Applications/XAMPP/xamppfiles/htdocs/lookup/Application/Amaze/View/admin/Teacher/admin-table.php 第 73 行.
NOTIC: [8] Undefined index: id /Applications/XAMPP/xamppfiles/htdocs/lookup/Application/Amaze/View/admin/Teacher/admin-table.php 第 77 行.
NOTIC: [8] Undefined index: id /Applications/XAMPP/xamppfiles/htdocs/lookup/Application/Amaze/View/admin/Teacher/admin-table.php 第 78 行.
NOTIC: [8] Undefined index: id /Applications/XAMPP/xamppfiles/htdocs/lookup/Application/Amaze/View/admin/Teacher/admin-table.php 第 79 行.
NOTIC: [8] Undefined index: id /Applications/XAMPP/xamppfiles/htdocs/lookup/Application/Amaze/View/admin/Teacher/admin-table.php 第 59 行.
NOTIC: [8] Undefined index: id /Applications/XAMPP/xamppfiles/htdocs/lookup/Application/Amaze/View/admin/Teacher/admin-table.php 第 61 行.
NOTIC: [8] Undefined index: create_time /Applications/XAMPP/xamppfiles/htdocs/lookup/Application/Amaze/View/admin/Teacher/admin-table.php 第 72 行.
NOTIC: [8] Undefined index: group_name /Applications/XAMPP/xamppfiles/htdocs/lookup/Application/Amaze/View/admin/Teacher/admin-table.php 第 73 行.
NOTIC: [8] Undefined index: admin_name /Applications/XAMPP/xamppfiles/htdocs/lookup/Application/Amaze/View/admin/Teacher/admin-table.php 第 73 行.
NOTIC: [8] Undefined index: id /Applications/XAMPP/xamppfiles/htdocs/lookup/Application/Amaze/View/admin/Teacher/admin-table.php 第 77 行.
NOTIC: [8] Undefined index: id /Applications/XAMPP/xamppfiles/htdocs/lookup/Application/Amaze/View/admin/Teacher/admin-table.php 第 78 行.
NOTIC: [8] Undefined index: id /Applications/XAMPP/xamppfiles/htdocs/lookup/Application/Amaze/View/admin/Teacher/admin-table.php 第 79 行.
NOTIC: [8] Undefined index: id /Applications/XAMPP/xamppfiles/htdocs/lookup/Application/Amaze/View/admin/Teacher/admin-table.php 第 59 行.
NOTIC: [8] Undefined index: id /Applications/XAMPP/xamppfiles/htdocs/lookup/Application/Amaze/View/admin/Teacher/admin-table.php 第 61 行.
NOTIC: [8] Undefined index: create_time /Applications/XAMPP/xamppfiles/htdocs/lookup/Application/Amaze/View/admin/Teacher/admin-table.php 第 72 行.
NOTIC: [8] Undefined index: group_name /Applications/XAMPP/xamppfiles/htdocs/lookup/Application/Amaze/View/admin/Teacher/admin-table.php 第 73 行.
NOTIC: [8] Undefined index: admin_name /Applications/XAMPP/xamppfiles/htdocs/lookup/Application/Amaze/View/admin/Teacher/admin-table.php 第 73 行.
NOTIC: [8] Undefined index: id /Applications/XAMPP/xamppfiles/htdocs/lookup/Application/Amaze/View/admin/Teacher/admin-table.php 第 77 行.
NOTIC: [8] Undefined index: id /Applications/XAMPP/xamppfiles/htdocs/lookup/Application/Amaze/View/admin/Teacher/admin-table.php 第 78 行.
NOTIC: [8] Undefined index: id /Applications/XAMPP/xamppfiles/htdocs/lookup/Application/Amaze/View/admin/Teacher/admin-table.php 第 79 行.
INFO: [ view_filter ] --START--
INFO: Run Behavior\WriteHtmlCacheBehavior [ RunTime:0.000108s ]
INFO: [ view_filter ] --END-- [ RunTime:0.000136s ]
INFO: [ app_end ] --START--
INFO: Run Behavior\ShowPageTraceBehavior [ RunTime:0.000394s ]
INFO: [ app_end ] --END-- [ RunTime:0.000428s ]

[ 2015-12-17T14:16:09+08:00 ] ::1 /lookup/index.php/Amaze/Teacher/listUser.html
INFO: [ app_init ] --START--
INFO: Run Behavior\BuildLiteBehavior [ RunTime:0.000014s ]
INFO: [ app_init ] --END-- [ RunTime:0.000235s ]
INFO: [ app_begin ] --START--
INFO: Run Behavior\ReadHtmlCacheBehavior [ RunTime:0.000255s ]
INFO: [ app_begin ] --END-- [ RunTime:0.000286s ]
SQL: select t.good,t.bad,t.name,t.pic,t.school_name,t.description,
    					count(c.examiner) as comment_num
    				    from examiner as t left join comment as c on c.examiner=t.id 
    				    group by t.id order by count(c.examiner) [ RunTime:0.0004s ]
NOTIC: [8] Undefined index: id /Applications/XAMPP/xamppfiles/htdocs/lookup/Application/Amaze/View/admin/Teacher/admin-table.php 第 59 行.
NOTIC: [8] Undefined index: id /Applications/XAMPP/xamppfiles/htdocs/lookup/Application/Amaze/View/admin/Teacher/admin-table.php 第 61 行.
NOTIC: [8] Undefined index: create_time /Applications/XAMPP/xamppfiles/htdocs/lookup/Application/Amaze/View/admin/Teacher/admin-table.php 第 72 行.
NOTIC: [8] Undefined index: group_name /Applications/XAMPP/xamppfiles/htdocs/lookup/Application/Amaze/View/admin/Teacher/admin-table.php 第 73 行.
NOTIC: [8] Undefined index: admin_name /Applications/XAMPP/xamppfiles/htdocs/lookup/Application/Amaze/View/admin/Teacher/admin-table.php 第 73 行.
NOTIC: [8] Undefined index: id /Applications/XAMPP/xamppfiles/htdocs/lookup/Application/Amaze/View/admin/Teacher/admin-table.php 第 77 行.
NOTIC: [8] Undefined index: id /Applications/XAMPP/xamppfiles/htdocs/lookup/Application/Amaze/View/admin/Teacher/admin-table.php 第 78 行.
NOTIC: [8] Undefined index: id /Applications/XAMPP/xamppfiles/htdocs/lookup/Application/Amaze/View/admin/Teacher/admin-table.php 第 79 行.
NOTIC: [8] Undefined index: id /Applications/XAMPP/xamppfiles/htdocs/lookup/Application/Amaze/View/admin/Teacher/admin-table.php 第 59 行.
NOTIC: [8] Undefined index: id /Applications/XAMPP/xamppfiles/htdocs/lookup/Application/Amaze/View/admin/Teacher/admin-table.php 第 61 行.
NOTIC: [8] Undefined index: create_time /Applications/XAMPP/xamppfiles/htdocs/lookup/Application/Amaze/View/admin/Teacher/admin-table.php 第 72 行.
NOTIC: [8] Undefined index: group_name /Applications/XAMPP/xamppfiles/htdocs/lookup/Application/Amaze/View/admin/Teacher/admin-table.php 第 73 行.
NOTIC: [8] Undefined index: admin_name /Applications/XAMPP/xamppfiles/htdocs/lookup/Application/Amaze/View/admin/Teacher/admin-table.php 第 73 行.
NOTIC: [8] Undefined index: id /Applications/XAMPP/xamppfiles/htdocs/lookup/Application/Amaze/View/admin/Teacher/admin-table.php 第 77 行.
NOTIC: [8] Undefined index: id /Applications/XAMPP/xamppfiles/htdocs/lookup/Application/Amaze/View/admin/Teacher/admin-table.php 第 78 行.
NOTIC: [8] Undefined index: id /Applications/XAMPP/xamppfiles/htdocs/lookup/Application/Amaze/View/admin/Teacher/admin-table.php 第 79 行.
NOTIC: [8] Undefined index: id /Applications/XAMPP/xamppfiles/htdocs/lookup/Application/Amaze/View/admin/Teacher/admin-table.php 第 59 行.
NOTIC: [8] Undefined index: id /Applications/XAMPP/xamppfiles/htdocs/lookup/Application/Amaze/View/admin/Teacher/admin-table.php 第 61 行.
NOTIC: [8] Undefined index: create_time /Applications/XAMPP/xamppfiles/htdocs/lookup/Application/Amaze/View/admin/Teacher/admin-table.php 第 72 行.
NOTIC: [8] Undefined index: group_name /Applications/XAMPP/xamppfiles/htdocs/lookup/Application/Amaze/View/admin/Teacher/admin-table.php 第 73 行.
NOTIC: [8] Undefined index: admin_name /Applications/XAMPP/xamppfiles/htdocs/lookup/Application/Amaze/View/admin/Teacher/admin-table.php 第 73 行.
NOTIC: [8] Undefined index: id /Applications/XAMPP/xamppfiles/htdocs/lookup/Application/Amaze/View/admin/Teacher/admin-table.php 第 77 行.
NOTIC: [8] Undefined index: id /Applications/XAMPP/xamppfiles/htdocs/lookup/Application/Amaze/View/admin/Teacher/admin-table.php 第 78 行.
NOTIC: [8] Undefined index: id /Applications/XAMPP/xamppfiles/htdocs/lookup/Application/Amaze/View/admin/Teacher/admin-table.php 第 79 行.
INFO: [ view_filter ] --START--
INFO: Run Behavior\WriteHtmlCacheBehavior [ RunTime:0.000106s ]
INFO: [ view_filter ] --END-- [ RunTime:0.000136s ]
INFO: [ app_end ] --START--
INFO: Run Behavior\ShowPageTraceBehavior [ RunTime:0.000311s ]
INFO: [ app_end ] --END-- [ RunTime:0.000343s ]

[ 2015-12-17T14:16:40+08:00 ] ::1 /lookup/index.php/Amaze/Teacher/listUser.html
INFO: [ app_init ] --START--
INFO: Run Behavior\BuildLiteBehavior [ RunTime:0.000008s ]
INFO: [ app_init ] --END-- [ RunTime:0.000186s ]
INFO: [ app_begin ] --START--
INFO: Run Behavior\ReadHtmlCacheBehavior [ RunTime:0.000226s ]
INFO: [ app_begin ] --END-- [ RunTime:0.000253s ]
SQL: select t.good,t.bad,t.name,t.pic,t.school_name,t.description,
    					count(c.examiner) as comment_num
    				    from examiner as t left join comment as c on c.examiner=t.id 
    				    group by t.id order by count(c.examiner) [ RunTime:0.0004s ]
NOTIC: [8] Undefined index: id /Applications/XAMPP/xamppfiles/htdocs/lookup/Application/Amaze/View/admin/Teacher/admin-table.php 第 59 行.
NOTIC: [8] Undefined index: id /Applications/XAMPP/xamppfiles/htdocs/lookup/Application/Amaze/View/admin/Teacher/admin-table.php 第 61 行.
NOTIC: [8] Undefined index: create_time /Applications/XAMPP/xamppfiles/htdocs/lookup/Application/Amaze/View/admin/Teacher/admin-table.php 第 71 行.
NOTIC: [8] Undefined index: group_name /Applications/XAMPP/xamppfiles/htdocs/lookup/Application/Amaze/View/admin/Teacher/admin-table.php 第 72 行.
NOTIC: [8] Undefined index: admin_name /Applications/XAMPP/xamppfiles/htdocs/lookup/Application/Amaze/View/admin/Teacher/admin-table.php 第 72 行.
NOTIC: [8] Undefined index: id /Applications/XAMPP/xamppfiles/htdocs/lookup/Application/Amaze/View/admin/Teacher/admin-table.php 第 76 行.
NOTIC: [8] Undefined index: id /Applications/XAMPP/xamppfiles/htdocs/lookup/Application/Amaze/View/admin/Teacher/admin-table.php 第 77 行.
NOTIC: [8] Undefined index: id /Applications/XAMPP/xamppfiles/htdocs/lookup/Application/Amaze/View/admin/Teacher/admin-table.php 第 78 行.
NOTIC: [8] Undefined index: id /Applications/XAMPP/xamppfiles/htdocs/lookup/Application/Amaze/View/admin/Teacher/admin-table.php 第 59 行.
NOTIC: [8] Undefined index: id /Applications/XAMPP/xamppfiles/htdocs/lookup/Application/Amaze/View/admin/Teacher/admin-table.php 第 61 行.
NOTIC: [8] Undefined index: create_time /Applications/XAMPP/xamppfiles/htdocs/lookup/Application/Amaze/View/admin/Teacher/admin-table.php 第 71 行.
NOTIC: [8] Undefined index: group_name /Applications/XAMPP/xamppfiles/htdocs/lookup/Application/Amaze/View/admin/Teacher/admin-table.php 第 72 行.
NOTIC: [8] Undefined index: admin_name /Applications/XAMPP/xamppfiles/htdocs/lookup/Application/Amaze/View/admin/Teacher/admin-table.php 第 72 行.
NOTIC: [8] Undefined index: id /Applications/XAMPP/xamppfiles/htdocs/lookup/Application/Amaze/View/admin/Teacher/admin-table.php 第 76 行.
NOTIC: [8] Undefined index: id /Applications/XAMPP/xamppfiles/htdocs/lookup/Application/Amaze/View/admin/Teacher/admin-table.php 第 77 行.
NOTIC: [8] Undefined index: id /Applications/XAMPP/xamppfiles/htdocs/lookup/Application/Amaze/View/admin/Teacher/admin-table.php 第 78 行.
NOTIC: [8] Undefined index: id /Applications/XAMPP/xamppfiles/htdocs/lookup/Application/Amaze/View/admin/Teacher/admin-table.php 第 59 行.
NOTIC: [8] Undefined index: id /Applications/XAMPP/xamppfiles/htdocs/lookup/Application/Amaze/View/admin/Teacher/admin-table.php 第 61 行.
NOTIC: [8] Undefined index: create_time /Applications/XAMPP/xamppfiles/htdocs/lookup/Application/Amaze/View/admin/Teacher/admin-table.php 第 71 行.
NOTIC: [8] Undefined index: group_name /Applications/XAMPP/xamppfiles/htdocs/lookup/Application/Amaze/View/admin/Teacher/admin-table.php 第 72 行.
NOTIC: [8] Undefined index: admin_name /Applications/XAMPP/xamppfiles/htdocs/lookup/Application/Amaze/View/admin/Teacher/admin-table.php 第 72 行.
NOTIC: [8] Undefined index: id /Applications/XAMPP/xamppfiles/htdocs/lookup/Application/Amaze/View/admin/Teacher/admin-table.php 第 76 行.
NOTIC: [8] Undefined index: id /Applications/XAMPP/xamppfiles/htdocs/lookup/Application/Amaze/View/admin/Teacher/admin-table.php 第 77 行.
NOTIC: [8] Undefined index: id /Applications/XAMPP/xamppfiles/htdocs/lookup/Application/Amaze/View/admin/Teacher/admin-table.php 第 78 行.
INFO: [ view_filter ] --START--
INFO: Run Behavior\WriteHtmlCacheBehavior [ RunTime:0.000104s ]
INFO: [ view_filter ] --END-- [ RunTime:0.000133s ]
INFO: [ app_end ] --START--
INFO: Run Behavior\ShowPageTraceBehavior [ RunTime:0.000319s ]
INFO: [ app_end ] --END-- [ RunTime:0.000349s ]

[ 2015-12-17T14:18:14+08:00 ] ::1 /lookup/index.php/Amaze/Teacher/listUser.html
INFO: [ app_init ] --START--
INFO: Run Behavior\BuildLiteBehavior [ RunTime:0.000008s ]
INFO: [ app_init ] --END-- [ RunTime:0.000187s ]
INFO: [ app_begin ] --START--
INFO: Run Behavior\ReadHtmlCacheBehavior [ RunTime:0.000229s ]
INFO: [ app_begin ] --END-- [ RunTime:0.000256s ]
ERR: 1064:You have an error in your SQL syntax; check the manual that corresponds to your MySQL server version for the right syntax to use near 'count(c.examiner) as comment_num
    				    from examiner as t left join commen' at line 2
 [ SQL语句 ] : select t.good,t.bad,t.name,t.pic,t.school_name,t.description,t.create_time
    					count(c.examiner) as comment_num
    				    from examiner as t left join comment as c on c.examiner=t.id 
    				    group by t.id order by count(c.examiner)
ERR: 1064:You have an error in your SQL syntax; check the manual that corresponds to your MySQL server version for the right syntax to use near 'count(c.examiner) as comment_num
    				    from examiner as t left join commen' at line 2
 [ SQL语句 ] : select t.good,t.bad,t.name,t.pic,t.school_name,t.description,t.create_time
    					count(c.examiner) as comment_num
    				    from examiner as t left join comment as c on c.examiner=t.id 
    				    group by t.id order by count(c.examiner)

[ 2015-12-17T14:18:52+08:00 ] ::1 /lookup/index.php/Amaze/Teacher/listUser.html
INFO: [ app_init ] --START--
INFO: Run Behavior\BuildLiteBehavior [ RunTime:0.000008s ]
INFO: [ app_init ] --END-- [ RunTime:0.000186s ]
INFO: [ app_begin ] --START--
INFO: Run Behavior\ReadHtmlCacheBehavior [ RunTime:0.000226s ]
INFO: [ app_begin ] --END-- [ RunTime:0.000253s ]
SQL: select t.good,t.bad,t.name,t.pic,t.school_name,t.description,t.create_time,
    					count(c.examiner) as comment_num
    				    from examiner as t left join comment as c on c.examiner=t.id 
    				    group by t.id order by count(c.examiner) [ RunTime:0.0004s ]
NOTIC: [8] Undefined index: id /Applications/XAMPP/xamppfiles/htdocs/lookup/Application/Amaze/View/admin/Teacher/admin-table.php 第 59 行.
NOTIC: [8] Undefined index: id /Applications/XAMPP/xamppfiles/htdocs/lookup/Application/Amaze/View/admin/Teacher/admin-table.php 第 61 行.
NOTIC: [8] Undefined index: group_name /Applications/XAMPP/xamppfiles/htdocs/lookup/Application/Amaze/View/admin/Teacher/admin-table.php 第 73 行.
NOTIC: [8] Undefined index: admin_name /Applications/XAMPP/xamppfiles/htdocs/lookup/Application/Amaze/View/admin/Teacher/admin-table.php 第 73 行.
NOTIC: [8] Undefined index: id /Applications/XAMPP/xamppfiles/htdocs/lookup/Application/Amaze/View/admin/Teacher/admin-table.php 第 77 行.
NOTIC: [8] Undefined index: id /Applications/XAMPP/xamppfiles/htdocs/lookup/Application/Amaze/View/admin/Teacher/admin-table.php 第 78 行.
NOTIC: [8] Undefined index: id /Applications/XAMPP/xamppfiles/htdocs/lookup/Application/Amaze/View/admin/Teacher/admin-table.php 第 79 行.
NOTIC: [8] Undefined index: id /Applications/XAMPP/xamppfiles/htdocs/lookup/Application/Amaze/View/admin/Teacher/admin-table.php 第 59 行.
NOTIC: [8] Undefined index: id /Applications/XAMPP/xamppfiles/htdocs/lookup/Application/Amaze/View/admin/Teacher/admin-table.php 第 61 行.
NOTIC: [8] Undefined index: group_name /Applications/XAMPP/xamppfiles/htdocs/lookup/Application/Amaze/View/admin/Teacher/admin-table.php 第 73 行.
NOTIC: [8] Undefined index: admin_name /Applications/XAMPP/xamppfiles/htdocs/lookup/Application/Amaze/View/admin/Teacher/admin-table.php 第 73 行.
NOTIC: [8] Undefined index: id /Applications/XAMPP/xamppfiles/htdocs/lookup/Application/Amaze/View/admin/Teacher/admin-table.php 第 77 行.
NOTIC: [8] Undefined index: id /Applications/XAMPP/xamppfiles/htdocs/lookup/Application/Amaze/View/admin/Teacher/admin-table.php 第 78 行.
NOTIC: [8] Undefined index: id /Applications/XAMPP/xamppfiles/htdocs/lookup/Application/Amaze/View/admin/Teacher/admin-table.php 第 79 行.
NOTIC: [8] Undefined index: id /Applications/XAMPP/xamppfiles/htdocs/lookup/Application/Amaze/View/admin/Teacher/admin-table.php 第 59 行.
NOTIC: [8] Undefined index: id /Applications/XAMPP/xamppfiles/htdocs/lookup/Application/Amaze/View/admin/Teacher/admin-table.php 第 61 行.
NOTIC: [8] Undefined index: group_name /Applications/XAMPP/xamppfiles/htdocs/lookup/Application/Amaze/View/admin/Teacher/admin-table.php 第 73 行.
NOTIC: [8] Undefined index: admin_name /Applications/XAMPP/xamppfiles/htdocs/lookup/Application/Amaze/View/admin/Teacher/admin-table.php 第 73 行.
NOTIC: [8] Undefined index: id /Applications/XAMPP/xamppfiles/htdocs/lookup/Application/Amaze/View/admin/Teacher/admin-table.php 第 77 行.
NOTIC: [8] Undefined index: id /Applications/XAMPP/xamppfiles/htdocs/lookup/Application/Amaze/View/admin/Teacher/admin-table.php 第 78 行.
NOTIC: [8] Undefined index: id /Applications/XAMPP/xamppfiles/htdocs/lookup/Application/Amaze/View/admin/Teacher/admin-table.php 第 79 行.
INFO: [ view_filter ] --START--
INFO: Run Behavior\WriteHtmlCacheBehavior [ RunTime:0.000101s ]
INFO: [ view_filter ] --END-- [ RunTime:0.000126s ]
INFO: [ app_end ] --START--
INFO: Run Behavior\ShowPageTraceBehavior [ RunTime:0.000314s ]
INFO: [ app_end ] --END-- [ RunTime:0.000354s ]

[ 2015-12-17T14:49:42+08:00 ] ::1 /lookup/index.php/Amaze/Teacher/listUser.html
INFO: [ app_init ] --START--
INFO: Run Behavior\BuildLiteBehavior [ RunTime:0.000010s ]
INFO: [ app_init ] --END-- [ RunTime:0.000216s ]
INFO: [ app_begin ] --START--
INFO: Run Behavior\ReadHtmlCacheBehavior [ RunTime:0.000305s ]
INFO: [ app_begin ] --END-- [ RunTime:0.000350s ]
SQL: select t.good,t.bad,t.name,t.pic,t.school_name,t.description,t.create_time,
    					count(c.examiner) as comment_num
    				    from examiner as t left join comment as c on c.examiner=t.id 
    				    group by t.id order by count(c.examiner) [ RunTime:0.0004s ]
NOTIC: [8] Undefined index: id /Applications/XAMPP/xamppfiles/htdocs/lookup/Application/Amaze/View/admin/Teacher/admin-table.php 第 59 行.
NOTIC: [8] Undefined index: id /Applications/XAMPP/xamppfiles/htdocs/lookup/Application/Amaze/View/admin/Teacher/admin-table.php 第 61 行.
NOTIC: [8] Undefined index: group_name /Applications/XAMPP/xamppfiles/htdocs/lookup/Application/Amaze/View/admin/Teacher/admin-table.php 第 73 行.
NOTIC: [8] Undefined index: admin_name /Applications/XAMPP/xamppfiles/htdocs/lookup/Application/Amaze/View/admin/Teacher/admin-table.php 第 73 行.
NOTIC: [8] Undefined index: id /Applications/XAMPP/xamppfiles/htdocs/lookup/Application/Amaze/View/admin/Teacher/admin-table.php 第 77 行.
NOTIC: [8] Undefined index: id /Applications/XAMPP/xamppfiles/htdocs/lookup/Application/Amaze/View/admin/Teacher/admin-table.php 第 78 行.
NOTIC: [8] Undefined index: id /Applications/XAMPP/xamppfiles/htdocs/lookup/Application/Amaze/View/admin/Teacher/admin-table.php 第 59 行.
NOTIC: [8] Undefined index: id /Applications/XAMPP/xamppfiles/htdocs/lookup/Application/Amaze/View/admin/Teacher/admin-table.php 第 61 行.
NOTIC: [8] Undefined index: group_name /Applications/XAMPP/xamppfiles/htdocs/lookup/Application/Amaze/View/admin/Teacher/admin-table.php 第 73 行.
NOTIC: [8] Undefined index: admin_name /Applications/XAMPP/xamppfiles/htdocs/lookup/Application/Amaze/View/admin/Teacher/admin-table.php 第 73 行.
NOTIC: [8] Undefined index: id /Applications/XAMPP/xamppfiles/htdocs/lookup/Application/Amaze/View/admin/Teacher/admin-table.php 第 77 行.
NOTIC: [8] Undefined index: id /Applications/XAMPP/xamppfiles/htdocs/lookup/Application/Amaze/View/admin/Teacher/admin-table.php 第 78 行.
NOTIC: [8] Undefined index: id /Applications/XAMPP/xamppfiles/htdocs/lookup/Application/Amaze/View/admin/Teacher/admin-table.php 第 59 行.
NOTIC: [8] Undefined index: id /Applications/XAMPP/xamppfiles/htdocs/lookup/Application/Amaze/View/admin/Teacher/admin-table.php 第 61 行.
NOTIC: [8] Undefined index: group_name /Applications/XAMPP/xamppfiles/htdocs/lookup/Application/Amaze/View/admin/Teacher/admin-table.php 第 73 行.
NOTIC: [8] Undefined index: admin_name /Applications/XAMPP/xamppfiles/htdocs/lookup/Application/Amaze/View/admin/Teacher/admin-table.php 第 73 行.
NOTIC: [8] Undefined index: id /Applications/XAMPP/xamppfiles/htdocs/lookup/Application/Amaze/View/admin/Teacher/admin-table.php 第 77 行.
NOTIC: [8] Undefined index: id /Applications/XAMPP/xamppfiles/htdocs/lookup/Application/Amaze/View/admin/Teacher/admin-table.php 第 78 行.
INFO: [ view_filter ] --START--
INFO: Run Behavior\WriteHtmlCacheBehavior [ RunTime:0.000444s ]
INFO: [ view_filter ] --END-- [ RunTime:0.000496s ]
INFO: [ app_end ] --START--
INFO: Run Behavior\ShowPageTraceBehavior [ RunTime:0.002569s ]
INFO: [ app_end ] --END-- [ RunTime:0.002615s ]

[ 2015-12-17T14:49:46+08:00 ] ::1 /lookup/index.php/Amaze/Teacher/editTeacher.html?tid=
INFO: [ app_init ] --START--
INFO: Run Behavior\BuildLiteBehavior [ RunTime:0.000010s ]
INFO: [ app_init ] --END-- [ RunTime:0.000220s ]
INFO: [ app_begin ] --START--
INFO: Run Behavior\ReadHtmlCacheBehavior [ RunTime:0.000240s ]
INFO: [ app_begin ] --END-- [ RunTime:0.000267s ]
SQL: SHOW COLUMNS FROM `examiner` [ RunTime:0.0017s ]
SQL: SELECT * FROM `examiner` WHERE `id` = 0 LIMIT 1   [ RunTime:0.0003s ]
INFO: [ view_filter ] --START--
INFO: Run Behavior\WriteHtmlCacheBehavior [ RunTime:0.000126s ]
INFO: [ view_filter ] --END-- [ RunTime:0.000170s ]

[ 2015-12-17T14:50:50+08:00 ] ::1 /lookup/index.php/Amaze/Teacher/editTeacher.html?tid=
INFO: [ app_init ] --START--
INFO: Run Behavior\BuildLiteBehavior [ RunTime:0.000009s ]
INFO: [ app_init ] --END-- [ RunTime:0.000217s ]
INFO: [ app_begin ] --START--
INFO: Run Behavior\ReadHtmlCacheBehavior [ RunTime:0.000267s ]
INFO: [ app_begin ] --END-- [ RunTime:0.000297s ]
SQL: SHOW COLUMNS FROM `examiner` [ RunTime:0.0017s ]

[ 2015-12-17T14:52:00+08:00 ] ::1 /lookup/index.php/Amaze/Teacher/listUser.html
INFO: [ app_init ] --START--
INFO: Run Behavior\BuildLiteBehavior [ RunTime:0.000010s ]
INFO: [ app_init ] --END-- [ RunTime:0.000208s ]
INFO: [ app_begin ] --START--
INFO: Run Behavior\ReadHtmlCacheBehavior [ RunTime:0.000246s ]
INFO: [ app_begin ] --END-- [ RunTime:0.000273s ]
SQL: select t.id,t.good,t.bad,t.name,t.pic,t.school_name,t.description,t.create_time,
    					count(c.examiner) as comment_num
    				    from examiner as t left join comment as c on c.examiner=t.id 
    				    group by t.id order by count(c.examiner) [ RunTime:0.0004s ]
NOTIC: [8] Undefined index: group_name /Applications/XAMPP/xamppfiles/htdocs/lookup/Application/Amaze/View/admin/Teacher/admin-table.php 第 73 行.
NOTIC: [8] Undefined index: admin_name /Applications/XAMPP/xamppfiles/htdocs/lookup/Application/Amaze/View/admin/Teacher/admin-table.php 第 73 行.
NOTIC: [8] Undefined index: group_name /Applications/XAMPP/xamppfiles/htdocs/lookup/Application/Amaze/View/admin/Teacher/admin-table.php 第 73 行.
NOTIC: [8] Undefined index: admin_name /Applications/XAMPP/xamppfiles/htdocs/lookup/Application/Amaze/View/admin/Teacher/admin-table.php 第 73 行.
NOTIC: [8] Undefined index: group_name /Applications/XAMPP/xamppfiles/htdocs/lookup/Application/Amaze/View/admin/Teacher/admin-table.php 第 73 行.
NOTIC: [8] Undefined index: admin_name /Applications/XAMPP/xamppfiles/htdocs/lookup/Application/Amaze/View/admin/Teacher/admin-table.php 第 73 行.
INFO: [ view_filter ] --START--
INFO: Run Behavior\WriteHtmlCacheBehavior [ RunTime:0.000110s ]
INFO: [ view_filter ] --END-- [ RunTime:0.000140s ]
INFO: [ app_end ] --START--
INFO: Run Behavior\ShowPageTraceBehavior [ RunTime:0.000543s ]
INFO: [ app_end ] --END-- [ RunTime:0.000631s ]

[ 2015-12-17T14:52:03+08:00 ] ::1 /lookup/index.php/Amaze/Teacher/editTeacher.html?tid=2
INFO: [ app_init ] --START--
INFO: Run Behavior\BuildLiteBehavior [ RunTime:0.000015s ]
INFO: [ app_init ] --END-- [ RunTime:0.000385s ]
INFO: [ app_begin ] --START--
INFO: Run Behavior\ReadHtmlCacheBehavior [ RunTime:0.000417s ]
INFO: [ app_begin ] --END-- [ RunTime:0.000466s ]
SQL: SHOW COLUMNS FROM `examiner` [ RunTime:0.0019s ]

[ 2015-12-17T14:52:16+08:00 ] ::1 /lookup/index.php/Amaze/Teacher/editTeacher.html?tid=2
INFO: [ app_init ] --START--
INFO: Run Behavior\BuildLiteBehavior [ RunTime:0.000008s ]
INFO: [ app_init ] --END-- [ RunTime:0.000186s ]
INFO: [ app_begin ] --START--
INFO: Run Behavior\ReadHtmlCacheBehavior [ RunTime:0.000228s ]
INFO: [ app_begin ] --END-- [ RunTime:0.000254s ]
SQL: SHOW COLUMNS FROM `examiner` [ RunTime:0.0010s ]

[ 2015-12-17T14:52:17+08:00 ] ::1 /lookup/index.php/Amaze/Teacher/editTeacher.html?tid=2
INFO: [ app_init ] --START--
INFO: Run Behavior\BuildLiteBehavior [ RunTime:0.000008s ]
INFO: [ app_init ] --END-- [ RunTime:0.000186s ]
INFO: [ app_begin ] --START--
INFO: Run Behavior\ReadHtmlCacheBehavior [ RunTime:0.000232s ]
INFO: [ app_begin ] --END-- [ RunTime:0.000259s ]
SQL: SHOW COLUMNS FROM `examiner` [ RunTime:0.0010s ]

[ 2015-12-17T14:52:21+08:00 ] ::1 /lookup/index.php/Amaze/Teacher/editTeacher.html?tid=2
INFO: [ app_init ] --START--
INFO: Run Behavior\BuildLiteBehavior [ RunTime:0.000009s ]
INFO: [ app_init ] --END-- [ RunTime:0.000195s ]
INFO: [ app_begin ] --START--
INFO: Run Behavior\ReadHtmlCacheBehavior [ RunTime:0.000259s ]
INFO: [ app_begin ] --END-- [ RunTime:0.000303s ]
SQL: SHOW COLUMNS FROM `examiner` [ RunTime:0.0017s ]

[ 2015-12-17T14:52:50+08:00 ] ::1 /lookup/index.php/Amaze/Teacher/editTeacher.html?tid=2
INFO: [ app_init ] --START--
INFO: Run Behavior\BuildLiteBehavior [ RunTime:0.000010s ]
INFO: [ app_init ] --END-- [ RunTime:0.000198s ]
INFO: [ app_begin ] --START--
INFO: Run Behavior\ReadHtmlCacheBehavior [ RunTime:0.000232s ]
INFO: [ app_begin ] --END-- [ RunTime:0.000258s ]
SQL: SHOW COLUMNS FROM `examiner` [ RunTime:0.0010s ]
SQL: SELECT * FROM `examiner` WHERE `id` = 2 LIMIT 1   [ RunTime:0.0003s ]
INFO: [ view_filter ] --START--
INFO: Run Behavior\WriteHtmlCacheBehavior [ RunTime:0.000111s ]
INFO: [ view_filter ] --END-- [ RunTime:0.000144s ]
INFO: [ app_end ] --START--
INFO: Run Behavior\ShowPageTraceBehavior [ RunTime:0.000347s ]
INFO: [ app_end ] --END-- [ RunTime:0.000379s ]

[ 2015-12-17T14:53:16+08:00 ] ::1 /lookup/index.php/Amaze/Teacher/changeTeachePic.html
INFO: [ app_init ] --START--
INFO: Run Behavior\BuildLiteBehavior [ RunTime:0.000009s ]
INFO: [ app_init ] --END-- [ RunTime:0.000205s ]
INFO: [ app_begin ] --START--
INFO: Run Behavior\ReadHtmlCacheBehavior [ RunTime:0.000243s ]
INFO: [ app_begin ] --END-- [ RunTime:0.000272s ]
NOTIC: [8] Undefined variable: pic /Applications/XAMPP/xamppfiles/htdocs/lookup/Application/Amaze/Controller/TeacherController.class.php 第 117 行.

[ 2015-12-17T14:54:18+08:00 ] ::1 /lookup/index.php/Amaze/Teacher/changeTeachePic.html
INFO: [ app_init ] --START--
INFO: Run Behavior\BuildLiteBehavior [ RunTime:0.000008s ]
INFO: [ app_init ] --END-- [ RunTime:0.000185s ]
INFO: [ app_begin ] --START--
INFO: Run Behavior\ReadHtmlCacheBehavior [ RunTime:0.000227s ]
INFO: [ app_begin ] --END-- [ RunTime:0.000253s ]

[ 2015-12-17T14:57:05+08:00 ] ::1 /lookup/index.php/Amaze/Teacher/changeTeachePic.html
INFO: [ app_init ] --START--
INFO: Run Behavior\BuildLiteBehavior [ RunTime:0.000009s ]
INFO: [ app_init ] --END-- [ RunTime:0.000208s ]
INFO: [ app_begin ] --START--
INFO: Run Behavior\ReadHtmlCacheBehavior [ RunTime:0.000265s ]
INFO: [ app_begin ] --END-- [ RunTime:0.000298s ]

[ 2015-12-17T14:58:30+08:00 ] ::1 /lookup/index.php/Amaze/Teacher/changeTeachePic.html
INFO: [ app_init ] --START--
INFO: Run Behavior\BuildLiteBehavior [ RunTime:0.000014s ]
INFO: [ app_init ] --END-- [ RunTime:0.000550s ]
INFO: [ app_begin ] --START--
INFO: Run Behavior\ReadHtmlCacheBehavior [ RunTime:0.000570s ]
INFO: [ app_begin ] --END-- [ RunTime:0.000617s ]
INFO: [ view_filter ] --START--
INFO: Run Behavior\WriteHtmlCacheBehavior [ RunTime:0.000459s ]
INFO: [ view_filter ] --END-- [ RunTime:0.000518s ]

[ 2015-12-17T14:58:37+08:00 ] ::1 /lookup/index.php/Amaze/Teacher/changeTeachePic.html
INFO: [ app_init ] --START--
INFO: Run Behavior\BuildLiteBehavior [ RunTime:0.000009s ]
INFO: [ app_init ] --END-- [ RunTime:0.000206s ]
INFO: [ app_begin ] --START--
INFO: Run Behavior\ReadHtmlCacheBehavior [ RunTime:0.000289s ]
INFO: [ app_begin ] --END-- [ RunTime:0.000316s ]

[ 2015-12-17T14:59:05+08:00 ] ::1 /lookup/index.php/Amaze/Teacher/changeTeachePic.html
INFO: [ app_init ] --START--
INFO: Run Behavior\BuildLiteBehavior [ RunTime:0.000008s ]
INFO: [ app_init ] --END-- [ RunTime:0.000190s ]
INFO: [ app_begin ] --START--
INFO: Run Behavior\ReadHtmlCacheBehavior [ RunTime:0.000227s ]
INFO: [ app_begin ] --END-- [ RunTime:0.000256s ]
NOTIC: [2] call_user_func() expects parameter 1 to be a valid callback, no array or string given /Applications/XAMPP/xamppfiles/htdocs/lookup/ThinkPHP/Library/Think/Upload.class.php 第 170 行.

[ 2015-12-17T15:09:12+08:00 ] ::1 /lookup/index.php/Amaze/Teacher/listUser.html
INFO: [ app_init ] --START--
INFO: Run Behavior\BuildLiteBehavior [ RunTime:0.000010s ]
INFO: [ app_init ] --END-- [ RunTime:0.000210s ]
INFO: [ app_begin ] --START--
INFO: Run Behavior\ReadHtmlCacheBehavior [ RunTime:0.000262s ]
INFO: [ app_begin ] --END-- [ RunTime:0.000293s ]
SQL: select t.id,t.good,t.bad,t.name,t.pic,t.school_name,t.description,t.create_time,
    					count(c.examiner) as comment_num
    				    from examiner as t left join comment as c on c.examiner=t.id 
    				    group by t.id order by count(c.examiner) [ RunTime:0.0004s ]
NOTIC: [8] Undefined index: group_name /Applications/XAMPP/xamppfiles/htdocs/lookup/Application/Amaze/View/admin/Teacher/admin-table.php 第 73 行.
NOTIC: [8] Undefined index: admin_name /Applications/XAMPP/xamppfiles/htdocs/lookup/Application/Amaze/View/admin/Teacher/admin-table.php 第 73 行.
NOTIC: [8] Undefined index: group_name /Applications/XAMPP/xamppfiles/htdocs/lookup/Application/Amaze/View/admin/Teacher/admin-table.php 第 73 行.
NOTIC: [8] Undefined index: admin_name /Applications/XAMPP/xamppfiles/htdocs/lookup/Application/Amaze/View/admin/Teacher/admin-table.php 第 73 行.
NOTIC: [8] Undefined index: group_name /Applications/XAMPP/xamppfiles/htdocs/lookup/Application/Amaze/View/admin/Teacher/admin-table.php 第 73 行.
NOTIC: [8] Undefined index: admin_name /Applications/XAMPP/xamppfiles/htdocs/lookup/Application/Amaze/View/admin/Teacher/admin-table.php 第 73 行.
INFO: [ view_filter ] --START--
INFO: Run Behavior\WriteHtmlCacheBehavior [ RunTime:0.000153s ]
INFO: [ view_filter ] --END-- [ RunTime:0.000183s ]
INFO: [ app_end ] --START--
INFO: Run Behavior\ShowPageTraceBehavior [ RunTime:0.000716s ]
INFO: [ app_end ] --END-- [ RunTime:0.000775s ]

[ 2015-12-17T15:09:15+08:00 ] ::1 /lookup/index.php/Amaze/Teacher/editTeacher.html?tid=1
INFO: [ app_init ] --START--
INFO: Run Behavior\BuildLiteBehavior [ RunTime:0.000009s ]
INFO: [ app_init ] --END-- [ RunTime:0.000187s ]
INFO: [ app_begin ] --START--
INFO: Run Behavior\ReadHtmlCacheBehavior [ RunTime:0.000237s ]
INFO: [ app_begin ] --END-- [ RunTime:0.000264s ]
SQL: SHOW COLUMNS FROM `examiner` [ RunTime:0.0018s ]
SQL: SELECT * FROM `examiner` WHERE `id` = 1 LIMIT 1   [ RunTime:0.0003s ]
INFO: [ view_filter ] --START--
INFO: Run Behavior\WriteHtmlCacheBehavior [ RunTime:0.000112s ]
INFO: [ view_filter ] --END-- [ RunTime:0.000154s ]
INFO: [ app_end ] --START--
INFO: Run Behavior\ShowPageTraceBehavior [ RunTime:0.000343s ]
INFO: [ app_end ] --END-- [ RunTime:0.000391s ]

[ 2015-12-17T15:09:24+08:00 ] ::1 /lookup/index.php/Amaze/Teacher/updateTeacher.html
INFO: [ app_init ] --START--
INFO: Run Behavior\BuildLiteBehavior [ RunTime:0.000014s ]
INFO: [ app_init ] --END-- [ RunTime:0.000252s ]
INFO: [ app_begin ] --START--
INFO: Run Behavior\ReadHtmlCacheBehavior [ RunTime:0.000370s ]
INFO: [ app_begin ] --END-- [ RunTime:0.000413s ]
SQL: SHOW COLUMNS FROM `examiner` [ RunTime:0.0009s ]
SQL: SELECT * FROM `examiner` WHERE `id` = 1 LIMIT 1   [ RunTime:0.0003s ]
SQL: UPDATE `examiner` SET `name`='陈昭',`description`='播音主持学院分团委书记' WHERE `id` = 1 [ RunTime:0.0012s ]
INFO: [ view_filter ] --START--
INFO: Run Behavior\WriteHtmlCacheBehavior [ RunTime:0.000119s ]
INFO: [ view_filter ] --END-- [ RunTime:0.000152s ]
INFO: [ view_filter ] --START--
INFO: Run Behavior\WriteHtmlCacheBehavior [ RunTime:0.000006s ]
INFO: [ view_filter ] --END-- [ RunTime:-0.000117s ]

[ 2015-12-17T15:09:25+08:00 ] ::1 /lookup/index.php/Amaze/Teacher/listUser
INFO: [ app_init ] --START--
INFO: Run Behavior\BuildLiteBehavior [ RunTime:0.000008s ]
INFO: [ app_init ] --END-- [ RunTime:0.000184s ]
INFO: [ app_begin ] --START--
INFO: Run Behavior\ReadHtmlCacheBehavior [ RunTime:0.000225s ]
INFO: [ app_begin ] --END-- [ RunTime:0.000251s ]
SQL: select t.id,t.good,t.bad,t.name,t.pic,t.school_name,t.description,t.create_time,
    					count(c.examiner) as comment_num
    				    from examiner as t left join comment as c on c.examiner=t.id 
    				    group by t.id order by count(c.examiner) [ RunTime:0.0004s ]
NOTIC: [8] Undefined index: group_name /Applications/XAMPP/xamppfiles/htdocs/lookup/Application/Amaze/View/admin/Teacher/admin-table.php 第 73 行.
NOTIC: [8] Undefined index: admin_name /Applications/XAMPP/xamppfiles/htdocs/lookup/Application/Amaze/View/admin/Teacher/admin-table.php 第 73 行.
NOTIC: [8] Undefined index: group_name /Applications/XAMPP/xamppfiles/htdocs/lookup/Application/Amaze/View/admin/Teacher/admin-table.php 第 73 行.
NOTIC: [8] Undefined index: admin_name /Applications/XAMPP/xamppfiles/htdocs/lookup/Application/Amaze/View/admin/Teacher/admin-table.php 第 73 行.
NOTIC: [8] Undefined index: group_name /Applications/XAMPP/xamppfiles/htdocs/lookup/Application/Amaze/View/admin/Teacher/admin-table.php 第 73 行.
NOTIC: [8] Undefined index: admin_name /Applications/XAMPP/xamppfiles/htdocs/lookup/Application/Amaze/View/admin/Teacher/admin-table.php 第 73 行.
INFO: [ view_filter ] --START--
INFO: Run Behavior\WriteHtmlCacheBehavior [ RunTime:0.000091s ]
INFO: [ view_filter ] --END-- [ RunTime:0.000115s ]
INFO: [ app_end ] --START--
INFO: Run Behavior\ShowPageTraceBehavior [ RunTime:0.000298s ]
INFO: [ app_end ] --END-- [ RunTime:0.000324s ]

[ 2015-12-17T15:53:31+08:00 ] ::1 /lookup/index.php/Amaze/Teacher/toAdd.html
INFO: [ app_init ] --START--
INFO: Run Behavior\BuildLiteBehavior [ RunTime:0.000010s ]
INFO: [ app_init ] --END-- [ RunTime:0.000246s ]
INFO: [ app_begin ] --START--
INFO: Run Behavior\ReadHtmlCacheBehavior [ RunTime:0.000319s ]
INFO: [ app_begin ] --END-- [ RunTime:0.000363s ]
SQL: SHOW COLUMNS FROM `school` [ RunTime:0.0009s ]
SQL: SELECT * FROM `school` ORDER BY create_time desc  [ RunTime:0.0002s ]
INFO: [ view_filter ] --START--
INFO: Run Behavior\WriteHtmlCacheBehavior [ RunTime:0.000441s ]
INFO: [ view_filter ] --END-- [ RunTime:0.000491s ]
INFO: [ app_end ] --START--
INFO: Run Behavior\ShowPageTraceBehavior [ RunTime:0.000838s ]
INFO: [ app_end ] --END-- [ RunTime:0.000914s ]

[ 2015-12-17T15:53:54+08:00 ] ::1 /lookup/index.php/Amaze/Teacher/toAdd.html
INFO: [ app_init ] --START--
INFO: Run Behavior\BuildLiteBehavior [ RunTime:0.000009s ]
INFO: [ app_init ] --END-- [ RunTime:0.000205s ]
INFO: [ app_begin ] --START--
INFO: Run Behavior\ReadHtmlCacheBehavior [ RunTime:0.000252s ]
INFO: [ app_begin ] --END-- [ RunTime:0.000281s ]
SQL: SHOW COLUMNS FROM `school` [ RunTime:0.0011s ]
SQL: SELECT * FROM `school` ORDER BY create_time desc  [ RunTime:0.0002s ]
INFO: [ view_filter ] --START--
INFO: Run Behavior\WriteHtmlCacheBehavior [ RunTime:0.000102s ]
INFO: [ view_filter ] --END-- [ RunTime:0.000134s ]
INFO: [ app_end ] --START--
INFO: Run Behavior\ShowPageTraceBehavior [ RunTime:0.000525s ]
INFO: [ app_end ] --END-- [ RunTime:0.000587s ]

[ 2015-12-17T15:55:52+08:00 ] ::1 /lookup/index.php/Amaze/Teacher/addTeacher.html
INFO: [ app_init ] --START--
INFO: Run Behavior\BuildLiteBehavior [ RunTime:0.000018s ]
INFO: [ app_init ] --END-- [ RunTime:0.000318s ]
INFO: [ app_begin ] --START--
INFO: Run Behavior\ReadHtmlCacheBehavior [ RunTime:0.000340s ]
INFO: [ app_begin ] --END-- [ RunTime:0.000389s ]
SQL: SHOW COLUMNS FROM `examiner` [ RunTime:0.0036s ]
NOTIC: [2] call_user_func() expects parameter 1 to be a valid callback, no array or string given /Applications/XAMPP/xamppfiles/htdocs/lookup/ThinkPHP/Library/Think/Upload.class.php 第 170 行.
SQL: INSERT INTO `examiner` (`name`,`school`,`description`,`good`,`bad`,`pic`) VALUES ('考拉','2','首席执行官','0','0','Upload/teacher/20151217/56726a884a7db.jpg') [ RunTime:0.0266s ]
INFO: [ view_filter ] --START--
INFO: Run Behavior\WriteHtmlCacheBehavior [ RunTime:0.000151s ]
INFO: [ view_filter ] --END-- [ RunTime:0.000199s ]
INFO: [ view_filter ] --START--
INFO: Run Behavior\WriteHtmlCacheBehavior [ RunTime:0.000007s ]
INFO: [ view_filter ] --END-- [ RunTime:-0.000136s ]

[ 2015-12-17T15:55:53+08:00 ] ::1 /lookup/index.php/Amaze/Teacher/listUser
INFO: [ app_init ] --START--
INFO: Run Behavior\BuildLiteBehavior [ RunTime:0.000009s ]
INFO: [ app_init ] --END-- [ RunTime:0.000209s ]
INFO: [ app_begin ] --START--
INFO: Run Behavior\ReadHtmlCacheBehavior [ RunTime:0.000273s ]
INFO: [ app_begin ] --END-- [ RunTime:0.000309s ]
SQL: select t.id,t.good,t.bad,t.name,t.pic,t.school_name,t.description,t.create_time,
    					count(c.examiner) as comment_num
    				    from examiner as t left join comment as c on c.examiner=t.id 
    				    group by t.id order by count(c.examiner) [ RunTime:0.0004s ]
INFO: [ view_filter ] --START--
INFO: Run Behavior\WriteHtmlCacheBehavior [ RunTime:0.000107s ]
INFO: [ view_filter ] --END-- [ RunTime:0.000140s ]
INFO: [ app_end ] --START--
INFO: Run Behavior\ShowPageTraceBehavior [ RunTime:0.000354s ]
INFO: [ app_end ] --END-- [ RunTime:0.000391s ]

[ 2015-12-17T15:56:32+08:00 ] ::1 /lookup/index.php/Amaze/Teacher/listUser
INFO: [ app_init ] --START--
INFO: Run Behavior\BuildLiteBehavior [ RunTime:0.000015s ]
INFO: [ app_init ] --END-- [ RunTime:0.000502s ]
INFO: [ app_begin ] --START--
INFO: Run Behavior\ReadHtmlCacheBehavior [ RunTime:0.000293s ]
INFO: [ app_begin ] --END-- [ RunTime:0.000333s ]
SQL: select t.id,t.good,t.bad,t.name,t.pic,t.school_name,t.description,t.create_time,
    					count(c.examiner) as comment_num
    				    from examiner as t left join comment as c on c.examiner=t.id 
    				    group by t.id order by count(c.examiner) [ RunTime:0.0004s ]
INFO: [ view_filter ] --START--
INFO: Run Behavior\WriteHtmlCacheBehavior [ RunTime:0.000097s ]
INFO: [ view_filter ] --END-- [ RunTime:0.000129s ]
INFO: [ app_end ] --START--
INFO: Run Behavior\ShowPageTraceBehavior [ RunTime:0.000315s ]
INFO: [ app_end ] --END-- [ RunTime:0.000355s ]

[ 2015-12-17T15:56:36+08:00 ] ::1 /lookup/index.php/Amaze/Teacher/addTeacher.html
INFO: [ app_init ] --START--
INFO: Run Behavior\BuildLiteBehavior [ RunTime:0.000008s ]
INFO: [ app_init ] --END-- [ RunTime:0.000184s ]
INFO: [ app_begin ] --START--
INFO: Run Behavior\ReadHtmlCacheBehavior [ RunTime:0.000298s ]
INFO: [ app_begin ] --END-- [ RunTime:0.000336s ]
SQL: SHOW COLUMNS FROM `examiner` [ RunTime:0.0009s ]

[ 2015-12-17T15:58:28+08:00 ] ::1 /lookup/index.php/Amaze/Teacher/listUser.html
INFO: [ app_init ] --START--
INFO: Run Behavior\BuildLiteBehavior [ RunTime:0.000014s ]
INFO: [ app_init ] --END-- [ RunTime:0.000311s ]
INFO: [ app_begin ] --START--
INFO: Run Behavior\ReadHtmlCacheBehavior [ RunTime:0.000307s ]
INFO: [ app_begin ] --END-- [ RunTime:0.000343s ]
SQL: select t.id,t.good,t.bad,t.name,t.pic,t.school_name,t.description,t.create_time,
    					count(c.examiner) as comment_num
    				    from examiner as t left join comment as c on c.examiner=t.id 
    				    group by t.id order by count(c.examiner) [ RunTime:0.0004s ]
INFO: [ view_filter ] --START--
INFO: Run Behavior\WriteHtmlCacheBehavior [ RunTime:0.000117s ]
INFO: [ view_filter ] --END-- [ RunTime:0.000154s ]
INFO: [ app_end ] --START--
INFO: Run Behavior\ShowPageTraceBehavior [ RunTime:0.000361s ]
INFO: [ app_end ] --END-- [ RunTime:0.000408s ]

[ 2015-12-17T16:00:13+08:00 ] ::1 /lookup/index.php/Amaze/Teacher/listUser.html
INFO: [ app_init ] --START--
INFO: Run Behavior\BuildLiteBehavior [ RunTime:0.000011s ]
INFO: [ app_init ] --END-- [ RunTime:0.000249s ]
INFO: [ app_begin ] --START--
INFO: Run Behavior\ReadHtmlCacheBehavior [ RunTime:0.000245s ]
INFO: [ app_begin ] --END-- [ RunTime:0.000273s ]
SQL: select t.id,t.good,t.bad,t.name,t.pic,t.school_name,t.description,t.create_time,
    					count(c.examiner) as comment_num
    				    from examiner as t left join comment as c on c.examiner=t.id 
    				    group by t.id order by count(c.examiner) [ RunTime:0.0006s ]
INFO: [ view_filter ] --START--
INFO: Run Behavior\WriteHtmlCacheBehavior [ RunTime:0.000105s ]
INFO: [ view_filter ] --END-- [ RunTime:0.000153s ]
INFO: [ app_end ] --START--
INFO: Run Behavior\ShowPageTraceBehavior [ RunTime:0.000436s ]
INFO: [ app_end ] --END-- [ RunTime:0.000522s ]

